  0%|          | 0/10 [00:00<?, ?it/s]  0%|          | 0/10 [00:14<?, ?it/s]
Traceback (most recent call last):
  File "/projects/ecptr/Espace_GIT/Espace_Dylan/Chef-D-oeuvre-ECPTR-/Open-3DULM-main/scripts/open_3D_ulm_main_torch.py", line 323, in <module>
    run(
  File "/projects/ecptr/Espace_GIT/Espace_Dylan/Chef-D-oeuvre-ECPTR-/Open-3DULM-main/scripts/open_3D_ulm_main_torch.py", line 235, in run
    compute_bloc(
  File "/projects/ecptr/Espace_GIT/Espace_Dylan/Chef-D-oeuvre-ECPTR-/Open-3DULM-main/scripts/open_3D_ulm_main_torch.py", line 122, in compute_bloc
    localizations = ulm_pipeline.super_localization(iq_before_loc)
                    ^^^^^^^^^^^^^^^^^^^^^^^^^^^^^^^^^^^^^^^^^^^^^^
  File "/projects/ecptr/Espace_GIT/Espace_Dylan/Chef-D-oeuvre-ECPTR-/Open-3DULM-main/src/ulm3d/ulm_torch.py", line 313, in super_localization
    sub_pos = radial_symmetry_center_3d_torch(intensity_roi_torch)
              ^^^^^^^^^^^^^^^^^^^^^^^^^^^^^^^^^^^^^^^^^^^^^^^^^^^^
  File "/projects/ecptr/Espace_GIT/Espace_Dylan/Chef-D-oeuvre-ECPTR-/Open-3DULM-main/src/ulm3d/loc/radial_symmetry_center_torch.py", line 79, in radial_symmetry_center_3d_torch
    guess_0 = torch.einsum("ijk,i->", mag_dI, v0[:-1]) / sdI3
              ^^^^^^^^^^^^^^^^^^^^^^^^^^^^^^^^^^^^^^^^
  File "/usr/local/lib/python3.12/dist-packages/torch/functional.py", line 407, in einsum
    return _VF.einsum(equation, operands)  # type: ignore[attr-defined]
           ^^^^^^^^^^^^^^^^^^^^^^^^^^^^^^
RuntimeError: einsum(): subscript i has size 5 for operand 1 which does not broadcast with previously seen size 6
srun: error: r9ng-8000-3: task 0: Exited with exit code 1
