  0%|          | 0/10 [00:00<?, ?it/s]/usr/local/lib/python3.12/dist-packages/torch/cuda/__init__.py:210: UserWarning: 
    Found GPU0 NVIDIA GeForce GTX 1080 Ti which is of cuda capability 6.1.
    PyTorch no longer supports this GPU because it is too old.
    The minimum cuda capability supported by this library is 7.5.
    
  warnings.warn(
/usr/local/lib/python3.12/dist-packages/torch/cuda/__init__.py:235: UserWarning: 
NVIDIA GeForce GTX 1080 Ti with CUDA capability sm_61 is not compatible with the current PyTorch installation.
The current PyTorch install supports CUDA capabilities sm_75 sm_80 sm_86 sm_90 sm_100 sm_120 compute_120.
If you want to use the NVIDIA GeForce GTX 1080 Ti GPU with PyTorch, please check the instructions at https://pytorch.org/get-started/locally/

  warnings.warn(
  0%|          | 0/10 [00:30<?, ?it/s]
Traceback (most recent call last):
  File "/projects/ecptr/Espace_GIT/Espace_Dylan/Chef-D-oeuvre-ECPTR-/Open-3DULM-main/scripts/open_3D_ulm_main_torch.py", line 323, in <module>
    run(
  File "/projects/ecptr/Espace_GIT/Espace_Dylan/Chef-D-oeuvre-ECPTR-/Open-3DULM-main/scripts/open_3D_ulm_main_torch.py", line 235, in run
    compute_bloc(
  File "/projects/ecptr/Espace_GIT/Espace_Dylan/Chef-D-oeuvre-ECPTR-/Open-3DULM-main/scripts/open_3D_ulm_main_torch.py", line 122, in compute_bloc
    localizations = ulm_pipeline.super_localization(iq_before_loc)
                    ^^^^^^^^^^^^^^^^^^^^^^^^^^^^^^^^^^^^^^^^^^^^^^
  File "/projects/ecptr/Espace_GIT/Espace_Dylan/Chef-D-oeuvre-ECPTR-/Open-3DULM-main/src/ulm3d/ulm_torch.py", line 313, in super_localization
    sub_pos = radial_symmetry_center_3d_torch(intensity_roi_torch)
              ^^^^^^^^^^^^^^^^^^^^^^^^^^^^^^^^^^^^^^^^^^^^^^^^^^^^
  File "/projects/ecptr/Espace_GIT/Espace_Dylan/Chef-D-oeuvre-ECPTR-/Open-3DULM-main/src/ulm3d/loc/radial_symmetry_center_torch.py", line 39, in radial_symmetry_center_3d_torch
    v0 = torch.arange(
         ^^^^^^^^^^^^^
RuntimeError: CUDA error: no kernel image is available for execution on the device
CUDA kernel errors might be asynchronously reported at some other API call, so the stacktrace below might be incorrect.
For debugging consider passing CUDA_LAUNCH_BLOCKING=1
Compile with `TORCH_USE_CUDA_DSA` to enable device-side assertions.

srun: error: r9ng-1080-2: task 0: Exited with exit code 1
