[1mCHEMINS DEFINIS EN DUR DANS LE SCRIPT[0m
[1mConfig file: /projects/ecptr/Open-3DULM-main-test/config/basic_config.yaml[0m
[1m400 IQ files générés: /projects/ecptr/3D_ULM_Data (/projects/ecptr/3D_ULM_Data/IQ001.mat...)[0m
[1mOutput dir: /projects/ecptr/results/config_159[0m
[1mUse default number of workers 1[0m
[32m[1mOutput folders created at /projects/ecptr/results/config_159[0m
[1mInitializing ULM pipeline...[0m
[1mmax_gap_closing: 0[0m
[1mmax_linking_distance_dist: 0.159424 (~1.2 voxel)[0m
[1mmin_track_len: 19[0m
[1mCompute Power Doppler on 2 blocs.[0m
[1mStart processing (single thread)[0m

INSPECTION DE LA STRUCTURE 'tracks' (Bloc 0)
---------------------------------------------------
1. Type de l'objet 'tracks' : <class 'list'>
2. Nombre d'éléments dans 'tracks' : 2
3. Contenu de tracks[0] (Raw Tracks) :
   - Type : <class 'numpy.ndarray'>
   - Quantité : 8489
4. Contenu de tracks[1] (Interpolated Tracks) :
   - Type : <class 'numpy.ndarray'>
   - Shape (Dimensions) : (3407,)
---------------------------------------------------


INSPECTION DE LA STRUCTURE 'tracks' (Bloc 1)
---------------------------------------------------
1. Type de l'objet 'tracks' : <class 'list'>
2. Nombre d'éléments dans 'tracks' : 2
3. Contenu de tracks[0] (Raw Tracks) :
   - Type : <class 'numpy.ndarray'>
   - Quantité : 8731
4. Contenu de tracks[1] (Interpolated Tracks) :
   - Type : <class 'numpy.ndarray'>
   - Shape (Dimensions) : (3847,)
---------------------------------------------------


INSPECTION DE LA STRUCTURE 'tracks' (Bloc 2)
---------------------------------------------------
1. Type de l'objet 'tracks' : <class 'list'>
2. Nombre d'éléments dans 'tracks' : 2
3. Contenu de tracks[0] (Raw Tracks) :
   - Type : <class 'numpy.ndarray'>
   - Quantité : 9151
4. Contenu de tracks[1] (Interpolated Tracks) :
   - Type : <class 'numpy.ndarray'>
   - Shape (Dimensions) : (3628,)
---------------------------------------------------


INSPECTION DE LA STRUCTURE 'tracks' (Bloc 3)
---------------------------------------------------
1. Type de l'objet 'tracks' : <class 'list'>
2. Nombre d'éléments dans 'tracks' : 2
3. Contenu de tracks[0] (Raw Tracks) :
   - Type : <class 'numpy.ndarray'>
   - Quantité : 5064
4. Contenu de tracks[1] (Interpolated Tracks) :
   - Type : <class 'numpy.ndarray'>
   - Shape (Dimensions) : (2632,)
---------------------------------------------------


INSPECTION DE LA STRUCTURE 'tracks' (Bloc 4)
---------------------------------------------------
1. Type de l'objet 'tracks' : <class 'list'>
2. Nombre d'éléments dans 'tracks' : 2
3. Contenu de tracks[0] (Raw Tracks) :
   - Type : <class 'numpy.ndarray'>
   - Quantité : 6469
4. Contenu de tracks[1] (Interpolated Tracks) :
   - Type : <class 'numpy.ndarray'>
   - Shape (Dimensions) : (2571,)
---------------------------------------------------


INSPECTION DE LA STRUCTURE 'tracks' (Bloc 5)
---------------------------------------------------
1. Type de l'objet 'tracks' : <class 'list'>
2. Nombre d'éléments dans 'tracks' : 2
3. Contenu de tracks[0] (Raw Tracks) :
   - Type : <class 'numpy.ndarray'>
   - Quantité : 7551
4. Contenu de tracks[1] (Interpolated Tracks) :
   - Type : <class 'numpy.ndarray'>
   - Shape (Dimensions) : (3264,)
---------------------------------------------------


INSPECTION DE LA STRUCTURE 'tracks' (Bloc 6)
---------------------------------------------------
1. Type de l'objet 'tracks' : <class 'list'>
2. Nombre d'éléments dans 'tracks' : 2
3. Contenu de tracks[0] (Raw Tracks) :
   - Type : <class 'numpy.ndarray'>
   - Quantité : 3716
4. Contenu de tracks[1] (Interpolated Tracks) :
   - Type : <class 'numpy.ndarray'>
   - Shape (Dimensions) : (1784,)
---------------------------------------------------


INSPECTION DE LA STRUCTURE 'tracks' (Bloc 7)
---------------------------------------------------
1. Type de l'objet 'tracks' : <class 'list'>
2. Nombre d'éléments dans 'tracks' : 2
3. Contenu de tracks[0] (Raw Tracks) :
   - Type : <class 'numpy.ndarray'>
   - Quantité : 7749
4. Contenu de tracks[1] (Interpolated Tracks) :
   - Type : <class 'numpy.ndarray'>
   - Shape (Dimensions) : (3286,)
---------------------------------------------------


INSPECTION DE LA STRUCTURE 'tracks' (Bloc 8)
---------------------------------------------------
1. Type de l'objet 'tracks' : <class 'list'>
2. Nombre d'éléments dans 'tracks' : 2
3. Contenu de tracks[0] (Raw Tracks) :
   - Type : <class 'numpy.ndarray'>
   - Quantité : 6027
4. Contenu de tracks[1] (Interpolated Tracks) :
   - Type : <class 'numpy.ndarray'>
   - Shape (Dimensions) : (2446,)
---------------------------------------------------


INSPECTION DE LA STRUCTURE 'tracks' (Bloc 9)
---------------------------------------------------
1. Type de l'objet 'tracks' : <class 'list'>
2. Nombre d'éléments dans 'tracks' : 2
3. Contenu de tracks[0] (Raw Tracks) :
   - Type : <class 'numpy.ndarray'>
   - Quantité : 7674
4. Contenu de tracks[1] (Interpolated Tracks) :
   - Type : <class 'numpy.ndarray'>
   - Shape (Dimensions) : (3047,)
---------------------------------------------------


INSPECTION DE LA STRUCTURE 'tracks' (Bloc 10)
---------------------------------------------------
1. Type de l'objet 'tracks' : <class 'list'>
2. Nombre d'éléments dans 'tracks' : 2
3. Contenu de tracks[0] (Raw Tracks) :
   - Type : <class 'numpy.ndarray'>
   - Quantité : 6599
4. Contenu de tracks[1] (Interpolated Tracks) :
   - Type : <class 'numpy.ndarray'>
   - Shape (Dimensions) : (3318,)
---------------------------------------------------


INSPECTION DE LA STRUCTURE 'tracks' (Bloc 11)
---------------------------------------------------
1. Type de l'objet 'tracks' : <class 'list'>
2. Nombre d'éléments dans 'tracks' : 2
3. Contenu de tracks[0] (Raw Tracks) :
   - Type : <class 'numpy.ndarray'>
   - Quantité : 5310
4. Contenu de tracks[1] (Interpolated Tracks) :
   - Type : <class 'numpy.ndarray'>
   - Shape (Dimensions) : (2394,)
---------------------------------------------------


INSPECTION DE LA STRUCTURE 'tracks' (Bloc 12)
---------------------------------------------------
1. Type de l'objet 'tracks' : <class 'list'>
2. Nombre d'éléments dans 'tracks' : 2
3. Contenu de tracks[0] (Raw Tracks) :
   - Type : <class 'numpy.ndarray'>
   - Quantité : 6530
4. Contenu de tracks[1] (Interpolated Tracks) :
   - Type : <class 'numpy.ndarray'>
   - Shape (Dimensions) : (3585,)
---------------------------------------------------


INSPECTION DE LA STRUCTURE 'tracks' (Bloc 13)
---------------------------------------------------
1. Type de l'objet 'tracks' : <class 'list'>
2. Nombre d'éléments dans 'tracks' : 2
3. Contenu de tracks[0] (Raw Tracks) :
   - Type : <class 'numpy.ndarray'>
   - Quantité : 6877
4. Contenu de tracks[1] (Interpolated Tracks) :
   - Type : <class 'numpy.ndarray'>
   - Shape (Dimensions) : (2613,)
---------------------------------------------------


INSPECTION DE LA STRUCTURE 'tracks' (Bloc 14)
---------------------------------------------------
1. Type de l'objet 'tracks' : <class 'list'>
2. Nombre d'éléments dans 'tracks' : 2
3. Contenu de tracks[0] (Raw Tracks) :
   - Type : <class 'numpy.ndarray'>
   - Quantité : 4896
4. Contenu de tracks[1] (Interpolated Tracks) :
   - Type : <class 'numpy.ndarray'>
   - Shape (Dimensions) : (2009,)
---------------------------------------------------


INSPECTION DE LA STRUCTURE 'tracks' (Bloc 15)
---------------------------------------------------
1. Type de l'objet 'tracks' : <class 'list'>
2. Nombre d'éléments dans 'tracks' : 2
3. Contenu de tracks[0] (Raw Tracks) :
   - Type : <class 'numpy.ndarray'>
   - Quantité : 6498
4. Contenu de tracks[1] (Interpolated Tracks) :
   - Type : <class 'numpy.ndarray'>
   - Shape (Dimensions) : (2672,)
---------------------------------------------------


INSPECTION DE LA STRUCTURE 'tracks' (Bloc 16)
---------------------------------------------------
1. Type de l'objet 'tracks' : <class 'list'>
2. Nombre d'éléments dans 'tracks' : 2
3. Contenu de tracks[0] (Raw Tracks) :
   - Type : <class 'numpy.ndarray'>
   - Quantité : 4681
4. Contenu de tracks[1] (Interpolated Tracks) :
   - Type : <class 'numpy.ndarray'>
   - Shape (Dimensions) : (2185,)
---------------------------------------------------


INSPECTION DE LA STRUCTURE 'tracks' (Bloc 17)
---------------------------------------------------
1. Type de l'objet 'tracks' : <class 'list'>
2. Nombre d'éléments dans 'tracks' : 2
3. Contenu de tracks[0] (Raw Tracks) :
   - Type : <class 'numpy.ndarray'>
   - Quantité : 5759
4. Contenu de tracks[1] (Interpolated Tracks) :
   - Type : <class 'numpy.ndarray'>
   - Shape (Dimensions) : (2537,)
---------------------------------------------------


INSPECTION DE LA STRUCTURE 'tracks' (Bloc 18)
---------------------------------------------------
1. Type de l'objet 'tracks' : <class 'list'>
2. Nombre d'éléments dans 'tracks' : 2
3. Contenu de tracks[0] (Raw Tracks) :
   - Type : <class 'numpy.ndarray'>
   - Quantité : 7170
4. Contenu de tracks[1] (Interpolated Tracks) :
   - Type : <class 'numpy.ndarray'>
   - Shape (Dimensions) : (3716,)
---------------------------------------------------


INSPECTION DE LA STRUCTURE 'tracks' (Bloc 19)
---------------------------------------------------
1. Type de l'objet 'tracks' : <class 'list'>
2. Nombre d'éléments dans 'tracks' : 2
3. Contenu de tracks[0] (Raw Tracks) :
   - Type : <class 'numpy.ndarray'>
   - Quantité : 5328
4. Contenu de tracks[1] (Interpolated Tracks) :
   - Type : <class 'numpy.ndarray'>
   - Shape (Dimensions) : (2283,)
---------------------------------------------------


INSPECTION DE LA STRUCTURE 'tracks' (Bloc 20)
---------------------------------------------------
1. Type de l'objet 'tracks' : <class 'list'>
2. Nombre d'éléments dans 'tracks' : 2
3. Contenu de tracks[0] (Raw Tracks) :
   - Type : <class 'numpy.ndarray'>
   - Quantité : 5709
4. Contenu de tracks[1] (Interpolated Tracks) :
   - Type : <class 'numpy.ndarray'>
   - Shape (Dimensions) : (2377,)
---------------------------------------------------


INSPECTION DE LA STRUCTURE 'tracks' (Bloc 21)
---------------------------------------------------
1. Type de l'objet 'tracks' : <class 'list'>
2. Nombre d'éléments dans 'tracks' : 2
3. Contenu de tracks[0] (Raw Tracks) :
   - Type : <class 'numpy.ndarray'>
   - Quantité : 3887
4. Contenu de tracks[1] (Interpolated Tracks) :
   - Type : <class 'numpy.ndarray'>
   - Shape (Dimensions) : (1539,)
---------------------------------------------------


INSPECTION DE LA STRUCTURE 'tracks' (Bloc 22)
---------------------------------------------------
1. Type de l'objet 'tracks' : <class 'list'>
2. Nombre d'éléments dans 'tracks' : 2
3. Contenu de tracks[0] (Raw Tracks) :
   - Type : <class 'numpy.ndarray'>
   - Quantité : 4815
4. Contenu de tracks[1] (Interpolated Tracks) :
   - Type : <class 'numpy.ndarray'>
   - Shape (Dimensions) : (1877,)
---------------------------------------------------


INSPECTION DE LA STRUCTURE 'tracks' (Bloc 23)
---------------------------------------------------
1. Type de l'objet 'tracks' : <class 'list'>
2. Nombre d'éléments dans 'tracks' : 2
3. Contenu de tracks[0] (Raw Tracks) :
   - Type : <class 'numpy.ndarray'>
   - Quantité : 3878
4. Contenu de tracks[1] (Interpolated Tracks) :
   - Type : <class 'numpy.ndarray'>
   - Shape (Dimensions) : (1545,)
---------------------------------------------------


INSPECTION DE LA STRUCTURE 'tracks' (Bloc 24)
---------------------------------------------------
1. Type de l'objet 'tracks' : <class 'list'>
2. Nombre d'éléments dans 'tracks' : 2
3. Contenu de tracks[0] (Raw Tracks) :
   - Type : <class 'numpy.ndarray'>
   - Quantité : 6051
4. Contenu de tracks[1] (Interpolated Tracks) :
   - Type : <class 'numpy.ndarray'>
   - Shape (Dimensions) : (2530,)
---------------------------------------------------


INSPECTION DE LA STRUCTURE 'tracks' (Bloc 25)
---------------------------------------------------
1. Type de l'objet 'tracks' : <class 'list'>
2. Nombre d'éléments dans 'tracks' : 2
3. Contenu de tracks[0] (Raw Tracks) :
   - Type : <class 'numpy.ndarray'>
   - Quantité : 4858
4. Contenu de tracks[1] (Interpolated Tracks) :
   - Type : <class 'numpy.ndarray'>
   - Shape (Dimensions) : (1919,)
---------------------------------------------------


INSPECTION DE LA STRUCTURE 'tracks' (Bloc 26)
---------------------------------------------------
1. Type de l'objet 'tracks' : <class 'list'>
2. Nombre d'éléments dans 'tracks' : 2
3. Contenu de tracks[0] (Raw Tracks) :
   - Type : <class 'numpy.ndarray'>
   - Quantité : 5031
4. Contenu de tracks[1] (Interpolated Tracks) :
   - Type : <class 'numpy.ndarray'>
   - Shape (Dimensions) : (2166,)
---------------------------------------------------


INSPECTION DE LA STRUCTURE 'tracks' (Bloc 27)
---------------------------------------------------
1. Type de l'objet 'tracks' : <class 'list'>
2. Nombre d'éléments dans 'tracks' : 2
3. Contenu de tracks[0] (Raw Tracks) :
   - Type : <class 'numpy.ndarray'>
   - Quantité : 4914
4. Contenu de tracks[1] (Interpolated Tracks) :
   - Type : <class 'numpy.ndarray'>
   - Shape (Dimensions) : (2074,)
---------------------------------------------------


INSPECTION DE LA STRUCTURE 'tracks' (Bloc 28)
---------------------------------------------------
1. Type de l'objet 'tracks' : <class 'list'>
2. Nombre d'éléments dans 'tracks' : 2
3. Contenu de tracks[0] (Raw Tracks) :
   - Type : <class 'numpy.ndarray'>
   - Quantité : 7368
4. Contenu de tracks[1] (Interpolated Tracks) :
   - Type : <class 'numpy.ndarray'>
   - Shape (Dimensions) : (2826,)
---------------------------------------------------


INSPECTION DE LA STRUCTURE 'tracks' (Bloc 29)
---------------------------------------------------
1. Type de l'objet 'tracks' : <class 'list'>
2. Nombre d'éléments dans 'tracks' : 2
3. Contenu de tracks[0] (Raw Tracks) :
   - Type : <class 'numpy.ndarray'>
   - Quantité : 10234
4. Contenu de tracks[1] (Interpolated Tracks) :
   - Type : <class 'numpy.ndarray'>
   - Shape (Dimensions) : (3517,)
---------------------------------------------------


INSPECTION DE LA STRUCTURE 'tracks' (Bloc 30)
---------------------------------------------------
1. Type de l'objet 'tracks' : <class 'list'>
2. Nombre d'éléments dans 'tracks' : 2
3. Contenu de tracks[0] (Raw Tracks) :
   - Type : <class 'numpy.ndarray'>
   - Quantité : 18183
4. Contenu de tracks[1] (Interpolated Tracks) :
   - Type : <class 'numpy.ndarray'>
   - Shape (Dimensions) : (6612,)
---------------------------------------------------


INSPECTION DE LA STRUCTURE 'tracks' (Bloc 31)
---------------------------------------------------
1. Type de l'objet 'tracks' : <class 'list'>
2. Nombre d'éléments dans 'tracks' : 2
3. Contenu de tracks[0] (Raw Tracks) :
   - Type : <class 'numpy.ndarray'>
   - Quantité : 10897
4. Contenu de tracks[1] (Interpolated Tracks) :
   - Type : <class 'numpy.ndarray'>
   - Shape (Dimensions) : (4371,)
---------------------------------------------------


INSPECTION DE LA STRUCTURE 'tracks' (Bloc 32)
---------------------------------------------------
1. Type de l'objet 'tracks' : <class 'list'>
2. Nombre d'éléments dans 'tracks' : 2
3. Contenu de tracks[0] (Raw Tracks) :
   - Type : <class 'numpy.ndarray'>
   - Quantité : 14405
4. Contenu de tracks[1] (Interpolated Tracks) :
   - Type : <class 'numpy.ndarray'>
   - Shape (Dimensions) : (5419,)
---------------------------------------------------


INSPECTION DE LA STRUCTURE 'tracks' (Bloc 33)
---------------------------------------------------
1. Type de l'objet 'tracks' : <class 'list'>
2. Nombre d'éléments dans 'tracks' : 2
3. Contenu de tracks[0] (Raw Tracks) :
   - Type : <class 'numpy.ndarray'>
   - Quantité : 23189
4. Contenu de tracks[1] (Interpolated Tracks) :
   - Type : <class 'numpy.ndarray'>
   - Shape (Dimensions) : (8924,)
---------------------------------------------------


INSPECTION DE LA STRUCTURE 'tracks' (Bloc 34)
---------------------------------------------------
1. Type de l'objet 'tracks' : <class 'list'>
2. Nombre d'éléments dans 'tracks' : 2
3. Contenu de tracks[0] (Raw Tracks) :
   - Type : <class 'numpy.ndarray'>
   - Quantité : 24577
4. Contenu de tracks[1] (Interpolated Tracks) :
   - Type : <class 'numpy.ndarray'>
   - Shape (Dimensions) : (9933,)
---------------------------------------------------


INSPECTION DE LA STRUCTURE 'tracks' (Bloc 35)
---------------------------------------------------
1. Type de l'objet 'tracks' : <class 'list'>
2. Nombre d'éléments dans 'tracks' : 2
3. Contenu de tracks[0] (Raw Tracks) :
   - Type : <class 'numpy.ndarray'>
   - Quantité : 19778
4. Contenu de tracks[1] (Interpolated Tracks) :
   - Type : <class 'numpy.ndarray'>
   - Shape (Dimensions) : (8876,)
---------------------------------------------------


INSPECTION DE LA STRUCTURE 'tracks' (Bloc 36)
---------------------------------------------------
1. Type de l'objet 'tracks' : <class 'list'>
2. Nombre d'éléments dans 'tracks' : 2
3. Contenu de tracks[0] (Raw Tracks) :
   - Type : <class 'numpy.ndarray'>
   - Quantité : 24368
4. Contenu de tracks[1] (Interpolated Tracks) :
   - Type : <class 'numpy.ndarray'>
   - Shape (Dimensions) : (9672,)
---------------------------------------------------


INSPECTION DE LA STRUCTURE 'tracks' (Bloc 37)
---------------------------------------------------
1. Type de l'objet 'tracks' : <class 'list'>
2. Nombre d'éléments dans 'tracks' : 2
3. Contenu de tracks[0] (Raw Tracks) :
   - Type : <class 'numpy.ndarray'>
   - Quantité : 22145
4. Contenu de tracks[1] (Interpolated Tracks) :
   - Type : <class 'numpy.ndarray'>
   - Shape (Dimensions) : (8712,)
---------------------------------------------------


INSPECTION DE LA STRUCTURE 'tracks' (Bloc 38)
---------------------------------------------------
1. Type de l'objet 'tracks' : <class 'list'>
2. Nombre d'éléments dans 'tracks' : 2
3. Contenu de tracks[0] (Raw Tracks) :
   - Type : <class 'numpy.ndarray'>
   - Quantité : 20141
4. Contenu de tracks[1] (Interpolated Tracks) :
   - Type : <class 'numpy.ndarray'>
   - Shape (Dimensions) : (7957,)
---------------------------------------------------


INSPECTION DE LA STRUCTURE 'tracks' (Bloc 39)
---------------------------------------------------
1. Type de l'objet 'tracks' : <class 'list'>
2. Nombre d'éléments dans 'tracks' : 2
3. Contenu de tracks[0] (Raw Tracks) :
   - Type : <class 'numpy.ndarray'>
   - Quantité : 22432
4. Contenu de tracks[1] (Interpolated Tracks) :
   - Type : <class 'numpy.ndarray'>
   - Shape (Dimensions) : (8654,)
---------------------------------------------------


INSPECTION DE LA STRUCTURE 'tracks' (Bloc 40)
---------------------------------------------------
1. Type de l'objet 'tracks' : <class 'list'>
2. Nombre d'éléments dans 'tracks' : 2
3. Contenu de tracks[0] (Raw Tracks) :
   - Type : <class 'numpy.ndarray'>
   - Quantité : 13442
4. Contenu de tracks[1] (Interpolated Tracks) :
   - Type : <class 'numpy.ndarray'>
   - Shape (Dimensions) : (6079,)
---------------------------------------------------


INSPECTION DE LA STRUCTURE 'tracks' (Bloc 41)
---------------------------------------------------
1. Type de l'objet 'tracks' : <class 'list'>
2. Nombre d'éléments dans 'tracks' : 2
3. Contenu de tracks[0] (Raw Tracks) :
   - Type : <class 'numpy.ndarray'>
   - Quantité : 23055
4. Contenu de tracks[1] (Interpolated Tracks) :
   - Type : <class 'numpy.ndarray'>
   - Shape (Dimensions) : (8670,)
---------------------------------------------------


INSPECTION DE LA STRUCTURE 'tracks' (Bloc 42)
---------------------------------------------------
1. Type de l'objet 'tracks' : <class 'list'>
2. Nombre d'éléments dans 'tracks' : 2
3. Contenu de tracks[0] (Raw Tracks) :
   - Type : <class 'numpy.ndarray'>
   - Quantité : 20435
4. Contenu de tracks[1] (Interpolated Tracks) :
   - Type : <class 'numpy.ndarray'>
   - Shape (Dimensions) : (7398,)
---------------------------------------------------


INSPECTION DE LA STRUCTURE 'tracks' (Bloc 43)
---------------------------------------------------
1. Type de l'objet 'tracks' : <class 'list'>
2. Nombre d'éléments dans 'tracks' : 2
3. Contenu de tracks[0] (Raw Tracks) :
   - Type : <class 'numpy.ndarray'>
   - Quantité : 19918
4. Contenu de tracks[1] (Interpolated Tracks) :
   - Type : <class 'numpy.ndarray'>
   - Shape (Dimensions) : (8199,)
---------------------------------------------------


INSPECTION DE LA STRUCTURE 'tracks' (Bloc 44)
---------------------------------------------------
1. Type de l'objet 'tracks' : <class 'list'>
2. Nombre d'éléments dans 'tracks' : 2
3. Contenu de tracks[0] (Raw Tracks) :
   - Type : <class 'numpy.ndarray'>
   - Quantité : 15070
4. Contenu de tracks[1] (Interpolated Tracks) :
   - Type : <class 'numpy.ndarray'>
   - Shape (Dimensions) : (6879,)
---------------------------------------------------


INSPECTION DE LA STRUCTURE 'tracks' (Bloc 45)
---------------------------------------------------
1. Type de l'objet 'tracks' : <class 'list'>
2. Nombre d'éléments dans 'tracks' : 2
3. Contenu de tracks[0] (Raw Tracks) :
   - Type : <class 'numpy.ndarray'>
   - Quantité : 18671
4. Contenu de tracks[1] (Interpolated Tracks) :
   - Type : <class 'numpy.ndarray'>
   - Shape (Dimensions) : (7281,)
---------------------------------------------------


INSPECTION DE LA STRUCTURE 'tracks' (Bloc 46)
---------------------------------------------------
1. Type de l'objet 'tracks' : <class 'list'>
2. Nombre d'éléments dans 'tracks' : 2
3. Contenu de tracks[0] (Raw Tracks) :
   - Type : <class 'numpy.ndarray'>
   - Quantité : 13521
4. Contenu de tracks[1] (Interpolated Tracks) :
   - Type : <class 'numpy.ndarray'>
   - Shape (Dimensions) : (5871,)
---------------------------------------------------


INSPECTION DE LA STRUCTURE 'tracks' (Bloc 47)
---------------------------------------------------
1. Type de l'objet 'tracks' : <class 'list'>
2. Nombre d'éléments dans 'tracks' : 2
3. Contenu de tracks[0] (Raw Tracks) :
   - Type : <class 'numpy.ndarray'>
   - Quantité : 20767
4. Contenu de tracks[1] (Interpolated Tracks) :
   - Type : <class 'numpy.ndarray'>
   - Shape (Dimensions) : (8298,)
---------------------------------------------------


INSPECTION DE LA STRUCTURE 'tracks' (Bloc 48)
---------------------------------------------------
1. Type de l'objet 'tracks' : <class 'list'>
2. Nombre d'éléments dans 'tracks' : 2
3. Contenu de tracks[0] (Raw Tracks) :
   - Type : <class 'numpy.ndarray'>
   - Quantité : 14174
4. Contenu de tracks[1] (Interpolated Tracks) :
   - Type : <class 'numpy.ndarray'>
   - Shape (Dimensions) : (6071,)
---------------------------------------------------


INSPECTION DE LA STRUCTURE 'tracks' (Bloc 49)
---------------------------------------------------
1. Type de l'objet 'tracks' : <class 'list'>
2. Nombre d'éléments dans 'tracks' : 2
3. Contenu de tracks[0] (Raw Tracks) :
   - Type : <class 'numpy.ndarray'>
   - Quantité : 17847
4. Contenu de tracks[1] (Interpolated Tracks) :
   - Type : <class 'numpy.ndarray'>
   - Shape (Dimensions) : (6930,)
---------------------------------------------------


INSPECTION DE LA STRUCTURE 'tracks' (Bloc 50)
---------------------------------------------------
1. Type de l'objet 'tracks' : <class 'list'>
2. Nombre d'éléments dans 'tracks' : 2
3. Contenu de tracks[0] (Raw Tracks) :
   - Type : <class 'numpy.ndarray'>
   - Quantité : 14139
4. Contenu de tracks[1] (Interpolated Tracks) :
   - Type : <class 'numpy.ndarray'>
   - Shape (Dimensions) : (5779,)
---------------------------------------------------


INSPECTION DE LA STRUCTURE 'tracks' (Bloc 51)
---------------------------------------------------
1. Type de l'objet 'tracks' : <class 'list'>
2. Nombre d'éléments dans 'tracks' : 2
3. Contenu de tracks[0] (Raw Tracks) :
   - Type : <class 'numpy.ndarray'>
   - Quantité : 16960
4. Contenu de tracks[1] (Interpolated Tracks) :
   - Type : <class 'numpy.ndarray'>
   - Shape (Dimensions) : (6584,)
---------------------------------------------------


INSPECTION DE LA STRUCTURE 'tracks' (Bloc 52)
---------------------------------------------------
1. Type de l'objet 'tracks' : <class 'list'>
2. Nombre d'éléments dans 'tracks' : 2
3. Contenu de tracks[0] (Raw Tracks) :
   - Type : <class 'numpy.ndarray'>
   - Quantité : 11232
4. Contenu de tracks[1] (Interpolated Tracks) :
   - Type : <class 'numpy.ndarray'>
   - Shape (Dimensions) : (5103,)
---------------------------------------------------


INSPECTION DE LA STRUCTURE 'tracks' (Bloc 53)
---------------------------------------------------
1. Type de l'objet 'tracks' : <class 'list'>
2. Nombre d'éléments dans 'tracks' : 2
3. Contenu de tracks[0] (Raw Tracks) :
   - Type : <class 'numpy.ndarray'>
   - Quantité : 15150
4. Contenu de tracks[1] (Interpolated Tracks) :
   - Type : <class 'numpy.ndarray'>
   - Shape (Dimensions) : (6772,)
---------------------------------------------------


INSPECTION DE LA STRUCTURE 'tracks' (Bloc 54)
---------------------------------------------------
1. Type de l'objet 'tracks' : <class 'list'>
2. Nombre d'éléments dans 'tracks' : 2
3. Contenu de tracks[0] (Raw Tracks) :
   - Type : <class 'numpy.ndarray'>
   - Quantité : 16901
4. Contenu de tracks[1] (Interpolated Tracks) :
   - Type : <class 'numpy.ndarray'>
   - Shape (Dimensions) : (7066,)
---------------------------------------------------


INSPECTION DE LA STRUCTURE 'tracks' (Bloc 55)
---------------------------------------------------
1. Type de l'objet 'tracks' : <class 'list'>
2. Nombre d'éléments dans 'tracks' : 2
3. Contenu de tracks[0] (Raw Tracks) :
   - Type : <class 'numpy.ndarray'>
   - Quantité : 16747
4. Contenu de tracks[1] (Interpolated Tracks) :
   - Type : <class 'numpy.ndarray'>
   - Shape (Dimensions) : (6709,)
---------------------------------------------------


INSPECTION DE LA STRUCTURE 'tracks' (Bloc 56)
---------------------------------------------------
1. Type de l'objet 'tracks' : <class 'list'>
2. Nombre d'éléments dans 'tracks' : 2
3. Contenu de tracks[0] (Raw Tracks) :
   - Type : <class 'numpy.ndarray'>
   - Quantité : 15459
4. Contenu de tracks[1] (Interpolated Tracks) :
   - Type : <class 'numpy.ndarray'>
   - Shape (Dimensions) : (6591,)
---------------------------------------------------


INSPECTION DE LA STRUCTURE 'tracks' (Bloc 57)
---------------------------------------------------
1. Type de l'objet 'tracks' : <class 'list'>
2. Nombre d'éléments dans 'tracks' : 2
3. Contenu de tracks[0] (Raw Tracks) :
   - Type : <class 'numpy.ndarray'>
   - Quantité : 12531
4. Contenu de tracks[1] (Interpolated Tracks) :
   - Type : <class 'numpy.ndarray'>
   - Shape (Dimensions) : (5676,)
---------------------------------------------------


INSPECTION DE LA STRUCTURE 'tracks' (Bloc 58)
---------------------------------------------------
1. Type de l'objet 'tracks' : <class 'list'>
2. Nombre d'éléments dans 'tracks' : 2
3. Contenu de tracks[0] (Raw Tracks) :
   - Type : <class 'numpy.ndarray'>
   - Quantité : 14063
4. Contenu de tracks[1] (Interpolated Tracks) :
   - Type : <class 'numpy.ndarray'>
   - Shape (Dimensions) : (5633,)
---------------------------------------------------


INSPECTION DE LA STRUCTURE 'tracks' (Bloc 59)
---------------------------------------------------
1. Type de l'objet 'tracks' : <class 'list'>
2. Nombre d'éléments dans 'tracks' : 2
3. Contenu de tracks[0] (Raw Tracks) :
   - Type : <class 'numpy.ndarray'>
   - Quantité : 15053
4. Contenu de tracks[1] (Interpolated Tracks) :
   - Type : <class 'numpy.ndarray'>
   - Shape (Dimensions) : (6525,)
---------------------------------------------------


INSPECTION DE LA STRUCTURE 'tracks' (Bloc 60)
---------------------------------------------------
1. Type de l'objet 'tracks' : <class 'list'>
2. Nombre d'éléments dans 'tracks' : 2
3. Contenu de tracks[0] (Raw Tracks) :
   - Type : <class 'numpy.ndarray'>
   - Quantité : 10795
4. Contenu de tracks[1] (Interpolated Tracks) :
   - Type : <class 'numpy.ndarray'>
   - Shape (Dimensions) : (5102,)
---------------------------------------------------


INSPECTION DE LA STRUCTURE 'tracks' (Bloc 61)
---------------------------------------------------
1. Type de l'objet 'tracks' : <class 'list'>
2. Nombre d'éléments dans 'tracks' : 2
3. Contenu de tracks[0] (Raw Tracks) :
   - Type : <class 'numpy.ndarray'>
   - Quantité : 16971
4. Contenu de tracks[1] (Interpolated Tracks) :
   - Type : <class 'numpy.ndarray'>
   - Shape (Dimensions) : (8087,)
---------------------------------------------------


INSPECTION DE LA STRUCTURE 'tracks' (Bloc 62)
---------------------------------------------------
1. Type de l'objet 'tracks' : <class 'list'>
2. Nombre d'éléments dans 'tracks' : 2
3. Contenu de tracks[0] (Raw Tracks) :
   - Type : <class 'numpy.ndarray'>
   - Quantité : 13819
4. Contenu de tracks[1] (Interpolated Tracks) :
   - Type : <class 'numpy.ndarray'>
   - Shape (Dimensions) : (5848,)
---------------------------------------------------


INSPECTION DE LA STRUCTURE 'tracks' (Bloc 63)
---------------------------------------------------
1. Type de l'objet 'tracks' : <class 'list'>
2. Nombre d'éléments dans 'tracks' : 2
3. Contenu de tracks[0] (Raw Tracks) :
   - Type : <class 'numpy.ndarray'>
   - Quantité : 11510
4. Contenu de tracks[1] (Interpolated Tracks) :
   - Type : <class 'numpy.ndarray'>
   - Shape (Dimensions) : (5267,)
---------------------------------------------------


INSPECTION DE LA STRUCTURE 'tracks' (Bloc 64)
---------------------------------------------------
1. Type de l'objet 'tracks' : <class 'list'>
2. Nombre d'éléments dans 'tracks' : 2
3. Contenu de tracks[0] (Raw Tracks) :
   - Type : <class 'numpy.ndarray'>
   - Quantité : 12171
4. Contenu de tracks[1] (Interpolated Tracks) :
   - Type : <class 'numpy.ndarray'>
   - Shape (Dimensions) : (4822,)
---------------------------------------------------


INSPECTION DE LA STRUCTURE 'tracks' (Bloc 65)
---------------------------------------------------
1. Type de l'objet 'tracks' : <class 'list'>
2. Nombre d'éléments dans 'tracks' : 2
3. Contenu de tracks[0] (Raw Tracks) :
   - Type : <class 'numpy.ndarray'>
   - Quantité : 12215
4. Contenu de tracks[1] (Interpolated Tracks) :
   - Type : <class 'numpy.ndarray'>
   - Shape (Dimensions) : (4981,)
---------------------------------------------------


INSPECTION DE LA STRUCTURE 'tracks' (Bloc 66)
---------------------------------------------------
1. Type de l'objet 'tracks' : <class 'list'>
2. Nombre d'éléments dans 'tracks' : 2
3. Contenu de tracks[0] (Raw Tracks) :
   - Type : <class 'numpy.ndarray'>
   - Quantité : 8963
4. Contenu de tracks[1] (Interpolated Tracks) :
   - Type : <class 'numpy.ndarray'>
   - Shape (Dimensions) : (4327,)
---------------------------------------------------


INSPECTION DE LA STRUCTURE 'tracks' (Bloc 67)
---------------------------------------------------
1. Type de l'objet 'tracks' : <class 'list'>
2. Nombre d'éléments dans 'tracks' : 2
3. Contenu de tracks[0] (Raw Tracks) :
   - Type : <class 'numpy.ndarray'>
   - Quantité : 13464
4. Contenu de tracks[1] (Interpolated Tracks) :
   - Type : <class 'numpy.ndarray'>
   - Shape (Dimensions) : (6337,)
---------------------------------------------------


INSPECTION DE LA STRUCTURE 'tracks' (Bloc 68)
---------------------------------------------------
1. Type de l'objet 'tracks' : <class 'list'>
2. Nombre d'éléments dans 'tracks' : 2
3. Contenu de tracks[0] (Raw Tracks) :
   - Type : <class 'numpy.ndarray'>
   - Quantité : 11691
4. Contenu de tracks[1] (Interpolated Tracks) :
   - Type : <class 'numpy.ndarray'>
   - Shape (Dimensions) : (5004,)
---------------------------------------------------


INSPECTION DE LA STRUCTURE 'tracks' (Bloc 69)
---------------------------------------------------
1. Type de l'objet 'tracks' : <class 'list'>
2. Nombre d'éléments dans 'tracks' : 2
3. Contenu de tracks[0] (Raw Tracks) :
   - Type : <class 'numpy.ndarray'>
   - Quantité : 11887
4. Contenu de tracks[1] (Interpolated Tracks) :
   - Type : <class 'numpy.ndarray'>
   - Shape (Dimensions) : (4714,)
---------------------------------------------------


INSPECTION DE LA STRUCTURE 'tracks' (Bloc 70)
---------------------------------------------------
1. Type de l'objet 'tracks' : <class 'list'>
2. Nombre d'éléments dans 'tracks' : 2
3. Contenu de tracks[0] (Raw Tracks) :
   - Type : <class 'numpy.ndarray'>
   - Quantité : 5874
4. Contenu de tracks[1] (Interpolated Tracks) :
   - Type : <class 'numpy.ndarray'>
   - Shape (Dimensions) : (2543,)
---------------------------------------------------


INSPECTION DE LA STRUCTURE 'tracks' (Bloc 71)
---------------------------------------------------
1. Type de l'objet 'tracks' : <class 'list'>
2. Nombre d'éléments dans 'tracks' : 2
3. Contenu de tracks[0] (Raw Tracks) :
   - Type : <class 'numpy.ndarray'>
   - Quantité : 11988
4. Contenu de tracks[1] (Interpolated Tracks) :
   - Type : <class 'numpy.ndarray'>
   - Shape (Dimensions) : (5512,)
---------------------------------------------------


INSPECTION DE LA STRUCTURE 'tracks' (Bloc 72)
---------------------------------------------------
1. Type de l'objet 'tracks' : <class 'list'>
2. Nombre d'éléments dans 'tracks' : 2
3. Contenu de tracks[0] (Raw Tracks) :
   - Type : <class 'numpy.ndarray'>
   - Quantité : 13824
4. Contenu de tracks[1] (Interpolated Tracks) :
   - Type : <class 'numpy.ndarray'>
   - Shape (Dimensions) : (5102,)
---------------------------------------------------


INSPECTION DE LA STRUCTURE 'tracks' (Bloc 73)
---------------------------------------------------
1. Type de l'objet 'tracks' : <class 'list'>
2. Nombre d'éléments dans 'tracks' : 2
3. Contenu de tracks[0] (Raw Tracks) :
   - Type : <class 'numpy.ndarray'>
   - Quantité : 13454
4. Contenu de tracks[1] (Interpolated Tracks) :
   - Type : <class 'numpy.ndarray'>
   - Shape (Dimensions) : (6132,)
---------------------------------------------------


INSPECTION DE LA STRUCTURE 'tracks' (Bloc 74)
---------------------------------------------------
1. Type de l'objet 'tracks' : <class 'list'>
2. Nombre d'éléments dans 'tracks' : 2
3. Contenu de tracks[0] (Raw Tracks) :
   - Type : <class 'numpy.ndarray'>
   - Quantité : 11287
4. Contenu de tracks[1] (Interpolated Tracks) :
   - Type : <class 'numpy.ndarray'>
   - Shape (Dimensions) : (5247,)
---------------------------------------------------


INSPECTION DE LA STRUCTURE 'tracks' (Bloc 75)
---------------------------------------------------
1. Type de l'objet 'tracks' : <class 'list'>
2. Nombre d'éléments dans 'tracks' : 2
3. Contenu de tracks[0] (Raw Tracks) :
   - Type : <class 'numpy.ndarray'>
   - Quantité : 10546
4. Contenu de tracks[1] (Interpolated Tracks) :
   - Type : <class 'numpy.ndarray'>
   - Shape (Dimensions) : (4699,)
---------------------------------------------------


INSPECTION DE LA STRUCTURE 'tracks' (Bloc 76)
---------------------------------------------------
1. Type de l'objet 'tracks' : <class 'list'>
2. Nombre d'éléments dans 'tracks' : 2
3. Contenu de tracks[0] (Raw Tracks) :
   - Type : <class 'numpy.ndarray'>
   - Quantité : 11862
4. Contenu de tracks[1] (Interpolated Tracks) :
   - Type : <class 'numpy.ndarray'>
   - Shape (Dimensions) : (5243,)
---------------------------------------------------


INSPECTION DE LA STRUCTURE 'tracks' (Bloc 77)
---------------------------------------------------
1. Type de l'objet 'tracks' : <class 'list'>
2. Nombre d'éléments dans 'tracks' : 2
3. Contenu de tracks[0] (Raw Tracks) :
   - Type : <class 'numpy.ndarray'>
   - Quantité : 7845
4. Contenu de tracks[1] (Interpolated Tracks) :
   - Type : <class 'numpy.ndarray'>
   - Shape (Dimensions) : (3550,)
---------------------------------------------------


INSPECTION DE LA STRUCTURE 'tracks' (Bloc 78)
---------------------------------------------------
1. Type de l'objet 'tracks' : <class 'list'>
2. Nombre d'éléments dans 'tracks' : 2
3. Contenu de tracks[0] (Raw Tracks) :
   - Type : <class 'numpy.ndarray'>
   - Quantité : 10992
4. Contenu de tracks[1] (Interpolated Tracks) :
   - Type : <class 'numpy.ndarray'>
   - Shape (Dimensions) : (4822,)
---------------------------------------------------


INSPECTION DE LA STRUCTURE 'tracks' (Bloc 79)
---------------------------------------------------
1. Type de l'objet 'tracks' : <class 'list'>
2. Nombre d'éléments dans 'tracks' : 2
3. Contenu de tracks[0] (Raw Tracks) :
   - Type : <class 'numpy.ndarray'>
   - Quantité : 11283
4. Contenu de tracks[1] (Interpolated Tracks) :
   - Type : <class 'numpy.ndarray'>
   - Shape (Dimensions) : (5240,)
---------------------------------------------------


INSPECTION DE LA STRUCTURE 'tracks' (Bloc 80)
---------------------------------------------------
1. Type de l'objet 'tracks' : <class 'list'>
2. Nombre d'éléments dans 'tracks' : 2
3. Contenu de tracks[0] (Raw Tracks) :
   - Type : <class 'numpy.ndarray'>
   - Quantité : 7511
4. Contenu de tracks[1] (Interpolated Tracks) :
   - Type : <class 'numpy.ndarray'>
   - Shape (Dimensions) : (3291,)
---------------------------------------------------


INSPECTION DE LA STRUCTURE 'tracks' (Bloc 81)
---------------------------------------------------
1. Type de l'objet 'tracks' : <class 'list'>
2. Nombre d'éléments dans 'tracks' : 2
3. Contenu de tracks[0] (Raw Tracks) :
   - Type : <class 'numpy.ndarray'>
   - Quantité : 8685
4. Contenu de tracks[1] (Interpolated Tracks) :
   - Type : <class 'numpy.ndarray'>
   - Shape (Dimensions) : (3592,)
---------------------------------------------------


INSPECTION DE LA STRUCTURE 'tracks' (Bloc 82)
---------------------------------------------------
1. Type de l'objet 'tracks' : <class 'list'>
2. Nombre d'éléments dans 'tracks' : 2
3. Contenu de tracks[0] (Raw Tracks) :
   - Type : <class 'numpy.ndarray'>
   - Quantité : 11237
4. Contenu de tracks[1] (Interpolated Tracks) :
   - Type : <class 'numpy.ndarray'>
   - Shape (Dimensions) : (4099,)
---------------------------------------------------


INSPECTION DE LA STRUCTURE 'tracks' (Bloc 83)
---------------------------------------------------
1. Type de l'objet 'tracks' : <class 'list'>
2. Nombre d'éléments dans 'tracks' : 2
3. Contenu de tracks[0] (Raw Tracks) :
   - Type : <class 'numpy.ndarray'>
   - Quantité : 5815
4. Contenu de tracks[1] (Interpolated Tracks) :
   - Type : <class 'numpy.ndarray'>
   - Shape (Dimensions) : (2591,)
---------------------------------------------------


INSPECTION DE LA STRUCTURE 'tracks' (Bloc 84)
---------------------------------------------------
1. Type de l'objet 'tracks' : <class 'list'>
2. Nombre d'éléments dans 'tracks' : 2
3. Contenu de tracks[0] (Raw Tracks) :
   - Type : <class 'numpy.ndarray'>
   - Quantité : 10690
4. Contenu de tracks[1] (Interpolated Tracks) :
   - Type : <class 'numpy.ndarray'>
   - Shape (Dimensions) : (4422,)
---------------------------------------------------


INSPECTION DE LA STRUCTURE 'tracks' (Bloc 85)
---------------------------------------------------
1. Type de l'objet 'tracks' : <class 'list'>
2. Nombre d'éléments dans 'tracks' : 2
3. Contenu de tracks[0] (Raw Tracks) :
   - Type : <class 'numpy.ndarray'>
   - Quantité : 9763
4. Contenu de tracks[1] (Interpolated Tracks) :
   - Type : <class 'numpy.ndarray'>
   - Shape (Dimensions) : (4165,)
---------------------------------------------------


INSPECTION DE LA STRUCTURE 'tracks' (Bloc 86)
---------------------------------------------------
1. Type de l'objet 'tracks' : <class 'list'>
2. Nombre d'éléments dans 'tracks' : 2
3. Contenu de tracks[0] (Raw Tracks) :
   - Type : <class 'numpy.ndarray'>
   - Quantité : 7965
4. Contenu de tracks[1] (Interpolated Tracks) :
   - Type : <class 'numpy.ndarray'>
   - Shape (Dimensions) : (3154,)
---------------------------------------------------


INSPECTION DE LA STRUCTURE 'tracks' (Bloc 87)
---------------------------------------------------
1. Type de l'objet 'tracks' : <class 'list'>
2. Nombre d'éléments dans 'tracks' : 2
3. Contenu de tracks[0] (Raw Tracks) :
   - Type : <class 'numpy.ndarray'>
   - Quantité : 8177
4. Contenu de tracks[1] (Interpolated Tracks) :
   - Type : <class 'numpy.ndarray'>
   - Shape (Dimensions) : (3179,)
---------------------------------------------------


INSPECTION DE LA STRUCTURE 'tracks' (Bloc 88)
---------------------------------------------------
1. Type de l'objet 'tracks' : <class 'list'>
2. Nombre d'éléments dans 'tracks' : 2
3. Contenu de tracks[0] (Raw Tracks) :
   - Type : <class 'numpy.ndarray'>
   - Quantité : 5431
4. Contenu de tracks[1] (Interpolated Tracks) :
   - Type : <class 'numpy.ndarray'>
   - Shape (Dimensions) : (2320,)
---------------------------------------------------


INSPECTION DE LA STRUCTURE 'tracks' (Bloc 89)
---------------------------------------------------
1. Type de l'objet 'tracks' : <class 'list'>
2. Nombre d'éléments dans 'tracks' : 2
3. Contenu de tracks[0] (Raw Tracks) :
   - Type : <class 'numpy.ndarray'>
   - Quantité : 8460
4. Contenu de tracks[1] (Interpolated Tracks) :
   - Type : <class 'numpy.ndarray'>
   - Shape (Dimensions) : (3390,)
---------------------------------------------------


INSPECTION DE LA STRUCTURE 'tracks' (Bloc 90)
---------------------------------------------------
1. Type de l'objet 'tracks' : <class 'list'>
2. Nombre d'éléments dans 'tracks' : 2
3. Contenu de tracks[0] (Raw Tracks) :
   - Type : <class 'numpy.ndarray'>
   - Quantité : 7724
4. Contenu de tracks[1] (Interpolated Tracks) :
   - Type : <class 'numpy.ndarray'>
   - Shape (Dimensions) : (3094,)
---------------------------------------------------


INSPECTION DE LA STRUCTURE 'tracks' (Bloc 91)
---------------------------------------------------
1. Type de l'objet 'tracks' : <class 'list'>
2. Nombre d'éléments dans 'tracks' : 2
3. Contenu de tracks[0] (Raw Tracks) :
   - Type : <class 'numpy.ndarray'>
   - Quantité : 8682
4. Contenu de tracks[1] (Interpolated Tracks) :
   - Type : <class 'numpy.ndarray'>
   - Shape (Dimensions) : (3411,)
---------------------------------------------------


INSPECTION DE LA STRUCTURE 'tracks' (Bloc 92)
---------------------------------------------------
1. Type de l'objet 'tracks' : <class 'list'>
2. Nombre d'éléments dans 'tracks' : 2
3. Contenu de tracks[0] (Raw Tracks) :
   - Type : <class 'numpy.ndarray'>
   - Quantité : 8165
4. Contenu de tracks[1] (Interpolated Tracks) :
   - Type : <class 'numpy.ndarray'>
   - Shape (Dimensions) : (3321,)
---------------------------------------------------


INSPECTION DE LA STRUCTURE 'tracks' (Bloc 93)
---------------------------------------------------
1. Type de l'objet 'tracks' : <class 'list'>
2. Nombre d'éléments dans 'tracks' : 2
3. Contenu de tracks[0] (Raw Tracks) :
   - Type : <class 'numpy.ndarray'>
   - Quantité : 8272
4. Contenu de tracks[1] (Interpolated Tracks) :
   - Type : <class 'numpy.ndarray'>
   - Shape (Dimensions) : (3746,)
---------------------------------------------------


INSPECTION DE LA STRUCTURE 'tracks' (Bloc 94)
---------------------------------------------------
1. Type de l'objet 'tracks' : <class 'list'>
2. Nombre d'éléments dans 'tracks' : 2
3. Contenu de tracks[0] (Raw Tracks) :
   - Type : <class 'numpy.ndarray'>
   - Quantité : 10501
4. Contenu de tracks[1] (Interpolated Tracks) :
   - Type : <class 'numpy.ndarray'>
   - Shape (Dimensions) : (4387,)
---------------------------------------------------


INSPECTION DE LA STRUCTURE 'tracks' (Bloc 95)
---------------------------------------------------
1. Type de l'objet 'tracks' : <class 'list'>
2. Nombre d'éléments dans 'tracks' : 2
3. Contenu de tracks[0] (Raw Tracks) :
   - Type : <class 'numpy.ndarray'>
   - Quantité : 7782
4. Contenu de tracks[1] (Interpolated Tracks) :
   - Type : <class 'numpy.ndarray'>
   - Shape (Dimensions) : (3498,)
---------------------------------------------------


INSPECTION DE LA STRUCTURE 'tracks' (Bloc 96)
---------------------------------------------------
1. Type de l'objet 'tracks' : <class 'list'>
2. Nombre d'éléments dans 'tracks' : 2
3. Contenu de tracks[0] (Raw Tracks) :
   - Type : <class 'numpy.ndarray'>
   - Quantité : 7781
4. Contenu de tracks[1] (Interpolated Tracks) :
   - Type : <class 'numpy.ndarray'>
   - Shape (Dimensions) : (3119,)
---------------------------------------------------


INSPECTION DE LA STRUCTURE 'tracks' (Bloc 97)
---------------------------------------------------
1. Type de l'objet 'tracks' : <class 'list'>
2. Nombre d'éléments dans 'tracks' : 2
3. Contenu de tracks[0] (Raw Tracks) :
   - Type : <class 'numpy.ndarray'>
   - Quantité : 4066
4. Contenu de tracks[1] (Interpolated Tracks) :
   - Type : <class 'numpy.ndarray'>
   - Shape (Dimensions) : (1978,)
---------------------------------------------------


INSPECTION DE LA STRUCTURE 'tracks' (Bloc 98)
---------------------------------------------------
1. Type de l'objet 'tracks' : <class 'list'>
2. Nombre d'éléments dans 'tracks' : 2
3. Contenu de tracks[0] (Raw Tracks) :
   - Type : <class 'numpy.ndarray'>
   - Quantité : 7793
4. Contenu de tracks[1] (Interpolated Tracks) :
   - Type : <class 'numpy.ndarray'>
   - Shape (Dimensions) : (3810,)
---------------------------------------------------


INSPECTION DE LA STRUCTURE 'tracks' (Bloc 99)
---------------------------------------------------
1. Type de l'objet 'tracks' : <class 'list'>
2. Nombre d'éléments dans 'tracks' : 2
3. Contenu de tracks[0] (Raw Tracks) :
   - Type : <class 'numpy.ndarray'>
   - Quantité : 5872
4. Contenu de tracks[1] (Interpolated Tracks) :
   - Type : <class 'numpy.ndarray'>
   - Shape (Dimensions) : (2827,)
---------------------------------------------------


INSPECTION DE LA STRUCTURE 'tracks' (Bloc 100)
---------------------------------------------------
1. Type de l'objet 'tracks' : <class 'list'>
2. Nombre d'éléments dans 'tracks' : 2
3. Contenu de tracks[0] (Raw Tracks) :
   - Type : <class 'numpy.ndarray'>
   - Quantité : 7146
4. Contenu de tracks[1] (Interpolated Tracks) :
   - Type : <class 'numpy.ndarray'>
   - Shape (Dimensions) : (3467,)
---------------------------------------------------


INSPECTION DE LA STRUCTURE 'tracks' (Bloc 101)
---------------------------------------------------
1. Type de l'objet 'tracks' : <class 'list'>
2. Nombre d'éléments dans 'tracks' : 2
3. Contenu de tracks[0] (Raw Tracks) :
   - Type : <class 'numpy.ndarray'>
   - Quantité : 8170
4. Contenu de tracks[1] (Interpolated Tracks) :
   - Type : <class 'numpy.ndarray'>
   - Shape (Dimensions) : (3519,)
---------------------------------------------------


INSPECTION DE LA STRUCTURE 'tracks' (Bloc 102)
---------------------------------------------------
1. Type de l'objet 'tracks' : <class 'list'>
2. Nombre d'éléments dans 'tracks' : 2
3. Contenu de tracks[0] (Raw Tracks) :
   - Type : <class 'numpy.ndarray'>
   - Quantité : 8266
4. Contenu de tracks[1] (Interpolated Tracks) :
   - Type : <class 'numpy.ndarray'>
   - Shape (Dimensions) : (3110,)
---------------------------------------------------


INSPECTION DE LA STRUCTURE 'tracks' (Bloc 103)
---------------------------------------------------
1. Type de l'objet 'tracks' : <class 'list'>
2. Nombre d'éléments dans 'tracks' : 2
3. Contenu de tracks[0] (Raw Tracks) :
   - Type : <class 'numpy.ndarray'>
   - Quantité : 5646
4. Contenu de tracks[1] (Interpolated Tracks) :
   - Type : <class 'numpy.ndarray'>
   - Shape (Dimensions) : (2616,)
---------------------------------------------------


INSPECTION DE LA STRUCTURE 'tracks' (Bloc 104)
---------------------------------------------------
1. Type de l'objet 'tracks' : <class 'list'>
2. Nombre d'éléments dans 'tracks' : 2
3. Contenu de tracks[0] (Raw Tracks) :
   - Type : <class 'numpy.ndarray'>
   - Quantité : 7704
4. Contenu de tracks[1] (Interpolated Tracks) :
   - Type : <class 'numpy.ndarray'>
   - Shape (Dimensions) : (2960,)
---------------------------------------------------


INSPECTION DE LA STRUCTURE 'tracks' (Bloc 105)
---------------------------------------------------
1. Type de l'objet 'tracks' : <class 'list'>
2. Nombre d'éléments dans 'tracks' : 2
3. Contenu de tracks[0] (Raw Tracks) :
   - Type : <class 'numpy.ndarray'>
   - Quantité : 7387
4. Contenu de tracks[1] (Interpolated Tracks) :
   - Type : <class 'numpy.ndarray'>
   - Shape (Dimensions) : (3300,)
---------------------------------------------------


INSPECTION DE LA STRUCTURE 'tracks' (Bloc 106)
---------------------------------------------------
1. Type de l'objet 'tracks' : <class 'list'>
2. Nombre d'éléments dans 'tracks' : 2
3. Contenu de tracks[0] (Raw Tracks) :
   - Type : <class 'numpy.ndarray'>
   - Quantité : 4790
4. Contenu de tracks[1] (Interpolated Tracks) :
   - Type : <class 'numpy.ndarray'>
   - Shape (Dimensions) : (2112,)
---------------------------------------------------


INSPECTION DE LA STRUCTURE 'tracks' (Bloc 107)
---------------------------------------------------
1. Type de l'objet 'tracks' : <class 'list'>
2. Nombre d'éléments dans 'tracks' : 2
3. Contenu de tracks[0] (Raw Tracks) :
   - Type : <class 'numpy.ndarray'>
   - Quantité : 5872
4. Contenu de tracks[1] (Interpolated Tracks) :
   - Type : <class 'numpy.ndarray'>
   - Shape (Dimensions) : (2589,)
---------------------------------------------------


INSPECTION DE LA STRUCTURE 'tracks' (Bloc 108)
---------------------------------------------------
1. Type de l'objet 'tracks' : <class 'list'>
2. Nombre d'éléments dans 'tracks' : 2
3. Contenu de tracks[0] (Raw Tracks) :
   - Type : <class 'numpy.ndarray'>
   - Quantité : 12143
4. Contenu de tracks[1] (Interpolated Tracks) :
   - Type : <class 'numpy.ndarray'>
   - Shape (Dimensions) : (4476,)
---------------------------------------------------


INSPECTION DE LA STRUCTURE 'tracks' (Bloc 109)
---------------------------------------------------
1. Type de l'objet 'tracks' : <class 'list'>
2. Nombre d'éléments dans 'tracks' : 2
3. Contenu de tracks[0] (Raw Tracks) :
   - Type : <class 'numpy.ndarray'>
   - Quantité : 9332
4. Contenu de tracks[1] (Interpolated Tracks) :
   - Type : <class 'numpy.ndarray'>
   - Shape (Dimensions) : (3863,)
---------------------------------------------------


INSPECTION DE LA STRUCTURE 'tracks' (Bloc 110)
---------------------------------------------------
1. Type de l'objet 'tracks' : <class 'list'>
2. Nombre d'éléments dans 'tracks' : 2
3. Contenu de tracks[0] (Raw Tracks) :
   - Type : <class 'numpy.ndarray'>
   - Quantité : 12497
4. Contenu de tracks[1] (Interpolated Tracks) :
   - Type : <class 'numpy.ndarray'>
   - Shape (Dimensions) : (5507,)
---------------------------------------------------


INSPECTION DE LA STRUCTURE 'tracks' (Bloc 111)
---------------------------------------------------
1. Type de l'objet 'tracks' : <class 'list'>
2. Nombre d'éléments dans 'tracks' : 2
3. Contenu de tracks[0] (Raw Tracks) :
   - Type : <class 'numpy.ndarray'>
   - Quantité : 12796
4. Contenu de tracks[1] (Interpolated Tracks) :
   - Type : <class 'numpy.ndarray'>
   - Shape (Dimensions) : (5345,)
---------------------------------------------------


INSPECTION DE LA STRUCTURE 'tracks' (Bloc 112)
---------------------------------------------------
1. Type de l'objet 'tracks' : <class 'list'>
2. Nombre d'éléments dans 'tracks' : 2
3. Contenu de tracks[0] (Raw Tracks) :
   - Type : <class 'numpy.ndarray'>
   - Quantité : 17270
4. Contenu de tracks[1] (Interpolated Tracks) :
   - Type : <class 'numpy.ndarray'>
   - Shape (Dimensions) : (7075,)
---------------------------------------------------


INSPECTION DE LA STRUCTURE 'tracks' (Bloc 113)
---------------------------------------------------
1. Type de l'objet 'tracks' : <class 'list'>
2. Nombre d'éléments dans 'tracks' : 2
3. Contenu de tracks[0] (Raw Tracks) :
   - Type : <class 'numpy.ndarray'>
   - Quantité : 19395
4. Contenu de tracks[1] (Interpolated Tracks) :
   - Type : <class 'numpy.ndarray'>
   - Shape (Dimensions) : (7402,)
---------------------------------------------------


INSPECTION DE LA STRUCTURE 'tracks' (Bloc 114)
---------------------------------------------------
1. Type de l'objet 'tracks' : <class 'list'>
2. Nombre d'éléments dans 'tracks' : 2
3. Contenu de tracks[0] (Raw Tracks) :
   - Type : <class 'numpy.ndarray'>
   - Quantité : 15434
4. Contenu de tracks[1] (Interpolated Tracks) :
   - Type : <class 'numpy.ndarray'>
   - Shape (Dimensions) : (6886,)
---------------------------------------------------


INSPECTION DE LA STRUCTURE 'tracks' (Bloc 115)
---------------------------------------------------
1. Type de l'objet 'tracks' : <class 'list'>
2. Nombre d'éléments dans 'tracks' : 2
3. Contenu de tracks[0] (Raw Tracks) :
   - Type : <class 'numpy.ndarray'>
   - Quantité : 18833
4. Contenu de tracks[1] (Interpolated Tracks) :
   - Type : <class 'numpy.ndarray'>
   - Shape (Dimensions) : (7720,)
---------------------------------------------------


INSPECTION DE LA STRUCTURE 'tracks' (Bloc 116)
---------------------------------------------------
1. Type de l'objet 'tracks' : <class 'list'>
2. Nombre d'éléments dans 'tracks' : 2
3. Contenu de tracks[0] (Raw Tracks) :
   - Type : <class 'numpy.ndarray'>
   - Quantité : 17969
4. Contenu de tracks[1] (Interpolated Tracks) :
   - Type : <class 'numpy.ndarray'>
   - Shape (Dimensions) : (7287,)
---------------------------------------------------


INSPECTION DE LA STRUCTURE 'tracks' (Bloc 117)
---------------------------------------------------
1. Type de l'objet 'tracks' : <class 'list'>
2. Nombre d'éléments dans 'tracks' : 2
3. Contenu de tracks[0] (Raw Tracks) :
   - Type : <class 'numpy.ndarray'>
   - Quantité : 16659
4. Contenu de tracks[1] (Interpolated Tracks) :
   - Type : <class 'numpy.ndarray'>
   - Shape (Dimensions) : (7516,)
---------------------------------------------------


INSPECTION DE LA STRUCTURE 'tracks' (Bloc 118)
---------------------------------------------------
1. Type de l'objet 'tracks' : <class 'list'>
2. Nombre d'éléments dans 'tracks' : 2
3. Contenu de tracks[0] (Raw Tracks) :
   - Type : <class 'numpy.ndarray'>
   - Quantité : 19879
4. Contenu de tracks[1] (Interpolated Tracks) :
   - Type : <class 'numpy.ndarray'>
   - Shape (Dimensions) : (7720,)
---------------------------------------------------


INSPECTION DE LA STRUCTURE 'tracks' (Bloc 119)
---------------------------------------------------
1. Type de l'objet 'tracks' : <class 'list'>
2. Nombre d'éléments dans 'tracks' : 2
3. Contenu de tracks[0] (Raw Tracks) :
   - Type : <class 'numpy.ndarray'>
   - Quantité : 19114
4. Contenu de tracks[1] (Interpolated Tracks) :
   - Type : <class 'numpy.ndarray'>
   - Shape (Dimensions) : (7973,)
---------------------------------------------------


INSPECTION DE LA STRUCTURE 'tracks' (Bloc 120)
---------------------------------------------------
1. Type de l'objet 'tracks' : <class 'list'>
2. Nombre d'éléments dans 'tracks' : 2
3. Contenu de tracks[0] (Raw Tracks) :
   - Type : <class 'numpy.ndarray'>
   - Quantité : 19166
4. Contenu de tracks[1] (Interpolated Tracks) :
   - Type : <class 'numpy.ndarray'>
   - Shape (Dimensions) : (7622,)
---------------------------------------------------


INSPECTION DE LA STRUCTURE 'tracks' (Bloc 121)
---------------------------------------------------
1. Type de l'objet 'tracks' : <class 'list'>
2. Nombre d'éléments dans 'tracks' : 2
3. Contenu de tracks[0] (Raw Tracks) :
   - Type : <class 'numpy.ndarray'>
   - Quantité : 21665
4. Contenu de tracks[1] (Interpolated Tracks) :
   - Type : <class 'numpy.ndarray'>
   - Shape (Dimensions) : (9382,)
---------------------------------------------------


INSPECTION DE LA STRUCTURE 'tracks' (Bloc 122)
---------------------------------------------------
1. Type de l'objet 'tracks' : <class 'list'>
2. Nombre d'éléments dans 'tracks' : 2
3. Contenu de tracks[0] (Raw Tracks) :
   - Type : <class 'numpy.ndarray'>
   - Quantité : 19510
4. Contenu de tracks[1] (Interpolated Tracks) :
   - Type : <class 'numpy.ndarray'>
   - Shape (Dimensions) : (8211,)
---------------------------------------------------


INSPECTION DE LA STRUCTURE 'tracks' (Bloc 123)
---------------------------------------------------
1. Type de l'objet 'tracks' : <class 'list'>
2. Nombre d'éléments dans 'tracks' : 2
3. Contenu de tracks[0] (Raw Tracks) :
   - Type : <class 'numpy.ndarray'>
   - Quantité : 17866
4. Contenu de tracks[1] (Interpolated Tracks) :
   - Type : <class 'numpy.ndarray'>
   - Shape (Dimensions) : (7102,)
---------------------------------------------------


INSPECTION DE LA STRUCTURE 'tracks' (Bloc 124)
---------------------------------------------------
1. Type de l'objet 'tracks' : <class 'list'>
2. Nombre d'éléments dans 'tracks' : 2
3. Contenu de tracks[0] (Raw Tracks) :
   - Type : <class 'numpy.ndarray'>
   - Quantité : 18503
4. Contenu de tracks[1] (Interpolated Tracks) :
   - Type : <class 'numpy.ndarray'>
   - Shape (Dimensions) : (7371,)
---------------------------------------------------


INSPECTION DE LA STRUCTURE 'tracks' (Bloc 125)
---------------------------------------------------
1. Type de l'objet 'tracks' : <class 'list'>
2. Nombre d'éléments dans 'tracks' : 2
3. Contenu de tracks[0] (Raw Tracks) :
   - Type : <class 'numpy.ndarray'>
   - Quantité : 19737
4. Contenu de tracks[1] (Interpolated Tracks) :
   - Type : <class 'numpy.ndarray'>
   - Shape (Dimensions) : (8384,)
---------------------------------------------------


INSPECTION DE LA STRUCTURE 'tracks' (Bloc 126)
---------------------------------------------------
1. Type de l'objet 'tracks' : <class 'list'>
2. Nombre d'éléments dans 'tracks' : 2
3. Contenu de tracks[0] (Raw Tracks) :
   - Type : <class 'numpy.ndarray'>
   - Quantité : 16625
4. Contenu de tracks[1] (Interpolated Tracks) :
   - Type : <class 'numpy.ndarray'>
   - Shape (Dimensions) : (6989,)
---------------------------------------------------


INSPECTION DE LA STRUCTURE 'tracks' (Bloc 127)
---------------------------------------------------
1. Type de l'objet 'tracks' : <class 'list'>
2. Nombre d'éléments dans 'tracks' : 2
3. Contenu de tracks[0] (Raw Tracks) :
   - Type : <class 'numpy.ndarray'>
   - Quantité : 18570
4. Contenu de tracks[1] (Interpolated Tracks) :
   - Type : <class 'numpy.ndarray'>
   - Shape (Dimensions) : (7374,)
---------------------------------------------------


INSPECTION DE LA STRUCTURE 'tracks' (Bloc 128)
---------------------------------------------------
1. Type de l'objet 'tracks' : <class 'list'>
2. Nombre d'éléments dans 'tracks' : 2
3. Contenu de tracks[0] (Raw Tracks) :
   - Type : <class 'numpy.ndarray'>
   - Quantité : 22166
4. Contenu de tracks[1] (Interpolated Tracks) :
   - Type : <class 'numpy.ndarray'>
   - Shape (Dimensions) : (8506,)
---------------------------------------------------


INSPECTION DE LA STRUCTURE 'tracks' (Bloc 129)
---------------------------------------------------
1. Type de l'objet 'tracks' : <class 'list'>
2. Nombre d'éléments dans 'tracks' : 2
3. Contenu de tracks[0] (Raw Tracks) :
   - Type : <class 'numpy.ndarray'>
   - Quantité : 20753
4. Contenu de tracks[1] (Interpolated Tracks) :
   - Type : <class 'numpy.ndarray'>
   - Shape (Dimensions) : (8077,)
---------------------------------------------------


INSPECTION DE LA STRUCTURE 'tracks' (Bloc 130)
---------------------------------------------------
1. Type de l'objet 'tracks' : <class 'list'>
2. Nombre d'éléments dans 'tracks' : 2
3. Contenu de tracks[0] (Raw Tracks) :
   - Type : <class 'numpy.ndarray'>
   - Quantité : 19527
4. Contenu de tracks[1] (Interpolated Tracks) :
   - Type : <class 'numpy.ndarray'>
   - Shape (Dimensions) : (8737,)
---------------------------------------------------


INSPECTION DE LA STRUCTURE 'tracks' (Bloc 131)
---------------------------------------------------
1. Type de l'objet 'tracks' : <class 'list'>
2. Nombre d'éléments dans 'tracks' : 2
3. Contenu de tracks[0] (Raw Tracks) :
   - Type : <class 'numpy.ndarray'>
   - Quantité : 19337
4. Contenu de tracks[1] (Interpolated Tracks) :
   - Type : <class 'numpy.ndarray'>
   - Shape (Dimensions) : (8038,)
---------------------------------------------------


INSPECTION DE LA STRUCTURE 'tracks' (Bloc 132)
---------------------------------------------------
1. Type de l'objet 'tracks' : <class 'list'>
2. Nombre d'éléments dans 'tracks' : 2
3. Contenu de tracks[0] (Raw Tracks) :
   - Type : <class 'numpy.ndarray'>
   - Quantité : 23803
4. Contenu de tracks[1] (Interpolated Tracks) :
   - Type : <class 'numpy.ndarray'>
   - Shape (Dimensions) : (8929,)
---------------------------------------------------


INSPECTION DE LA STRUCTURE 'tracks' (Bloc 133)
---------------------------------------------------
1. Type de l'objet 'tracks' : <class 'list'>
2. Nombre d'éléments dans 'tracks' : 2
3. Contenu de tracks[0] (Raw Tracks) :
   - Type : <class 'numpy.ndarray'>
   - Quantité : 18628
4. Contenu de tracks[1] (Interpolated Tracks) :
   - Type : <class 'numpy.ndarray'>
   - Shape (Dimensions) : (7949,)
---------------------------------------------------


INSPECTION DE LA STRUCTURE 'tracks' (Bloc 134)
---------------------------------------------------
1. Type de l'objet 'tracks' : <class 'list'>
2. Nombre d'éléments dans 'tracks' : 2
3. Contenu de tracks[0] (Raw Tracks) :
   - Type : <class 'numpy.ndarray'>
   - Quantité : 20242
4. Contenu de tracks[1] (Interpolated Tracks) :
   - Type : <class 'numpy.ndarray'>
   - Shape (Dimensions) : (8092,)
---------------------------------------------------


INSPECTION DE LA STRUCTURE 'tracks' (Bloc 135)
---------------------------------------------------
1. Type de l'objet 'tracks' : <class 'list'>
2. Nombre d'éléments dans 'tracks' : 2
3. Contenu de tracks[0] (Raw Tracks) :
   - Type : <class 'numpy.ndarray'>
   - Quantité : 18554
4. Contenu de tracks[1] (Interpolated Tracks) :
   - Type : <class 'numpy.ndarray'>
   - Shape (Dimensions) : (7488,)
---------------------------------------------------


INSPECTION DE LA STRUCTURE 'tracks' (Bloc 136)
---------------------------------------------------
1. Type de l'objet 'tracks' : <class 'list'>
2. Nombre d'éléments dans 'tracks' : 2
3. Contenu de tracks[0] (Raw Tracks) :
   - Type : <class 'numpy.ndarray'>
   - Quantité : 15101
4. Contenu de tracks[1] (Interpolated Tracks) :
   - Type : <class 'numpy.ndarray'>
   - Shape (Dimensions) : (6360,)
---------------------------------------------------


INSPECTION DE LA STRUCTURE 'tracks' (Bloc 137)
---------------------------------------------------
1. Type de l'objet 'tracks' : <class 'list'>
2. Nombre d'éléments dans 'tracks' : 2
3. Contenu de tracks[0] (Raw Tracks) :
   - Type : <class 'numpy.ndarray'>
   - Quantité : 19961
4. Contenu de tracks[1] (Interpolated Tracks) :
   - Type : <class 'numpy.ndarray'>
   - Shape (Dimensions) : (7642,)
---------------------------------------------------


INSPECTION DE LA STRUCTURE 'tracks' (Bloc 138)
---------------------------------------------------
1. Type de l'objet 'tracks' : <class 'list'>
2. Nombre d'éléments dans 'tracks' : 2
3. Contenu de tracks[0] (Raw Tracks) :
   - Type : <class 'numpy.ndarray'>
   - Quantité : 17855
4. Contenu de tracks[1] (Interpolated Tracks) :
   - Type : <class 'numpy.ndarray'>
   - Shape (Dimensions) : (8245,)
---------------------------------------------------


INSPECTION DE LA STRUCTURE 'tracks' (Bloc 139)
---------------------------------------------------
1. Type de l'objet 'tracks' : <class 'list'>
2. Nombre d'éléments dans 'tracks' : 2
3. Contenu de tracks[0] (Raw Tracks) :
   - Type : <class 'numpy.ndarray'>
   - Quantité : 20030
4. Contenu de tracks[1] (Interpolated Tracks) :
   - Type : <class 'numpy.ndarray'>
   - Shape (Dimensions) : (8070,)
---------------------------------------------------


INSPECTION DE LA STRUCTURE 'tracks' (Bloc 140)
---------------------------------------------------
1. Type de l'objet 'tracks' : <class 'list'>
2. Nombre d'éléments dans 'tracks' : 2
3. Contenu de tracks[0] (Raw Tracks) :
   - Type : <class 'numpy.ndarray'>
   - Quantité : 17127
4. Contenu de tracks[1] (Interpolated Tracks) :
   - Type : <class 'numpy.ndarray'>
   - Shape (Dimensions) : (6677,)
---------------------------------------------------


INSPECTION DE LA STRUCTURE 'tracks' (Bloc 141)
---------------------------------------------------
1. Type de l'objet 'tracks' : <class 'list'>
2. Nombre d'éléments dans 'tracks' : 2
3. Contenu de tracks[0] (Raw Tracks) :
   - Type : <class 'numpy.ndarray'>
   - Quantité : 17450
4. Contenu de tracks[1] (Interpolated Tracks) :
   - Type : <class 'numpy.ndarray'>
   - Shape (Dimensions) : (6807,)
---------------------------------------------------


INSPECTION DE LA STRUCTURE 'tracks' (Bloc 142)
---------------------------------------------------
1. Type de l'objet 'tracks' : <class 'list'>
2. Nombre d'éléments dans 'tracks' : 2
3. Contenu de tracks[0] (Raw Tracks) :
   - Type : <class 'numpy.ndarray'>
   - Quantité : 17104
4. Contenu de tracks[1] (Interpolated Tracks) :
   - Type : <class 'numpy.ndarray'>
   - Shape (Dimensions) : (6576,)
---------------------------------------------------


INSPECTION DE LA STRUCTURE 'tracks' (Bloc 143)
---------------------------------------------------
1. Type de l'objet 'tracks' : <class 'list'>
2. Nombre d'éléments dans 'tracks' : 2
3. Contenu de tracks[0] (Raw Tracks) :
   - Type : <class 'numpy.ndarray'>
   - Quantité : 21031
4. Contenu de tracks[1] (Interpolated Tracks) :
   - Type : <class 'numpy.ndarray'>
   - Shape (Dimensions) : (8951,)
---------------------------------------------------


INSPECTION DE LA STRUCTURE 'tracks' (Bloc 144)
---------------------------------------------------
1. Type de l'objet 'tracks' : <class 'list'>
2. Nombre d'éléments dans 'tracks' : 2
3. Contenu de tracks[0] (Raw Tracks) :
   - Type : <class 'numpy.ndarray'>
   - Quantité : 16948
4. Contenu de tracks[1] (Interpolated Tracks) :
   - Type : <class 'numpy.ndarray'>
   - Shape (Dimensions) : (7221,)
---------------------------------------------------


INSPECTION DE LA STRUCTURE 'tracks' (Bloc 145)
---------------------------------------------------
1. Type de l'objet 'tracks' : <class 'list'>
2. Nombre d'éléments dans 'tracks' : 2
3. Contenu de tracks[0] (Raw Tracks) :
   - Type : <class 'numpy.ndarray'>
   - Quantité : 20341
4. Contenu de tracks[1] (Interpolated Tracks) :
   - Type : <class 'numpy.ndarray'>
   - Shape (Dimensions) : (8367,)
---------------------------------------------------


INSPECTION DE LA STRUCTURE 'tracks' (Bloc 146)
---------------------------------------------------
1. Type de l'objet 'tracks' : <class 'list'>
2. Nombre d'éléments dans 'tracks' : 2
3. Contenu de tracks[0] (Raw Tracks) :
   - Type : <class 'numpy.ndarray'>
   - Quantité : 20878
4. Contenu de tracks[1] (Interpolated Tracks) :
   - Type : <class 'numpy.ndarray'>
   - Shape (Dimensions) : (8515,)
---------------------------------------------------


INSPECTION DE LA STRUCTURE 'tracks' (Bloc 147)
---------------------------------------------------
1. Type de l'objet 'tracks' : <class 'list'>
2. Nombre d'éléments dans 'tracks' : 2
3. Contenu de tracks[0] (Raw Tracks) :
   - Type : <class 'numpy.ndarray'>
   - Quantité : 16355
4. Contenu de tracks[1] (Interpolated Tracks) :
   - Type : <class 'numpy.ndarray'>
   - Shape (Dimensions) : (7145,)
---------------------------------------------------


INSPECTION DE LA STRUCTURE 'tracks' (Bloc 148)
---------------------------------------------------
1. Type de l'objet 'tracks' : <class 'list'>
2. Nombre d'éléments dans 'tracks' : 2
3. Contenu de tracks[0] (Raw Tracks) :
   - Type : <class 'numpy.ndarray'>
   - Quantité : 16550
4. Contenu de tracks[1] (Interpolated Tracks) :
   - Type : <class 'numpy.ndarray'>
   - Shape (Dimensions) : (6783,)
---------------------------------------------------


INSPECTION DE LA STRUCTURE 'tracks' (Bloc 149)
---------------------------------------------------
1. Type de l'objet 'tracks' : <class 'list'>
2. Nombre d'éléments dans 'tracks' : 2
3. Contenu de tracks[0] (Raw Tracks) :
   - Type : <class 'numpy.ndarray'>
   - Quantité : 17157
4. Contenu de tracks[1] (Interpolated Tracks) :
   - Type : <class 'numpy.ndarray'>
   - Shape (Dimensions) : (7180,)
---------------------------------------------------


INSPECTION DE LA STRUCTURE 'tracks' (Bloc 150)
---------------------------------------------------
1. Type de l'objet 'tracks' : <class 'list'>
2. Nombre d'éléments dans 'tracks' : 2
3. Contenu de tracks[0] (Raw Tracks) :
   - Type : <class 'numpy.ndarray'>
   - Quantité : 15833
4. Contenu de tracks[1] (Interpolated Tracks) :
   - Type : <class 'numpy.ndarray'>
   - Shape (Dimensions) : (6521,)
---------------------------------------------------


INSPECTION DE LA STRUCTURE 'tracks' (Bloc 151)
---------------------------------------------------
1. Type de l'objet 'tracks' : <class 'list'>
2. Nombre d'éléments dans 'tracks' : 2
3. Contenu de tracks[0] (Raw Tracks) :
   - Type : <class 'numpy.ndarray'>
   - Quantité : 17640
4. Contenu de tracks[1] (Interpolated Tracks) :
   - Type : <class 'numpy.ndarray'>
   - Shape (Dimensions) : (7102,)
---------------------------------------------------


INSPECTION DE LA STRUCTURE 'tracks' (Bloc 152)
---------------------------------------------------
1. Type de l'objet 'tracks' : <class 'list'>
2. Nombre d'éléments dans 'tracks' : 2
3. Contenu de tracks[0] (Raw Tracks) :
   - Type : <class 'numpy.ndarray'>
   - Quantité : 12353
4. Contenu de tracks[1] (Interpolated Tracks) :
   - Type : <class 'numpy.ndarray'>
   - Shape (Dimensions) : (5298,)
---------------------------------------------------


INSPECTION DE LA STRUCTURE 'tracks' (Bloc 153)
---------------------------------------------------
1. Type de l'objet 'tracks' : <class 'list'>
2. Nombre d'éléments dans 'tracks' : 2
3. Contenu de tracks[0] (Raw Tracks) :
   - Type : <class 'numpy.ndarray'>
   - Quantité : 5015
4. Contenu de tracks[1] (Interpolated Tracks) :
   - Type : <class 'numpy.ndarray'>
   - Shape (Dimensions) : (1847,)
---------------------------------------------------


INSPECTION DE LA STRUCTURE 'tracks' (Bloc 154)
---------------------------------------------------
1. Type de l'objet 'tracks' : <class 'list'>
2. Nombre d'éléments dans 'tracks' : 2
3. Contenu de tracks[0] (Raw Tracks) :
   - Type : <class 'numpy.ndarray'>
   - Quantité : 3294
4. Contenu de tracks[1] (Interpolated Tracks) :
   - Type : <class 'numpy.ndarray'>
   - Shape (Dimensions) : (1351,)
---------------------------------------------------


INSPECTION DE LA STRUCTURE 'tracks' (Bloc 155)
---------------------------------------------------
1. Type de l'objet 'tracks' : <class 'list'>
2. Nombre d'éléments dans 'tracks' : 2
3. Contenu de tracks[0] (Raw Tracks) :
   - Type : <class 'numpy.ndarray'>
   - Quantité : 4870
4. Contenu de tracks[1] (Interpolated Tracks) :
   - Type : <class 'numpy.ndarray'>
   - Shape (Dimensions) : (1999,)
---------------------------------------------------


INSPECTION DE LA STRUCTURE 'tracks' (Bloc 156)
---------------------------------------------------
1. Type de l'objet 'tracks' : <class 'list'>
2. Nombre d'éléments dans 'tracks' : 2
3. Contenu de tracks[0] (Raw Tracks) :
   - Type : <class 'numpy.ndarray'>
   - Quantité : 4310
4. Contenu de tracks[1] (Interpolated Tracks) :
   - Type : <class 'numpy.ndarray'>
   - Shape (Dimensions) : (2016,)
---------------------------------------------------


INSPECTION DE LA STRUCTURE 'tracks' (Bloc 157)
---------------------------------------------------
1. Type de l'objet 'tracks' : <class 'list'>
2. Nombre d'éléments dans 'tracks' : 2
3. Contenu de tracks[0] (Raw Tracks) :
   - Type : <class 'numpy.ndarray'>
   - Quantité : 6432
4. Contenu de tracks[1] (Interpolated Tracks) :
   - Type : <class 'numpy.ndarray'>
   - Shape (Dimensions) : (2992,)
---------------------------------------------------


INSPECTION DE LA STRUCTURE 'tracks' (Bloc 158)
---------------------------------------------------
1. Type de l'objet 'tracks' : <class 'list'>
2. Nombre d'éléments dans 'tracks' : 2
3. Contenu de tracks[0] (Raw Tracks) :
   - Type : <class 'numpy.ndarray'>
   - Quantité : 19443
4. Contenu de tracks[1] (Interpolated Tracks) :
   - Type : <class 'numpy.ndarray'>
   - Shape (Dimensions) : (7881,)
---------------------------------------------------


INSPECTION DE LA STRUCTURE 'tracks' (Bloc 159)
---------------------------------------------------
1. Type de l'objet 'tracks' : <class 'list'>
2. Nombre d'éléments dans 'tracks' : 2
3. Contenu de tracks[0] (Raw Tracks) :
   - Type : <class 'numpy.ndarray'>
   - Quantité : 19695
4. Contenu de tracks[1] (Interpolated Tracks) :
   - Type : <class 'numpy.ndarray'>
   - Shape (Dimensions) : (7521,)
---------------------------------------------------


INSPECTION DE LA STRUCTURE 'tracks' (Bloc 160)
---------------------------------------------------
1. Type de l'objet 'tracks' : <class 'list'>
2. Nombre d'éléments dans 'tracks' : 2
3. Contenu de tracks[0] (Raw Tracks) :
   - Type : <class 'numpy.ndarray'>
   - Quantité : 18145
4. Contenu de tracks[1] (Interpolated Tracks) :
   - Type : <class 'numpy.ndarray'>
   - Shape (Dimensions) : (6967,)
---------------------------------------------------


INSPECTION DE LA STRUCTURE 'tracks' (Bloc 161)
---------------------------------------------------
1. Type de l'objet 'tracks' : <class 'list'>
2. Nombre d'éléments dans 'tracks' : 2
3. Contenu de tracks[0] (Raw Tracks) :
   - Type : <class 'numpy.ndarray'>
   - Quantité : 17890
4. Contenu de tracks[1] (Interpolated Tracks) :
   - Type : <class 'numpy.ndarray'>
   - Shape (Dimensions) : (7027,)
---------------------------------------------------

