[1mConfig file: /projects/ecptr/Open-3DULM-main-test/config/basic_config.yaml[0m
[1m400 IQ files générés: /projects/ecptr/3D_ULM_Data (/projects/ecptr/3D_ULM_Data/IQ001.mat...)[0m
[1mOutput dir: /projects/ecptr/results/config_163[0m
LOG FROM YAML = []
[34m[1mInput params from /projects/ecptr/Open-3DULM-main-test/config/basic_config.yaml:
 bandpass_filter:
- 10
- 64
export_extension_tracks_localizations:
- npz
- csv
- hdf5
export_extension_volume:
- npz
- hdf5
- npy
export_volume:
- density
- velocity
- directivity
- saturation_curve
- power_doppler
filt_mode: SVD
filter_order: 2
fwhm:
- 5
- 5
- 5
input_var_name: IQ
max_gap_closing: 0
max_velocity: 30
max_workers: 1
min_length: 19
min_snr: 9
nb_local_max: 10
number_of_particles: 900
origin:
- 37.453
- -4.8
- -5.175
patch_size:
- 7
- 7
- 7
res: 10
svd_values:
- 12
- 200
volumerate: 260
voxel_size:
- 0.09856
- 0.15
- 0.15
z_dim: 0
[0m
[1mUse default number of workers 1[0m
ULM RECEIVED LOG = [32m[1mOutput folders created at /projects/ecptr/results/config_163[0m
[]
[1mInitializing ULM pipeline...[0m
[1mmax_gap_closing: 0[0m
[1mmax_linking_distance_dist: 0.159424 (~1.2 voxel)[0m
[1mmin_track_len: 19[0m
[1mCompute Power Doppler on 2 blocs.[0m
[34m[1mSaving dict_keys(['power_doppler', 'pitch', 'origin']) in /projects/ecptr/results/config_163/volume/power_doppler[0m
[1mStart processing (single thread)[0m
[34m[1m73379 maxima found[0m
[34m[1m73379 maxima kept[0m
compute_bloc sees log = []
[34m[1m86072 maxima found[0m
[34m[1m86072 maxima kept[0m
compute_bloc sees log = []
[34m[1m87935 maxima found[0m
[34m[1m87935 maxima kept[0m
compute_bloc sees log = []
[34m[1m73821 maxima found[0m
[34m[1m73821 maxima kept[0m
compute_bloc sees log = []
[34m[1m88992 maxima found[0m
[34m[1m88992 maxima kept[0m
compute_bloc sees log = []
[34m[1m89477 maxima found[0m
[34m[1m89477 maxima kept[0m
compute_bloc sees log = []
[34m[1m72463 maxima found[0m
[34m[1m72463 maxima kept[0m
compute_bloc sees log = []
[34m[1m83452 maxima found[0m
[34m[1m83452 maxima kept[0m
