  0%|          | 0/400 [00:00<?, ?it/s]  0%|          | 0/400 [00:12<?, ?it/s]
concurrent.futures.process._RemoteTraceback: 
"""
Traceback (most recent call last):
  File "/usr/lib/python3.12/concurrent/futures/process.py", line 263, in _process_worker
    r = call_item.fn(*call_item.args, **call_item.kwargs)
        ^^^^^^^^^^^^^^^^^^^^^^^^^^^^^^^^^^^^^^^^^^^^^^^^^
  File "/usr/lib/python3.12/concurrent/futures/process.py", line 212, in _process_chunk
    return [fn(*args) for args in chunk]
            ^^^^^^^^^
  File "/projects/ecptr/Espace_GIT/Espace_Dylan/Chef-D-oeuvre-ECPTR-/Open-3DULM-main/scripts/open_3D_ulm_main.py", line 199, in compute_block
    localizations = ulm_pipeline.super_localization(iq_before_loc)
                    ^^^^^^^^^^^^^^^^^^^^^^^^^^^^^^^^^^^^^^^^^^^^^^
  File "/projects/ecptr/Espace_GIT/Espace_Dylan/Chef-D-oeuvre-ECPTR-/Open-3DULM-main/src/ulm3d/ulm_yolo.py", line 231, in super_localization
    model_path=self.yolo_model_path,
              ^^^^^^^^^^^^^^^^^^^^
AttributeError: 'ULM' object has no attribute 'yolo_model_path'
"""

The above exception was the direct cause of the following exception:

Traceback (most recent call last):
  File "/projects/ecptr/Espace_GIT/Espace_Dylan/Chef-D-oeuvre-ECPTR-/Open-3DULM-main/scripts/open_3D_ulm_main.py", line 388, in <module>
    run(
  File "/projects/ecptr/Espace_GIT/Espace_Dylan/Chef-D-oeuvre-ECPTR-/Open-3DULM-main/scripts/open_3D_ulm_main.py", line 321, in run
    for _ in executor.map(
  File "/usr/lib/python3.12/concurrent/futures/process.py", line 642, in _chain_from_iterable_of_lists
    for element in iterable:
  File "/usr/lib/python3.12/concurrent/futures/_base.py", line 619, in result_iterator
    yield _result_or_cancel(fs.pop())
          ^^^^^^^^^^^^^^^^^^^^^^^^^^^
  File "/usr/lib/python3.12/concurrent/futures/_base.py", line 317, in _result_or_cancel
    return fut.result(timeout)
           ^^^^^^^^^^^^^^^^^^^
  File "/usr/lib/python3.12/concurrent/futures/_base.py", line 456, in result
    return self.__get_result()
           ^^^^^^^^^^^^^^^^^^^
  File "/usr/lib/python3.12/concurrent/futures/_base.py", line 401, in __get_result
    raise self._exception
AttributeError: 'ULM' object has no attribute 'yolo_model_path'
srun: error: r9ng-8000-1: task 0: Exited with exit code 1
