[1mConfig file: /projects/ecptr/Espace_GIT/Espace_Dylan/Chef-D-oeuvre-ECPTR-/Open-3DULM-main/config/basic_config.yaml[0m
[1m400 IQ files générés: /projects/ecptr/3D_ULM_Data (/projects/ecptr/3D_ULM_Data/IQ001.mat...)[0m
[1mOutput dir: /projects/ecptr/results/config_175[0m
LOG FROM YAML = ['tracking', 'conditionnement', 'pipeline']
Using 4 worker(s)
[34m[1mInput params from /projects/ecptr/Espace_GIT/Espace_Dylan/Chef-D-oeuvre-ECPTR-/Open-3DULM-main/config/basic_config.yaml:
 bandpass_filter:
- 10
- 64
export_extension_tracks_localizations:
- npz
- csv
- hdf5
export_extension_volume:
- npz
- hdf5
- npy
export_volume:
- density
- velocity
- directivity
- saturation_curve
- power_doppler
filt_mode: SVD
filter_order: 2
fwhm:
- 5
- 5
- 5
input_var_name: IQ
log:
- tracking
- conditionnement
- pipeline
max_gap_closing: 0
max_velocity: 30
max_workers: 0
min_length: 19
min_snr: 9
nb_local_max: 10
number_of_particles: 900
origin:
- 37.453
- -4.8
- -5.175
patch_size:
- 7
- 7
- 7
res: 10
svd_values:
- 12
- 200
volumerate: 260
voxel_size:
- 0.09856
- 0.15
- 0.15
z_dim: 0
[0m
[1mInitializing ULM pipeline...[0m
[1mmax_gap_closing: 0[0m
[1mmax_linking_distance_dist: 0.159424 (~1.2 voxel)[0m
[1mmin_track_len: 19[0m
[32m[1mOutput folders created at /projects/ecptr/results/config_175[0m
[1mCompute Power Doppler on 2 blocs.[0m
[34m[1mSVD filtering: keep [ 12 200] over 200 frames.[0m
[34m[1mSVD filtering: keep [ 12 200] over 200 frames.[0m
[34m[1mSaving dict_keys(['power_doppler', 'pitch', 'origin']) in /projects/ecptr/results/config_175/volume/power_doppler[0m
[1mStart parallel pool (4 workers)[0m
[1mInitializing ULM pipeline...[0m
[1mInitializing ULM pipeline...[0m
[1mInitializing ULM pipeline...[0m
[1mInitializing ULM pipeline...[0m
[1mmax_gap_closing: 0[0m
[1mmax_linking_distance_dist: 0.159424 (~1.2 voxel)[0m
[1mmin_track_len: 19[0m
[1mmax_gap_closing: 0[0m
[1mmax_linking_distance_dist: 0.159424 (~1.2 voxel)[0m
[1mmin_track_len: 19[0m
[1mmax_gap_closing: 0[0m
[1mmax_linking_distance_dist: 0.159424 (~1.2 voxel)[0m
[1mmin_track_len: 19[0m
[1mmax_gap_closing: 0[0m
[1mmax_linking_distance_dist: 0.159424 (~1.2 voxel)[0m
[1mmin_track_len: 19[0m
[34m[1mSVD filtering: keep [ 12 200] over 200 frames.[0m
[34m[1mSVD filtering: keep [ 12 200] over 200 frames.[0m
[34m[1mSVD filtering: keep [ 12 200] over 200 frames.[0m
[34m[1mSVD filtering: keep [ 12 200] over 200 frames.[0m
[34m[1m86072 maxima found[0m
[34m[1m86072 maxima kept[0m
[34m[1m87935 maxima found[0m
[34m[1m87935 maxima kept[0m
[34m[1m73379 maxima found[0m
[34m[1m73379 maxima kept[0m
[34m[1m73821 maxima found[0m
[34m[1m73821 maxima kept[0m
[34m[1mAverage voxel pitch 0.13285333333333335 ([0.09856 0.15    0.15   ])[0m
[34m[1mStart SimpleTracker on 44339[0m
[34m[1mmax_linking_distance_dist: 0.159424 (~1.2 voxel)[0m
[34m[1mAverage voxel pitch 0.13285333333333335 ([0.09856 0.15    0.15   ])[0m
[34m[1mStart SimpleTracker on 40319[0m
[34m[1mmax_linking_distance_dist: 0.159424 (~1.2 voxel)[0m
[34m[1m104 tracks found.[0m
compute_bloc sees log = ['tracking', 'conditionnement', 'pipeline']

INSPECTION DE LA STRUCTURE 'tracks' (Bloc 0)
---------------------------------------------------
1. Type de l'objet 'tracks' : <class 'list'>
2. Nombre d'éléments dans 'tracks' : 2
3. Contenu de tracks[0] (Raw Tracks) :
   - Type : <class 'numpy.ndarray'>
   - Quantité : 8489
4. Contenu de tracks[1] (Interpolated Tracks) :
   - Type : <class 'numpy.ndarray'>
   - Shape (Dimensions) : (3407,)
---------------------------------------------------

[1mInitializing ULM pipeline...[0m
[34m[1m74 tracks found.[0m
compute_bloc sees log = ['tracking', 'conditionnement', 'pipeline']

INSPECTION DE LA STRUCTURE 'tracks' (Bloc 3)
---------------------------------------------------
1. Type de l'objet 'tracks' : <class 'list'>
2. Nombre d'éléments dans 'tracks' : 2
3. Contenu de tracks[0] (Raw Tracks) :
   - Type : <class 'numpy.ndarray'>
   - Quantité : 5064
4. Contenu de tracks[1] (Interpolated Tracks) :
   - Type : <class 'numpy.ndarray'>
   - Shape (Dimensions) : (2632,)
---------------------------------------------------

[1mInitializing ULM pipeline...[0m
[1mmax_gap_closing: 0[0m
[1mmax_linking_distance_dist: 0.159424 (~1.2 voxel)[0m
[1mmin_track_len: 19[0m
[1mmax_gap_closing: 0[0m
[1mmax_linking_distance_dist: 0.159424 (~1.2 voxel)[0m
[1mmin_track_len: 19[0m
[34m[1mAverage voxel pitch 0.13285333333333335 ([0.09856 0.15    0.15   ])[0m
[34m[1mStart SimpleTracker on 44193[0m
[34m[1mmax_linking_distance_dist: 0.159424 (~1.2 voxel)[0m
[34m[1mAverage voxel pitch 0.13285333333333335 ([0.09856 0.15    0.15   ])[0m
[34m[1mStart SimpleTracker on 45258[0m
[34m[1mmax_linking_distance_dist: 0.159424 (~1.2 voxel)[0m
[34m[1m102 tracks found.[0m
compute_bloc sees log = ['tracking', 'conditionnement', 'pipeline']

INSPECTION DE LA STRUCTURE 'tracks' (Bloc 2)
---------------------------------------------------
1. Type de l'objet 'tracks' : <class 'list'>
2. Nombre d'éléments dans 'tracks' : 2
3. Contenu de tracks[0] (Raw Tracks) :
   - Type : <class 'numpy.ndarray'>
   - Quantité : 9151
4. Contenu de tracks[1] (Interpolated Tracks) :
   - Type : <class 'numpy.ndarray'>
   - Shape (Dimensions) : (3628,)
---------------------------------------------------

[1mInitializing ULM pipeline...[0m
[34m[1m99 tracks found.[0m
compute_bloc sees log = ['tracking', 'conditionnement', 'pipeline']

INSPECTION DE LA STRUCTURE 'tracks' (Bloc 1)
---------------------------------------------------
1. Type de l'objet 'tracks' : <class 'list'>
2. Nombre d'éléments dans 'tracks' : 2
3. Contenu de tracks[0] (Raw Tracks) :
   - Type : <class 'numpy.ndarray'>
   - Quantité : 8731
4. Contenu de tracks[1] (Interpolated Tracks) :
   - Type : <class 'numpy.ndarray'>
   - Shape (Dimensions) : (3847,)
---------------------------------------------------

[34m[1mSVD filtering: keep [ 12 200] over 200 frames.[0m
[1mInitializing ULM pipeline...[0m
[34m[1mSVD filtering: keep [ 12 200] over 200 frames.[0m
[1mmax_gap_closing: 0[0m
[1mmax_linking_distance_dist: 0.159424 (~1.2 voxel)[0m
[1mmin_track_len: 19[0m
[1mmax_gap_closing: 0[0m
[1mmax_linking_distance_dist: 0.159424 (~1.2 voxel)[0m
[1mmin_track_len: 19[0m
[34m[1mSVD filtering: keep [ 12 200] over 200 frames.[0m
[34m[1mSVD filtering: keep [ 12 200] over 200 frames.[0m
[34m[1m89477 maxima found[0m
[34m[1m89477 maxima kept[0m
[34m[1m88992 maxima found[0m
[34m[1m88992 maxima kept[0m
[34m[1m83452 maxima found[0m
[34m[1m83452 maxima kept[0m
[34m[1m72463 maxima found[0m
[34m[1m72463 maxima kept[0m
[34m[1mAverage voxel pitch 0.13285333333333335 ([0.09856 0.15    0.15   ])[0m
[34m[1mStart SimpleTracker on 42113[0m
[34m[1mmax_linking_distance_dist: 0.159424 (~1.2 voxel)[0m
[34m[1mAverage voxel pitch 0.13285333333333335 ([0.09856 0.15    0.15   ])[0m
[34m[1mStart SimpleTracker on 38121[0m
[34m[1mmax_linking_distance_dist: 0.159424 (~1.2 voxel)[0m
[34m[1mAverage voxel pitch 0.13285333333333335 ([0.09856 0.15    0.15   ])[0m
[34m[1mStart SimpleTracker on 41404[0m
[34m[1mmax_linking_distance_dist: 0.159424 (~1.2 voxel)[0m
[34m[1m52 tracks found.[0m
[34m[1m73 tracks found.[0m
compute_bloc sees log = ['tracking', 'conditionnement', 'pipeline']

INSPECTION DE LA STRUCTURE 'tracks' (Bloc 6)
---------------------------------------------------
1. Type de l'objet 'tracks' : <class 'list'>
2. Nombre d'éléments dans 'tracks' : 2
3. Contenu de tracks[0] (Raw Tracks) :
   - Type : <class 'numpy.ndarray'>
   - Quantité : 3716
4. Contenu de tracks[1] (Interpolated Tracks) :
   - Type : <class 'numpy.ndarray'>
   - Shape (Dimensions) : (1784,)
---------------------------------------------------

compute_bloc sees log = ['tracking', 'conditionnement', 'pipeline']

INSPECTION DE LA STRUCTURE 'tracks' (Bloc 4)
---------------------------------------------------
1. Type de l'objet 'tracks' : <class 'list'>
2. Nombre d'éléments dans 'tracks' : 2
3. Contenu de tracks[0] (Raw Tracks) :
   - Type : <class 'numpy.ndarray'>
   - Quantité : 6469
4. Contenu de tracks[1] (Interpolated Tracks) :
   - Type : <class 'numpy.ndarray'>
   - Shape (Dimensions) : (2571,)
---------------------------------------------------

[1mInitializing ULM pipeline...[0m
[1mInitializing ULM pipeline...[0m
[34m[1m72 tracks found.[0m
compute_bloc sees log = ['tracking', 'conditionnement', 'pipeline']

INSPECTION DE LA STRUCTURE 'tracks' (Bloc 5)
---------------------------------------------------
1. Type de l'objet 'tracks' : <class 'list'>
2. Nombre d'éléments dans 'tracks' : 2
3. Contenu de tracks[0] (Raw Tracks) :
   - Type : <class 'numpy.ndarray'>
   - Quantité : 7551
4. Contenu de tracks[1] (Interpolated Tracks) :
   - Type : <class 'numpy.ndarray'>
   - Shape (Dimensions) : (3264,)
---------------------------------------------------

[1mInitializing ULM pipeline...[0m
[1mmax_gap_closing: 0[0m
[1mmax_linking_distance_dist: 0.159424 (~1.2 voxel)[0m
[1mmin_track_len: 19[0m
[1mmax_gap_closing: 0[0m
[1mmax_linking_distance_dist: 0.159424 (~1.2 voxel)[0m
[1mmin_track_len: 19[0m
[1mmax_gap_closing: 0[0m
[1mmax_linking_distance_dist: 0.159424 (~1.2 voxel)[0m
[1mmin_track_len: 19[0m
[34m[1mAverage voxel pitch 0.13285333333333335 ([0.09856 0.15    0.15   ])[0m
[34m[1mStart SimpleTracker on 42515[0m
[34m[1mmax_linking_distance_dist: 0.159424 (~1.2 voxel)[0m
[34m[1m80 tracks found.[0m
compute_bloc sees log = ['tracking', 'conditionnement', 'pipeline']

INSPECTION DE LA STRUCTURE 'tracks' (Bloc 7)
---------------------------------------------------
1. Type de l'objet 'tracks' : <class 'list'>
2. Nombre d'éléments dans 'tracks' : 2
3. Contenu de tracks[0] (Raw Tracks) :
   - Type : <class 'numpy.ndarray'>
   - Quantité : 7749
4. Contenu de tracks[1] (Interpolated Tracks) :
   - Type : <class 'numpy.ndarray'>
   - Shape (Dimensions) : (3286,)
---------------------------------------------------

[1mInitializing ULM pipeline...[0m
[34m[1mSVD filtering: keep [ 12 200] over 200 frames.[0m
[34m[1mSVD filtering: keep [ 12 200] over 200 frames.[0m
[1mmax_gap_closing: 0[0m
[1mmax_linking_distance_dist: 0.159424 (~1.2 voxel)[0m
[1mmin_track_len: 19[0m
[34m[1mSVD filtering: keep [ 12 200] over 200 frames.[0m
[34m[1mSVD filtering: keep [ 12 200] over 200 frames.[0m
[34m[1m90531 maxima found[0m
[34m[1m90531 maxima kept[0m
[34m[1m89597 maxima found[0m
[34m[1m89597 maxima kept[0m
[34m[1m80915 maxima found[0m
[34m[1m80915 maxima kept[0m
[34m[1m78217 maxima found[0m
[34m[1m78217 maxima kept[0m
[34m[1mAverage voxel pitch 0.13285333333333335 ([0.09856 0.15    0.15   ])[0m
[34m[1mStart SimpleTracker on 41896[0m
[34m[1mmax_linking_distance_dist: 0.159424 (~1.2 voxel)[0m
[34m[1m83 tracks found.[0m
compute_bloc sees log = ['tracking', 'conditionnement', 'pipeline']

INSPECTION DE LA STRUCTURE 'tracks' (Bloc 10)
---------------------------------------------------
1. Type de l'objet 'tracks' : <class 'list'>
2. Nombre d'éléments dans 'tracks' : 2
3. Contenu de tracks[0] (Raw Tracks) :
   - Type : <class 'numpy.ndarray'>
   - Quantité : 6599
4. Contenu de tracks[1] (Interpolated Tracks) :
   - Type : <class 'numpy.ndarray'>
   - Shape (Dimensions) : (3318,)
---------------------------------------------------

[1mInitializing ULM pipeline...[0m
[1mmax_gap_closing: 0[0m
[1mmax_linking_distance_dist: 0.159424 (~1.2 voxel)[0m
[1mmin_track_len: 19[0m
[34m[1mAverage voxel pitch 0.13285333333333335 ([0.09856 0.15    0.15   ])[0m
[34m[1mStart SimpleTracker on 38572[0m
[34m[1mmax_linking_distance_dist: 0.159424 (~1.2 voxel)[0m
[34m[1m66 tracks found.[0m
[34m[1mAverage voxel pitch 0.13285333333333335 ([0.09856 0.15    0.15   ])[0m
[34m[1mStart SimpleTracker on 38913[0m
[34m[1mmax_linking_distance_dist: 0.159424 (~1.2 voxel)[0m
compute_bloc sees log = ['tracking', 'conditionnement', 'pipeline']

INSPECTION DE LA STRUCTURE 'tracks' (Bloc 8)
---------------------------------------------------
1. Type de l'objet 'tracks' : <class 'list'>
2. Nombre d'éléments dans 'tracks' : 2
3. Contenu de tracks[0] (Raw Tracks) :
   - Type : <class 'numpy.ndarray'>
   - Quantité : 6027
4. Contenu de tracks[1] (Interpolated Tracks) :
   - Type : <class 'numpy.ndarray'>
   - Shape (Dimensions) : (2446,)
---------------------------------------------------

[1mInitializing ULM pipeline...[0m
[34m[1m57 tracks found.[0m
compute_bloc sees log = ['tracking', 'conditionnement', 'pipeline']

INSPECTION DE LA STRUCTURE 'tracks' (Bloc 11)
---------------------------------------------------
1. Type de l'objet 'tracks' : <class 'list'>
2. Nombre d'éléments dans 'tracks' : 2
3. Contenu de tracks[0] (Raw Tracks) :
   - Type : <class 'numpy.ndarray'>
   - Quantité : 5310
4. Contenu de tracks[1] (Interpolated Tracks) :
   - Type : <class 'numpy.ndarray'>
   - Shape (Dimensions) : (2394,)
---------------------------------------------------

[1mInitializing ULM pipeline...[0m
[34m[1mAverage voxel pitch 0.13285333333333335 ([0.09856 0.15    0.15   ])[0m
[34m[1mStart SimpleTracker on 40698[0m
[34m[1mmax_linking_distance_dist: 0.159424 (~1.2 voxel)[0m
[34m[1m82 tracks found.[0m
compute_bloc sees log = ['tracking', 'conditionnement', 'pipeline']

INSPECTION DE LA STRUCTURE 'tracks' (Bloc 9)
---------------------------------------------------
1. Type de l'objet 'tracks' : <class 'list'>
2. Nombre d'éléments dans 'tracks' : 2
3. Contenu de tracks[0] (Raw Tracks) :
   - Type : <class 'numpy.ndarray'>
   - Quantité : 7674
4. Contenu de tracks[1] (Interpolated Tracks) :
   - Type : <class 'numpy.ndarray'>
   - Shape (Dimensions) : (3047,)
---------------------------------------------------

[1mInitializing ULM pipeline...[0m
[1mmax_gap_closing: 0[0m
[1mmax_linking_distance_dist: 0.159424 (~1.2 voxel)[0m
[1mmin_track_len: 19[0m
[1mmax_gap_closing: 0[0m
[1mmax_linking_distance_dist: 0.159424 (~1.2 voxel)[0m
[1mmin_track_len: 19[0m
[1mmax_gap_closing: 0[0m
[1mmax_linking_distance_dist: 0.159424 (~1.2 voxel)[0m
[1mmin_track_len: 19[0m
[34m[1mSVD filtering: keep [ 12 200] over 200 frames.[0m
[34m[1mSVD filtering: keep [ 12 200] over 200 frames.[0m
[34m[1mSVD filtering: keep [ 12 200] over 200 frames.[0m
[34m[1mSVD filtering: keep [ 12 200] over 200 frames.[0m
[34m[1m78082 maxima found[0m
[34m[1m78082 maxima kept[0m
[34m[1m91702 maxima found[0m
[34m[1m91702 maxima kept[0m
[34m[1m82790 maxima found[0m
[34m[1m82790 maxima kept[0m
[34m[1m93528 maxima found[0m
[34m[1m93528 maxima kept[0m
[34m[1mAverage voxel pitch 0.13285333333333335 ([0.09856 0.15    0.15   ])[0m
[34m[1mStart SimpleTracker on 40298[0m
[34m[1mmax_linking_distance_dist: 0.159424 (~1.2 voxel)[0m
[34m[1m89 tracks found.[0m
compute_bloc sees log = ['tracking', 'conditionnement', 'pipeline']

INSPECTION DE LA STRUCTURE 'tracks' (Bloc 12)
---------------------------------------------------
1. Type de l'objet 'tracks' : <class 'list'>
2. Nombre d'éléments dans 'tracks' : 2
3. Contenu de tracks[0] (Raw Tracks) :
   - Type : <class 'numpy.ndarray'>
   - Quantité : 6530
4. Contenu de tracks[1] (Interpolated Tracks) :
   - Type : <class 'numpy.ndarray'>
   - Shape (Dimensions) : (3585,)
---------------------------------------------------

[1mInitializing ULM pipeline...[0m
[1mmax_gap_closing: 0[0m
[1mmax_linking_distance_dist: 0.159424 (~1.2 voxel)[0m
[1mmin_track_len: 19[0m
[34m[1mSVD filtering: keep [ 12 200] over 200 frames.[0m
[34m[1mAverage voxel pitch 0.13285333333333335 ([0.09856 0.15    0.15   ])[0m
[34m[1mStart SimpleTracker on 39644[0m
[34m[1mmax_linking_distance_dist: 0.159424 (~1.2 voxel)[0m
[34m[1m74 tracks found.[0m
compute_bloc sees log = ['tracking', 'conditionnement', 'pipeline']

INSPECTION DE LA STRUCTURE 'tracks' (Bloc 13)
---------------------------------------------------
1. Type de l'objet 'tracks' : <class 'list'>
2. Nombre d'éléments dans 'tracks' : 2
3. Contenu de tracks[0] (Raw Tracks) :
   - Type : <class 'numpy.ndarray'>
   - Quantité : 6877
4. Contenu de tracks[1] (Interpolated Tracks) :
   - Type : <class 'numpy.ndarray'>
   - Shape (Dimensions) : (2613,)
---------------------------------------------------

[1mInitializing ULM pipeline...[0m
[1mmax_gap_closing: 0[0m
[1mmax_linking_distance_dist: 0.159424 (~1.2 voxel)[0m
[1mmin_track_len: 19[0m
[34m[1mAverage voxel pitch 0.13285333333333335 ([0.09856 0.15    0.15   ])[0m
[34m[1mStart SimpleTracker on 36060[0m
[34m[1mmax_linking_distance_dist: 0.159424 (~1.2 voxel)[0m
[34m[1m55 tracks found.[0m
compute_bloc sees log = ['tracking', 'conditionnement', 'pipeline']

INSPECTION DE LA STRUCTURE 'tracks' (Bloc 14)
---------------------------------------------------
1. Type de l'objet 'tracks' : <class 'list'>
2. Nombre d'éléments dans 'tracks' : 2
3. Contenu de tracks[0] (Raw Tracks) :
   - Type : <class 'numpy.ndarray'>
   - Quantité : 4896
4. Contenu de tracks[1] (Interpolated Tracks) :
   - Type : <class 'numpy.ndarray'>
   - Shape (Dimensions) : (2009,)
---------------------------------------------------

[1mInitializing ULM pipeline...[0m
[34m[1mAverage voxel pitch 0.13285333333333335 ([0.09856 0.15    0.15   ])[0m
[34m[1mStart SimpleTracker on 36094[0m
[34m[1mmax_linking_distance_dist: 0.159424 (~1.2 voxel)[0m
[34m[1m79 tracks found.[0m
compute_bloc sees log = ['tracking', 'conditionnement', 'pipeline']

INSPECTION DE LA STRUCTURE 'tracks' (Bloc 15)
---------------------------------------------------
1. Type de l'objet 'tracks' : <class 'list'>
2. Nombre d'éléments dans 'tracks' : 2
3. Contenu de tracks[0] (Raw Tracks) :
   - Type : <class 'numpy.ndarray'>
   - Quantité : 6498
4. Contenu de tracks[1] (Interpolated Tracks) :
   - Type : <class 'numpy.ndarray'>
   - Shape (Dimensions) : (2672,)
---------------------------------------------------

[1mInitializing ULM pipeline...[0m
[1mmax_gap_closing: 0[0m
[1mmax_linking_distance_dist: 0.159424 (~1.2 voxel)[0m
[1mmin_track_len: 19[0m
[34m[1m75282 maxima found[0m
[34m[1m75282 maxima kept[0m
[34m[1mSVD filtering: keep [ 12 200] over 200 frames.[0m
[1mmax_gap_closing: 0[0m
[1mmax_linking_distance_dist: 0.159424 (~1.2 voxel)[0m
[1mmin_track_len: 19[0m
[34m[1mSVD filtering: keep [ 12 200] over 200 frames.[0m
[34m[1mSVD filtering: keep [ 12 200] over 200 frames.[0m
[34m[1m89049 maxima found[0m
[34m[1m89049 maxima kept[0m
[34m[1m76561 maxima found[0m
[34m[1m76561 maxima kept[0m
[34m[1m82851 maxima found[0m
[34m[1m82851 maxima kept[0m
[34m[1mAverage voxel pitch 0.13285333333333335 ([0.09856 0.15    0.15   ])[0m
[34m[1mStart SimpleTracker on 38326[0m
[34m[1mmax_linking_distance_dist: 0.159424 (~1.2 voxel)[0m
[34m[1m63 tracks found.[0m
compute_bloc sees log = ['tracking', 'conditionnement', 'pipeline']

INSPECTION DE LA STRUCTURE 'tracks' (Bloc 16)
---------------------------------------------------
1. Type de l'objet 'tracks' : <class 'list'>
2. Nombre d'éléments dans 'tracks' : 2
3. Contenu de tracks[0] (Raw Tracks) :
   - Type : <class 'numpy.ndarray'>
   - Quantité : 4681
4. Contenu de tracks[1] (Interpolated Tracks) :
   - Type : <class 'numpy.ndarray'>
   - Shape (Dimensions) : (2185,)
---------------------------------------------------

[1mInitializing ULM pipeline...[0m
[1mmax_gap_closing: 0[0m
[1mmax_linking_distance_dist: 0.159424 (~1.2 voxel)[0m
[1mmin_track_len: 19[0m
[34m[1mSVD filtering: keep [ 12 200] over 200 frames.[0m
[34m[1m90212 maxima found[0m
[34m[1m90212 maxima kept[0m
[34m[1mAverage voxel pitch 0.13285333333333335 ([0.09856 0.15    0.15   ])[0m
[34m[1mStart SimpleTracker on 38921[0m
[34m[1mmax_linking_distance_dist: 0.159424 (~1.2 voxel)[0m
[34m[1mAverage voxel pitch 0.13285333333333335 ([0.09856 0.15    0.15   ])[0m
[34m[1mStart SimpleTracker on 38218[0m
[34m[1mmax_linking_distance_dist: 0.159424 (~1.2 voxel)[0m
[34m[1m103 tracks found.[0m
compute_bloc sees log = ['tracking', 'conditionnement', 'pipeline']

INSPECTION DE LA STRUCTURE 'tracks' (Bloc 18)
---------------------------------------------------
1. Type de l'objet 'tracks' : <class 'list'>
2. Nombre d'éléments dans 'tracks' : 2
3. Contenu de tracks[0] (Raw Tracks) :
   - Type : <class 'numpy.ndarray'>
   - Quantité : 7170
4. Contenu de tracks[1] (Interpolated Tracks) :
   - Type : <class 'numpy.ndarray'>
   - Shape (Dimensions) : (3716,)
---------------------------------------------------

[1mInitializing ULM pipeline...[0m
[34m[1m68 tracks found.[0m
compute_bloc sees log = ['tracking', 'conditionnement', 'pipeline']

INSPECTION DE LA STRUCTURE 'tracks' (Bloc 17)
---------------------------------------------------
1. Type de l'objet 'tracks' : <class 'list'>
2. Nombre d'éléments dans 'tracks' : 2
3. Contenu de tracks[0] (Raw Tracks) :
   - Type : <class 'numpy.ndarray'>
   - Quantité : 5759
4. Contenu de tracks[1] (Interpolated Tracks) :
   - Type : <class 'numpy.ndarray'>
   - Shape (Dimensions) : (2537,)
---------------------------------------------------

[1mInitializing ULM pipeline...[0m
[1mmax_gap_closing: 0[0m
[1mmax_linking_distance_dist: 0.159424 (~1.2 voxel)[0m
[1mmin_track_len: 19[0m
[1mmax_gap_closing: 0[0m
[1mmax_linking_distance_dist: 0.159424 (~1.2 voxel)[0m
[1mmin_track_len: 19[0m
[34m[1mAverage voxel pitch 0.13285333333333335 ([0.09856 0.15    0.15   ])[0m
[34m[1mStart SimpleTracker on 39557[0m
[34m[1mmax_linking_distance_dist: 0.159424 (~1.2 voxel)[0m
[34m[1m53 tracks found.[0m
compute_bloc sees log = ['tracking', 'conditionnement', 'pipeline']

INSPECTION DE LA STRUCTURE 'tracks' (Bloc 19)
---------------------------------------------------
1. Type de l'objet 'tracks' : <class 'list'>
2. Nombre d'éléments dans 'tracks' : 2
3. Contenu de tracks[0] (Raw Tracks) :
   - Type : <class 'numpy.ndarray'>
   - Quantité : 5328
4. Contenu de tracks[1] (Interpolated Tracks) :
   - Type : <class 'numpy.ndarray'>
   - Shape (Dimensions) : (2283,)
---------------------------------------------------

[1mInitializing ULM pipeline...[0m
[34m[1mSVD filtering: keep [ 12 200] over 200 frames.[0m
[34m[1mSVD filtering: keep [ 12 200] over 200 frames.[0m
[1mmax_gap_closing: 0[0m
[1mmax_linking_distance_dist: 0.159424 (~1.2 voxel)[0m
[1mmin_track_len: 19[0m
[34m[1mSVD filtering: keep [ 12 200] over 200 frames.[0m
[34m[1m92802 maxima found[0m
[34m[1m92802 maxima kept[0m
[34m[1m93570 maxima found[0m
[34m[1m93570 maxima kept[0m
[34m[1m90100 maxima found[0m
[34m[1m90100 maxima kept[0m
[34m[1mAverage voxel pitch 0.13285333333333335 ([0.09856 0.15    0.15   ])[0m
[34m[1mStart SimpleTracker on 34862[0m
[34m[1mmax_linking_distance_dist: 0.159424 (~1.2 voxel)[0m
[34m[1m57 tracks found.[0m
compute_bloc sees log = ['tracking', 'conditionnement', 'pipeline']

INSPECTION DE LA STRUCTURE 'tracks' (Bloc 20)
---------------------------------------------------
1. Type de l'objet 'tracks' : <class 'list'>
2. Nombre d'éléments dans 'tracks' : 2
3. Contenu de tracks[0] (Raw Tracks) :
   - Type : <class 'numpy.ndarray'>
   - Quantité : 5709
4. Contenu de tracks[1] (Interpolated Tracks) :
   - Type : <class 'numpy.ndarray'>
   - Shape (Dimensions) : (2377,)
---------------------------------------------------

[1mInitializing ULM pipeline...[0m
[1mmax_gap_closing: 0[0m
[1mmax_linking_distance_dist: 0.159424 (~1.2 voxel)[0m
[1mmin_track_len: 19[0m
[34m[1mSVD filtering: keep [ 12 200] over 200 frames.[0m
[34m[1m86667 maxima found[0m
[34m[1m86667 maxima kept[0m
[34m[1mAverage voxel pitch 0.13285333333333335 ([0.09856 0.15    0.15   ])[0m
[34m[1mStart SimpleTracker on 31915[0m
[34m[1mmax_linking_distance_dist: 0.159424 (~1.2 voxel)[0m
[34m[1mAverage voxel pitch 0.13285333333333335 ([0.09856 0.15    0.15   ])[0m
[34m[1mStart SimpleTracker on 31677[0m
[34m[1mmax_linking_distance_dist: 0.159424 (~1.2 voxel)[0m
[34m[1m44 tracks found.[0m
compute_bloc sees log = ['tracking', 'conditionnement', 'pipeline']

INSPECTION DE LA STRUCTURE 'tracks' (Bloc 21)
---------------------------------------------------
1. Type de l'objet 'tracks' : <class 'list'>
2. Nombre d'éléments dans 'tracks' : 2
3. Contenu de tracks[0] (Raw Tracks) :
   - Type : <class 'numpy.ndarray'>
   - Quantité : 3887
4. Contenu de tracks[1] (Interpolated Tracks) :
   - Type : <class 'numpy.ndarray'>
   - Shape (Dimensions) : (1539,)
---------------------------------------------------

[1mInitializing ULM pipeline...[0m
[34m[1m51 tracks found.[0m
compute_bloc sees log = ['tracking', 'conditionnement', 'pipeline']

INSPECTION DE LA STRUCTURE 'tracks' (Bloc 22)
---------------------------------------------------
1. Type de l'objet 'tracks' : <class 'list'>
2. Nombre d'éléments dans 'tracks' : 2
3. Contenu de tracks[0] (Raw Tracks) :
   - Type : <class 'numpy.ndarray'>
   - Quantité : 4815
4. Contenu de tracks[1] (Interpolated Tracks) :
   - Type : <class 'numpy.ndarray'>
   - Shape (Dimensions) : (1877,)
---------------------------------------------------

[1mInitializing ULM pipeline...[0m
[1mmax_gap_closing: 0[0m
[1mmax_linking_distance_dist: 0.159424 (~1.2 voxel)[0m
[1mmin_track_len: 19[0m
[1mmax_gap_closing: 0[0m
[1mmax_linking_distance_dist: 0.159424 (~1.2 voxel)[0m
[1mmin_track_len: 19[0m
[34m[1mAverage voxel pitch 0.13285333333333335 ([0.09856 0.15    0.15   ])[0m
[34m[1mStart SimpleTracker on 35450[0m
[34m[1mmax_linking_distance_dist: 0.159424 (~1.2 voxel)[0m
[34m[1m49 tracks found.[0m
compute_bloc sees log = ['tracking', 'conditionnement', 'pipeline']

INSPECTION DE LA STRUCTURE 'tracks' (Bloc 23)
---------------------------------------------------
1. Type de l'objet 'tracks' : <class 'list'>
2. Nombre d'éléments dans 'tracks' : 2
3. Contenu de tracks[0] (Raw Tracks) :
   - Type : <class 'numpy.ndarray'>
   - Quantité : 3878
4. Contenu de tracks[1] (Interpolated Tracks) :
   - Type : <class 'numpy.ndarray'>
   - Shape (Dimensions) : (1545,)
---------------------------------------------------

[1mInitializing ULM pipeline...[0m
[34m[1mSVD filtering: keep [ 12 200] over 200 frames.[0m
[34m[1mSVD filtering: keep [ 12 200] over 200 frames.[0m
[1mmax_gap_closing: 0[0m
[1mmax_linking_distance_dist: 0.159424 (~1.2 voxel)[0m
[1mmin_track_len: 19[0m
[34m[1m88154 maxima found[0m
[34m[1m88154 maxima kept[0m
[34m[1m78765 maxima found[0m
[34m[1m78765 maxima kept[0m
[34m[1mSVD filtering: keep [ 12 200] over 200 frames.[0m
[34m[1mAverage voxel pitch 0.13285333333333335 ([0.09856 0.15    0.15   ])[0m
[34m[1mStart SimpleTracker on 38280[0m
[34m[1mmax_linking_distance_dist: 0.159424 (~1.2 voxel)[0m
[34m[1m62 tracks found.[0m
[34m[1m86560 maxima found[0m
[34m[1m86560 maxima kept[0m
compute_bloc sees log = ['tracking', 'conditionnement', 'pipeline']

INSPECTION DE LA STRUCTURE 'tracks' (Bloc 24)
---------------------------------------------------
1. Type de l'objet 'tracks' : <class 'list'>
2. Nombre d'éléments dans 'tracks' : 2
3. Contenu de tracks[0] (Raw Tracks) :
   - Type : <class 'numpy.ndarray'>
   - Quantité : 6051
4. Contenu de tracks[1] (Interpolated Tracks) :
   - Type : <class 'numpy.ndarray'>
   - Shape (Dimensions) : (2530,)
---------------------------------------------------

[1mInitializing ULM pipeline...[0m
[1mmax_gap_closing: 0[0m
[1mmax_linking_distance_dist: 0.159424 (~1.2 voxel)[0m
[1mmin_track_len: 19[0m
[34m[1mSVD filtering: keep [ 12 200] over 200 frames.[0m
[34m[1mAverage voxel pitch 0.13285333333333335 ([0.09856 0.15    0.15   ])[0m
[34m[1mStart SimpleTracker on 39185[0m
[34m[1mmax_linking_distance_dist: 0.159424 (~1.2 voxel)[0m
[34m[1m56 tracks found.[0m
compute_bloc sees log = ['tracking', 'conditionnement', 'pipeline']

INSPECTION DE LA STRUCTURE 'tracks' (Bloc 26)
---------------------------------------------------
1. Type de l'objet 'tracks' : <class 'list'>
2. Nombre d'éléments dans 'tracks' : 2
3. Contenu de tracks[0] (Raw Tracks) :
   - Type : <class 'numpy.ndarray'>
   - Quantité : 5031
4. Contenu de tracks[1] (Interpolated Tracks) :
   - Type : <class 'numpy.ndarray'>
   - Shape (Dimensions) : (2166,)
---------------------------------------------------

[1mInitializing ULM pipeline...[0m
[34m[1m90895 maxima found[0m
[34m[1m90895 maxima kept[0m
[1mmax_gap_closing: 0[0m
[1mmax_linking_distance_dist: 0.159424 (~1.2 voxel)[0m
[1mmin_track_len: 19[0m
[34m[1mAverage voxel pitch 0.13285333333333335 ([0.09856 0.15    0.15   ])[0m
[34m[1mStart SimpleTracker on 36662[0m
[34m[1mmax_linking_distance_dist: 0.159424 (~1.2 voxel)[0m
[34m[1m52 tracks found.[0m
compute_bloc sees log = ['tracking', 'conditionnement', 'pipeline']

INSPECTION DE LA STRUCTURE 'tracks' (Bloc 25)
---------------------------------------------------
1. Type de l'objet 'tracks' : <class 'list'>
2. Nombre d'éléments dans 'tracks' : 2
3. Contenu de tracks[0] (Raw Tracks) :
   - Type : <class 'numpy.ndarray'>
   - Quantité : 4858
4. Contenu de tracks[1] (Interpolated Tracks) :
   - Type : <class 'numpy.ndarray'>
   - Shape (Dimensions) : (1919,)
---------------------------------------------------

[1mInitializing ULM pipeline...[0m
[1mmax_gap_closing: 0[0m
[1mmax_linking_distance_dist: 0.159424 (~1.2 voxel)[0m
[1mmin_track_len: 19[0m
[34m[1mSVD filtering: keep [ 12 200] over 200 frames.[0m
[34m[1mAverage voxel pitch 0.13285333333333335 ([0.09856 0.15    0.15   ])[0m
[34m[1mStart SimpleTracker on 36609[0m
[34m[1mmax_linking_distance_dist: 0.159424 (~1.2 voxel)[0m
[34m[1m56 tracks found.[0m
compute_bloc sees log = ['tracking', 'conditionnement', 'pipeline']

INSPECTION DE LA STRUCTURE 'tracks' (Bloc 27)
---------------------------------------------------
1. Type de l'objet 'tracks' : <class 'list'>
2. Nombre d'éléments dans 'tracks' : 2
3. Contenu de tracks[0] (Raw Tracks) :
   - Type : <class 'numpy.ndarray'>
   - Quantité : 4914
4. Contenu de tracks[1] (Interpolated Tracks) :
   - Type : <class 'numpy.ndarray'>
   - Shape (Dimensions) : (2074,)
---------------------------------------------------

[1mInitializing ULM pipeline...[0m
[34m[1mSVD filtering: keep [ 12 200] over 200 frames.[0m
[1mmax_gap_closing: 0[0m
[1mmax_linking_distance_dist: 0.159424 (~1.2 voxel)[0m
[1mmin_track_len: 19[0m
[34m[1m88237 maxima found[0m
[34m[1m88237 maxima kept[0m
[34m[1mSVD filtering: keep [ 12 200] over 200 frames.[0m
[34m[1m93150 maxima found[0m
[34m[1m93150 maxima kept[0m
[34m[1m92500 maxima found[0m
[34m[1m92500 maxima kept[0m
[34m[1mAverage voxel pitch 0.13285333333333335 ([0.09856 0.15    0.15   ])[0m
[34m[1mStart SimpleTracker on 37663[0m
[34m[1mmax_linking_distance_dist: 0.159424 (~1.2 voxel)[0m
[34m[1m77 tracks found.[0m
compute_bloc sees log = ['tracking', 'conditionnement', 'pipeline']

INSPECTION DE LA STRUCTURE 'tracks' (Bloc 28)
---------------------------------------------------
1. Type de l'objet 'tracks' : <class 'list'>
2. Nombre d'éléments dans 'tracks' : 2
3. Contenu de tracks[0] (Raw Tracks) :
   - Type : <class 'numpy.ndarray'>
   - Quantité : 7368
4. Contenu de tracks[1] (Interpolated Tracks) :
   - Type : <class 'numpy.ndarray'>
   - Shape (Dimensions) : (2826,)
---------------------------------------------------

[1mInitializing ULM pipeline...[0m
[1mmax_gap_closing: 0[0m
[1mmax_linking_distance_dist: 0.159424 (~1.2 voxel)[0m
[1mmin_track_len: 19[0m
[34m[1mSVD filtering: keep [ 12 200] over 200 frames.[0m
[34m[1mAverage voxel pitch 0.13285333333333335 ([0.09856 0.15    0.15   ])[0m
[34m[1mStart SimpleTracker on 45657[0m
[34m[1mmax_linking_distance_dist: 0.159424 (~1.2 voxel)[0m
[34m[1m89819 maxima found[0m
[34m[1m89819 maxima kept[0m
[34m[1m111 tracks found.[0m
compute_bloc sees log = ['tracking', 'conditionnement', 'pipeline']

INSPECTION DE LA STRUCTURE 'tracks' (Bloc 29)
---------------------------------------------------
1. Type de l'objet 'tracks' : <class 'list'>
2. Nombre d'éléments dans 'tracks' : 2
3. Contenu de tracks[0] (Raw Tracks) :
   - Type : <class 'numpy.ndarray'>
   - Quantité : 10234
4. Contenu de tracks[1] (Interpolated Tracks) :
   - Type : <class 'numpy.ndarray'>
   - Shape (Dimensions) : (3517,)
---------------------------------------------------

[1mInitializing ULM pipeline...[0m
[1mmax_gap_closing: 0[0m
[1mmax_linking_distance_dist: 0.159424 (~1.2 voxel)[0m
[1mmin_track_len: 19[0m
[34m[1mAverage voxel pitch 0.13285333333333335 ([0.09856 0.15    0.15   ])[0m
[34m[1mStart SimpleTracker on 66403[0m
[34m[1mmax_linking_distance_dist: 0.159424 (~1.2 voxel)[0m
[34m[1m212 tracks found.[0m
compute_bloc sees log = ['tracking', 'conditionnement', 'pipeline']

INSPECTION DE LA STRUCTURE 'tracks' (Bloc 30)
---------------------------------------------------
1. Type de l'objet 'tracks' : <class 'list'>
2. Nombre d'éléments dans 'tracks' : 2
3. Contenu de tracks[0] (Raw Tracks) :
   - Type : <class 'numpy.ndarray'>
   - Quantité : 18183
4. Contenu de tracks[1] (Interpolated Tracks) :
   - Type : <class 'numpy.ndarray'>
   - Shape (Dimensions) : (6612,)
---------------------------------------------------

[1mInitializing ULM pipeline...[0m
[1mmax_gap_closing: 0[0m
[1mmax_linking_distance_dist: 0.159424 (~1.2 voxel)[0m
[1mmin_track_len: 19[0m
[34m[1mSVD filtering: keep [ 12 200] over 200 frames.[0m
[34m[1mAverage voxel pitch 0.13285333333333335 ([0.09856 0.15    0.15   ])[0m
[34m[1mStart SimpleTracker on 63226[0m
[34m[1mmax_linking_distance_dist: 0.159424 (~1.2 voxel)[0m
[34m[1m154 tracks found.[0m
compute_bloc sees log = ['tracking', 'conditionnement', 'pipeline']

INSPECTION DE LA STRUCTURE 'tracks' (Bloc 31)
---------------------------------------------------
1. Type de l'objet 'tracks' : <class 'list'>
2. Nombre d'éléments dans 'tracks' : 2
3. Contenu de tracks[0] (Raw Tracks) :
   - Type : <class 'numpy.ndarray'>
   - Quantité : 10897
4. Contenu de tracks[1] (Interpolated Tracks) :
   - Type : <class 'numpy.ndarray'>
   - Shape (Dimensions) : (4371,)
---------------------------------------------------

[1mInitializing ULM pipeline...[0m
[34m[1mSVD filtering: keep [ 12 200] over 200 frames.[0m
[1mmax_gap_closing: 0[0m
[1mmax_linking_distance_dist: 0.159424 (~1.2 voxel)[0m
[1mmin_track_len: 19[0m
[34m[1m90960 maxima found[0m
[34m[1m90960 maxima kept[0m
[34m[1mSVD filtering: keep [ 12 200] over 200 frames.[0m
[34m[1m91226 maxima found[0m
[34m[1m91226 maxima kept[0m
[34m[1m87395 maxima found[0m
[34m[1m87395 maxima kept[0m
[34m[1mAverage voxel pitch 0.13285333333333335 ([0.09856 0.15    0.15   ])[0m
[34m[1mStart SimpleTracker on 61500[0m
[34m[1mmax_linking_distance_dist: 0.159424 (~1.2 voxel)[0m
[34m[1m188 tracks found.[0m
compute_bloc sees log = ['tracking', 'conditionnement', 'pipeline']

INSPECTION DE LA STRUCTURE 'tracks' (Bloc 32)
---------------------------------------------------
1. Type de l'objet 'tracks' : <class 'list'>
2. Nombre d'éléments dans 'tracks' : 2
3. Contenu de tracks[0] (Raw Tracks) :
   - Type : <class 'numpy.ndarray'>
   - Quantité : 14405
4. Contenu de tracks[1] (Interpolated Tracks) :
   - Type : <class 'numpy.ndarray'>
   - Shape (Dimensions) : (5419,)
---------------------------------------------------

[1mInitializing ULM pipeline...[0m
[1mmax_gap_closing: 0[0m
[1mmax_linking_distance_dist: 0.159424 (~1.2 voxel)[0m
[1mmin_track_len: 19[0m
[34m[1mSVD filtering: keep [ 12 200] over 200 frames.[0m
[34m[1mAverage voxel pitch 0.13285333333333335 ([0.09856 0.15    0.15   ])[0m
[34m[1mStart SimpleTracker on 68639[0m
[34m[1mmax_linking_distance_dist: 0.159424 (~1.2 voxel)[0m
[34m[1m89234 maxima found[0m
[34m[1m89234 maxima kept[0m
[34m[1m283 tracks found.[0m
compute_bloc sees log = ['tracking', 'conditionnement', 'pipeline']

INSPECTION DE LA STRUCTURE 'tracks' (Bloc 33)
---------------------------------------------------
1. Type de l'objet 'tracks' : <class 'list'>
2. Nombre d'éléments dans 'tracks' : 2
3. Contenu de tracks[0] (Raw Tracks) :
   - Type : <class 'numpy.ndarray'>
   - Quantité : 23189
4. Contenu de tracks[1] (Interpolated Tracks) :
   - Type : <class 'numpy.ndarray'>
   - Shape (Dimensions) : (8924,)
---------------------------------------------------

[1mInitializing ULM pipeline...[0m
[34m[1mAverage voxel pitch 0.13285333333333335 ([0.09856 0.15    0.15   ])[0m
[34m[1mStart SimpleTracker on 68176[0m
[34m[1mmax_linking_distance_dist: 0.159424 (~1.2 voxel)[0m
[34m[1m291 tracks found.[0m
[1mmax_gap_closing: 0[0m
[1mmax_linking_distance_dist: 0.159424 (~1.2 voxel)[0m
[1mmin_track_len: 19[0m
compute_bloc sees log = ['tracking', 'conditionnement', 'pipeline']

INSPECTION DE LA STRUCTURE 'tracks' (Bloc 34)
---------------------------------------------------
1. Type de l'objet 'tracks' : <class 'list'>
2. Nombre d'éléments dans 'tracks' : 2
3. Contenu de tracks[0] (Raw Tracks) :
   - Type : <class 'numpy.ndarray'>
   - Quantité : 24577
4. Contenu de tracks[1] (Interpolated Tracks) :
   - Type : <class 'numpy.ndarray'>
   - Shape (Dimensions) : (9933,)
---------------------------------------------------

[1mInitializing ULM pipeline...[0m
[1mmax_gap_closing: 0[0m
[1mmax_linking_distance_dist: 0.159424 (~1.2 voxel)[0m
[1mmin_track_len: 19[0m
[34m[1mAverage voxel pitch 0.13285333333333335 ([0.09856 0.15    0.15   ])[0m
[34m[1mStart SimpleTracker on 62635[0m
[34m[1mmax_linking_distance_dist: 0.159424 (~1.2 voxel)[0m
[34m[1m268 tracks found.[0m
compute_bloc sees log = ['tracking', 'conditionnement', 'pipeline']

INSPECTION DE LA STRUCTURE 'tracks' (Bloc 35)
---------------------------------------------------
1. Type de l'objet 'tracks' : <class 'list'>
2. Nombre d'éléments dans 'tracks' : 2
3. Contenu de tracks[0] (Raw Tracks) :
   - Type : <class 'numpy.ndarray'>
   - Quantité : 19778
4. Contenu de tracks[1] (Interpolated Tracks) :
   - Type : <class 'numpy.ndarray'>
   - Shape (Dimensions) : (8876,)
---------------------------------------------------

[1mInitializing ULM pipeline...[0m
[34m[1mSVD filtering: keep [ 12 200] over 200 frames.[0m
[1mmax_gap_closing: 0[0m
[1mmax_linking_distance_dist: 0.159424 (~1.2 voxel)[0m
[1mmin_track_len: 19[0m
[34m[1mSVD filtering: keep [ 12 200] over 200 frames.[0m
[34m[1mSVD filtering: keep [ 12 200] over 200 frames.[0m
[34m[1m88114 maxima found[0m
[34m[1m88114 maxima kept[0m
[34m[1m88313 maxima found[0m
[34m[1m88313 maxima kept[0m
[34m[1m88036 maxima found[0m
[34m[1m88036 maxima kept[0m
[34m[1mAverage voxel pitch 0.13285333333333335 ([0.09856 0.15    0.15   ])[0m
[34m[1mStart SimpleTracker on 64204[0m
[34m[1mmax_linking_distance_dist: 0.159424 (~1.2 voxel)[0m
[34m[1m278 tracks found.[0m
compute_bloc sees log = ['tracking', 'conditionnement', 'pipeline']

INSPECTION DE LA STRUCTURE 'tracks' (Bloc 36)
---------------------------------------------------
1. Type de l'objet 'tracks' : <class 'list'>
2. Nombre d'éléments dans 'tracks' : 2
3. Contenu de tracks[0] (Raw Tracks) :
   - Type : <class 'numpy.ndarray'>
   - Quantité : 24368
4. Contenu de tracks[1] (Interpolated Tracks) :
   - Type : <class 'numpy.ndarray'>
   - Shape (Dimensions) : (9672,)
---------------------------------------------------

[1mInitializing ULM pipeline...[0m
[1mmax_gap_closing: 0[0m
[1mmax_linking_distance_dist: 0.159424 (~1.2 voxel)[0m
[1mmin_track_len: 19[0m
[34m[1mSVD filtering: keep [ 12 200] over 200 frames.[0m
[34m[1mAverage voxel pitch 0.13285333333333335 ([0.09856 0.15    0.15   ])[0m
[34m[1mStart SimpleTracker on 62534[0m
[34m[1mmax_linking_distance_dist: 0.159424 (~1.2 voxel)[0m
[34m[1m245 tracks found.[0m
compute_bloc sees log = ['tracking', 'conditionnement', 'pipeline']

INSPECTION DE LA STRUCTURE 'tracks' (Bloc 37)
---------------------------------------------------
1. Type de l'objet 'tracks' : <class 'list'>
2. Nombre d'éléments dans 'tracks' : 2
3. Contenu de tracks[0] (Raw Tracks) :
   - Type : <class 'numpy.ndarray'>
   - Quantité : 22145
4. Contenu de tracks[1] (Interpolated Tracks) :
   - Type : <class 'numpy.ndarray'>
   - Shape (Dimensions) : (8712,)
---------------------------------------------------

[1mInitializing ULM pipeline...[0m
[1mmax_gap_closing: 0[0m
[1mmax_linking_distance_dist: 0.159424 (~1.2 voxel)[0m
[1mmin_track_len: 19[0m
[34m[1mAverage voxel pitch 0.13285333333333335 ([0.09856 0.15    0.15   ])[0m
[34m[1mStart SimpleTracker on 61701[0m
[34m[1mmax_linking_distance_dist: 0.159424 (~1.2 voxel)[0m
[34m[1m238 tracks found.[0m
compute_bloc sees log = ['tracking', 'conditionnement', 'pipeline']

INSPECTION DE LA STRUCTURE 'tracks' (Bloc 38)
---------------------------------------------------
1. Type de l'objet 'tracks' : <class 'list'>
2. Nombre d'éléments dans 'tracks' : 2
3. Contenu de tracks[0] (Raw Tracks) :
   - Type : <class 'numpy.ndarray'>
   - Quantité : 20141
4. Contenu de tracks[1] (Interpolated Tracks) :
   - Type : <class 'numpy.ndarray'>
   - Shape (Dimensions) : (7957,)
---------------------------------------------------

[1mInitializing ULM pipeline...[0m
[34m[1m80105 maxima found[0m
[34m[1m80105 maxima kept[0m
[34m[1mAverage voxel pitch 0.13285333333333335 ([0.09856 0.15    0.15   ])[0m
[34m[1mStart SimpleTracker on 61133[0m
[34m[1mmax_linking_distance_dist: 0.159424 (~1.2 voxel)[0m
[1mmax_gap_closing: 0[0m
[1mmax_linking_distance_dist: 0.159424 (~1.2 voxel)[0m
[1mmin_track_len: 19[0m
[34m[1m256 tracks found.[0m
compute_bloc sees log = ['tracking', 'conditionnement', 'pipeline']

INSPECTION DE LA STRUCTURE 'tracks' (Bloc 39)
---------------------------------------------------
1. Type de l'objet 'tracks' : <class 'list'>
2. Nombre d'éléments dans 'tracks' : 2
3. Contenu de tracks[0] (Raw Tracks) :
   - Type : <class 'numpy.ndarray'>
   - Quantité : 22432
4. Contenu de tracks[1] (Interpolated Tracks) :
   - Type : <class 'numpy.ndarray'>
   - Shape (Dimensions) : (8654,)
---------------------------------------------------

[1mInitializing ULM pipeline...[0m
[34m[1mSVD filtering: keep [ 12 200] over 200 frames.[0m
[1mmax_gap_closing: 0[0m
[1mmax_linking_distance_dist: 0.159424 (~1.2 voxel)[0m
[1mmin_track_len: 19[0m
[34m[1mSVD filtering: keep [ 12 200] over 200 frames.[0m
[34m[1mSVD filtering: keep [ 12 200] over 200 frames.[0m
[34m[1m86615 maxima found[0m
[34m[1m86615 maxima kept[0m
[34m[1m86682 maxima found[0m
[34m[1m86682 maxima kept[0m
[34m[1m87990 maxima found[0m
[34m[1m87990 maxima kept[0m
[34m[1mAverage voxel pitch 0.13285333333333335 ([0.09856 0.15    0.15   ])[0m
[34m[1mStart SimpleTracker on 54035[0m
[34m[1mmax_linking_distance_dist: 0.159424 (~1.2 voxel)[0m
[34m[1m189 tracks found.[0m
compute_bloc sees log = ['tracking', 'conditionnement', 'pipeline']

INSPECTION DE LA STRUCTURE 'tracks' (Bloc 40)
---------------------------------------------------
1. Type de l'objet 'tracks' : <class 'list'>
2. Nombre d'éléments dans 'tracks' : 2
3. Contenu de tracks[0] (Raw Tracks) :
   - Type : <class 'numpy.ndarray'>
   - Quantité : 13442
4. Contenu de tracks[1] (Interpolated Tracks) :
   - Type : <class 'numpy.ndarray'>
   - Shape (Dimensions) : (6079,)
---------------------------------------------------

[1mInitializing ULM pipeline...[0m
[1mmax_gap_closing: 0[0m
[1mmax_linking_distance_dist: 0.159424 (~1.2 voxel)[0m
[1mmin_track_len: 19[0m
