[1mCHEMINS DEFINIS EN DUR DANS LE SCRIPT[0m
[1mConfig file: /projects/ecptr/Open-3DULM-main-test/config/basic_config.yaml[0m
[1m10 IQ files générés: /projects/ecptr/3D_ULM_Data (/projects/ecptr/3D_ULM_Data/IQ001.mat...)[0m
[1mOutput dir: /projects/ecptr/results/config_160[0m
[1mUse default number of workers 1[0m
[32m[1mOutput folders created at /projects/ecptr/results/config_160[0m
[1mInitializing ULM pipeline...[0m
[1mmax_gap_closing: 0[0m
[1mmax_linking_distance_dist: 0.159424 (~1.2 voxel)[0m
[1mmin_track_len: 19[0m
[1mCompute Power Doppler on 2 blocs.[0m
[1mStart processing (single thread)[0m

INSPECTION DE LA STRUCTURE 'tracks' (Bloc 0)
---------------------------------------------------
1. Type de l'objet 'tracks' : <class 'list'>
2. Nombre d'éléments dans 'tracks' : 2
3. Contenu de tracks[0] (Raw Tracks) :
   - Type : <class 'numpy.ndarray'>
   - Quantité : 8504
4. Contenu de tracks[1] (Interpolated Tracks) :
   - Type : <class 'numpy.ndarray'>
   - Shape (Dimensions) : (3416,)
---------------------------------------------------


INSPECTION DE LA STRUCTURE 'tracks' (Bloc 1)
---------------------------------------------------
1. Type de l'objet 'tracks' : <class 'list'>
2. Nombre d'éléments dans 'tracks' : 2
3. Contenu de tracks[0] (Raw Tracks) :
   - Type : <class 'numpy.ndarray'>
   - Quantité : 8890
4. Contenu de tracks[1] (Interpolated Tracks) :
   - Type : <class 'numpy.ndarray'>
   - Shape (Dimensions) : (3896,)
---------------------------------------------------


INSPECTION DE LA STRUCTURE 'tracks' (Bloc 2)
---------------------------------------------------
1. Type de l'objet 'tracks' : <class 'list'>
2. Nombre d'éléments dans 'tracks' : 2
3. Contenu de tracks[0] (Raw Tracks) :
   - Type : <class 'numpy.ndarray'>
   - Quantité : 9113
4. Contenu de tracks[1] (Interpolated Tracks) :
   - Type : <class 'numpy.ndarray'>
   - Shape (Dimensions) : (3590,)
---------------------------------------------------


INSPECTION DE LA STRUCTURE 'tracks' (Bloc 3)
---------------------------------------------------
1. Type de l'objet 'tracks' : <class 'list'>
2. Nombre d'éléments dans 'tracks' : 2
3. Contenu de tracks[0] (Raw Tracks) :
   - Type : <class 'numpy.ndarray'>
   - Quantité : 5061
4. Contenu de tracks[1] (Interpolated Tracks) :
   - Type : <class 'numpy.ndarray'>
   - Shape (Dimensions) : (2632,)
---------------------------------------------------


INSPECTION DE LA STRUCTURE 'tracks' (Bloc 4)
---------------------------------------------------
1. Type de l'objet 'tracks' : <class 'list'>
2. Nombre d'éléments dans 'tracks' : 2
3. Contenu de tracks[0] (Raw Tracks) :
   - Type : <class 'numpy.ndarray'>
   - Quantité : 6511
4. Contenu de tracks[1] (Interpolated Tracks) :
   - Type : <class 'numpy.ndarray'>
   - Shape (Dimensions) : (2584,)
---------------------------------------------------


INSPECTION DE LA STRUCTURE 'tracks' (Bloc 5)
---------------------------------------------------
1. Type de l'objet 'tracks' : <class 'list'>
2. Nombre d'éléments dans 'tracks' : 2
3. Contenu de tracks[0] (Raw Tracks) :
   - Type : <class 'numpy.ndarray'>
   - Quantité : 7569
4. Contenu de tracks[1] (Interpolated Tracks) :
   - Type : <class 'numpy.ndarray'>
   - Shape (Dimensions) : (3248,)
---------------------------------------------------


INSPECTION DE LA STRUCTURE 'tracks' (Bloc 6)
---------------------------------------------------
1. Type de l'objet 'tracks' : <class 'list'>
2. Nombre d'éléments dans 'tracks' : 2
3. Contenu de tracks[0] (Raw Tracks) :
   - Type : <class 'numpy.ndarray'>
   - Quantité : 3716
4. Contenu de tracks[1] (Interpolated Tracks) :
   - Type : <class 'numpy.ndarray'>
   - Shape (Dimensions) : (1784,)
---------------------------------------------------


INSPECTION DE LA STRUCTURE 'tracks' (Bloc 7)
---------------------------------------------------
1. Type de l'objet 'tracks' : <class 'list'>
2. Nombre d'éléments dans 'tracks' : 2
3. Contenu de tracks[0] (Raw Tracks) :
   - Type : <class 'numpy.ndarray'>
   - Quantité : 7803
4. Contenu de tracks[1] (Interpolated Tracks) :
   - Type : <class 'numpy.ndarray'>
   - Shape (Dimensions) : (3302,)
---------------------------------------------------


INSPECTION DE LA STRUCTURE 'tracks' (Bloc 8)
---------------------------------------------------
1. Type de l'objet 'tracks' : <class 'list'>
2. Nombre d'éléments dans 'tracks' : 2
3. Contenu de tracks[0] (Raw Tracks) :
   - Type : <class 'numpy.ndarray'>
   - Quantité : 6201
4. Contenu de tracks[1] (Interpolated Tracks) :
   - Type : <class 'numpy.ndarray'>
   - Shape (Dimensions) : (2514,)
---------------------------------------------------


INSPECTION DE LA STRUCTURE 'tracks' (Bloc 9)
---------------------------------------------------
1. Type de l'objet 'tracks' : <class 'list'>
2. Nombre d'éléments dans 'tracks' : 2
3. Contenu de tracks[0] (Raw Tracks) :
   - Type : <class 'numpy.ndarray'>
   - Quantité : 7530
4. Contenu de tracks[1] (Interpolated Tracks) :
   - Type : <class 'numpy.ndarray'>
   - Shape (Dimensions) : (2998,)
---------------------------------------------------

[1mULM rendering export[0m
[1m10 track files found.[0m
[1mSuper-resolution matrix size [407 590 640] pitch 0.015 (low res (68, 65, 70), pitch 0.004)[0m
[1mSaving outputs matrix[0m
[32m[1mRendering succefully ended.[0m
[32m[1mProcessing successfully ended, save at /projects/ecptr/results/config_160[0m
