UserWarning: A new version of Albumentations is available: 2.0.8 (you have 1.4.24). Upgrade using: pip install -U albumentations. To disable automatic update checks, set the environment variable NO_ALBUMENTATIONS_UPDATE to 1.
  0%|          | 0/400 [00:00<?, ?it/s]UserWarning: A new version of Albumentations is available: 2.0.8 (you have 1.4.24). Upgrade using: pip install -U albumentations. To disable automatic update checks, set the environment variable NO_ALBUMENTATIONS_UPDATE to 1.
UserWarning: A new version of Albumentations is available: 2.0.8 (you have 1.4.24). Upgrade using: pip install -U albumentations. To disable automatic update checks, set the environment variable NO_ALBUMENTATIONS_UPDATE to 1.
UserWarning: A new version of Albumentations is available: 2.0.8 (you have 1.4.24). Upgrade using: pip install -U albumentations. To disable automatic update checks, set the environment variable NO_ALBUMENTATIONS_UPDATE to 1.
UserWarning: A new version of Albumentations is available: 2.0.8 (you have 1.4.24). Upgrade using: pip install -U albumentations. To disable automatic update checks, set the environment variable NO_ALBUMENTATIONS_UPDATE to 1.
2026-03-18 16:08:53.284 | INFO     | ulm3d.ulm_rfdetr:get_rfdetr_intensity_matrix:569 - Starting RFDETR detection via MIP projection...
[2026-03-18 16:08:53] [WARNING] rf-detr - Using a different number of positional encodings than DINOv2, which means we're not loading DINOv2 backbone weights. This is not a problem if finetuning a pretrained RF-DETR model.
[2026-03-18 16:08:53] [WARNING] rf-detr - Using patch size 16 instead of 14, which means we're not loading DINOv2 backbone weights. This is not a problem if finetuning a pretrained RF-DETR model.
2026-03-18 16:08:53.443 | INFO     | ulm3d.ulm_rfdetr:get_rfdetr_intensity_matrix:569 - Starting RFDETR detection via MIP projection...
[2026-03-18 16:08:53] [WARNING] rf-detr - Using a different number of positional encodings than DINOv2, which means we're not loading DINOv2 backbone weights. This is not a problem if finetuning a pretrained RF-DETR model.
[2026-03-18 16:08:53] [WARNING] rf-detr - Using patch size 16 instead of 14, which means we're not loading DINOv2 backbone weights. This is not a problem if finetuning a pretrained RF-DETR model.
2026-03-18 16:08:53.466 | INFO     | ulm3d.ulm_rfdetr:get_rfdetr_intensity_matrix:569 - Starting RFDETR detection via MIP projection...
2026-03-18 16:08:53.471 | INFO     | ulm3d.ulm_rfdetr:get_rfdetr_intensity_matrix:569 - Starting RFDETR detection via MIP projection...
[2026-03-18 16:08:53] [WARNING] rf-detr - Using a different number of positional encodings than DINOv2, which means we're not loading DINOv2 backbone weights. This is not a problem if finetuning a pretrained RF-DETR model.
[2026-03-18 16:08:53] [WARNING] rf-detr - Using patch size 16 instead of 14, which means we're not loading DINOv2 backbone weights. This is not a problem if finetuning a pretrained RF-DETR model.
[2026-03-18 16:08:53] [WARNING] rf-detr - Using a different number of positional encodings than DINOv2, which means we're not loading DINOv2 backbone weights. This is not a problem if finetuning a pretrained RF-DETR model.
[2026-03-18 16:08:53] [WARNING] rf-detr - Using patch size 16 instead of 14, which means we're not loading DINOv2 backbone weights. This is not a problem if finetuning a pretrained RF-DETR model.
[2026-03-18 16:08:54] [WARNING] rf-detr - Reinitializing detection head with 0 classes based on pretrained weights, configured for 90.
2026-03-18 16:08:54.204 | ERROR    | ulm3d.ulm_rfdetr:get_rfdetr_intensity_matrix:575 - Could not load RFDETR from RFDETR/Entrainement_RFDETR/checkpoint.pth : name 'model' is not defined
[2026-03-18 16:08:54] [WARNING] rf-detr - Reinitializing detection head with 0 classes based on pretrained weights, configured for 90.
[2026-03-18 16:08:54] [WARNING] rf-detr - Reinitializing detection head with 0 classes based on pretrained weights, configured for 90.
[2026-03-18 16:08:54] [WARNING] rf-detr - Reinitializing detection head with 0 classes based on pretrained weights, configured for 90.
2026-03-18 16:08:54.380 | ERROR    | ulm3d.ulm_rfdetr:get_rfdetr_intensity_matrix:575 - Could not load RFDETR from RFDETR/Entrainement_RFDETR/checkpoint.pth : name 'model' is not defined
2026-03-18 16:08:54.434 | ERROR    | ulm3d.ulm_rfdetr:get_rfdetr_intensity_matrix:575 - Could not load RFDETR from RFDETR/Entrainement_RFDETR/checkpoint.pth : name 'model' is not defined
2026-03-18 16:08:54.445 | ERROR    | ulm3d.ulm_rfdetr:get_rfdetr_intensity_matrix:575 - Could not load RFDETR from RFDETR/Entrainement_RFDETR/checkpoint.pth : name 'model' is not defined
  0%|          | 0/400 [00:21<?, ?it/s]
2026-03-18 16:08:59.708 | INFO     | ulm3d.ulm_rfdetr:get_rfdetr_intensity_matrix:569 - Starting RFDETR detection via MIP projection...
[2026-03-18 16:08:59] [WARNING] rf-detr - Using a different number of positional encodings than DINOv2, which means we're not loading DINOv2 backbone weights. This is not a problem if finetuning a pretrained RF-DETR model.
[2026-03-18 16:08:59] [WARNING] rf-detr - Using patch size 16 instead of 14, which means we're not loading DINOv2 backbone weights. This is not a problem if finetuning a pretrained RF-DETR model.
2026-03-18 16:09:00.334 | INFO     | ulm3d.ulm_rfdetr:get_rfdetr_intensity_matrix:569 - Starting RFDETR detection via MIP projection...
[2026-03-18 16:09:00] [WARNING] rf-detr - Using a different number of positional encodings than DINOv2, which means we're not loading DINOv2 backbone weights. This is not a problem if finetuning a pretrained RF-DETR model.
[2026-03-18 16:09:00] [WARNING] rf-detr - Using patch size 16 instead of 14, which means we're not loading DINOv2 backbone weights. This is not a problem if finetuning a pretrained RF-DETR model.
2026-03-18 16:09:00.423 | INFO     | ulm3d.ulm_rfdetr:get_rfdetr_intensity_matrix:569 - Starting RFDETR detection via MIP projection...
[2026-03-18 16:09:00] [WARNING] rf-detr - Using a different number of positional encodings than DINOv2, which means we're not loading DINOv2 backbone weights. This is not a problem if finetuning a pretrained RF-DETR model.
[2026-03-18 16:09:00] [WARNING] rf-detr - Using patch size 16 instead of 14, which means we're not loading DINOv2 backbone weights. This is not a problem if finetuning a pretrained RF-DETR model.
2026-03-18 16:09:00.464 | INFO     | ulm3d.ulm_rfdetr:get_rfdetr_intensity_matrix:569 - Starting RFDETR detection via MIP projection...
[2026-03-18 16:09:00] [WARNING] rf-detr - Using a different number of positional encodings than DINOv2, which means we're not loading DINOv2 backbone weights. This is not a problem if finetuning a pretrained RF-DETR model.
[2026-03-18 16:09:00] [WARNING] rf-detr - Using patch size 16 instead of 14, which means we're not loading DINOv2 backbone weights. This is not a problem if finetuning a pretrained RF-DETR model.
[2026-03-18 16:09:00] [WARNING] rf-detr - Reinitializing detection head with 0 classes based on pretrained weights, configured for 90.
2026-03-18 16:09:00.558 | ERROR    | ulm3d.ulm_rfdetr:get_rfdetr_intensity_matrix:575 - Could not load RFDETR from RFDETR/Entrainement_RFDETR/checkpoint.pth : name 'model' is not defined
[2026-03-18 16:09:01] [WARNING] rf-detr - Reinitializing detection head with 0 classes based on pretrained weights, configured for 90.
[2026-03-18 16:09:01] [WARNING] rf-detr - Reinitializing detection head with 0 classes based on pretrained weights, configured for 90.
2026-03-18 16:09:01.184 | ERROR    | ulm3d.ulm_rfdetr:get_rfdetr_intensity_matrix:575 - Could not load RFDETR from RFDETR/Entrainement_RFDETR/checkpoint.pth : name 'model' is not defined
2026-03-18 16:09:01.212 | ERROR    | ulm3d.ulm_rfdetr:get_rfdetr_intensity_matrix:575 - Could not load RFDETR from RFDETR/Entrainement_RFDETR/checkpoint.pth : name 'model' is not defined
[2026-03-18 16:09:01] [WARNING] rf-detr - Reinitializing detection head with 0 classes based on pretrained weights, configured for 90.
2026-03-18 16:09:02.088 | ERROR    | ulm3d.ulm_rfdetr:get_rfdetr_intensity_matrix:575 - Could not load RFDETR from RFDETR/Entrainement_RFDETR/checkpoint.pth : name 'model' is not defined
2026-03-18 16:09:03.030 | INFO     | ulm3d.ulm_rfdetr:get_rfdetr_intensity_matrix:569 - Starting RFDETR detection via MIP projection...
[2026-03-18 16:09:03] [WARNING] rf-detr - Using a different number of positional encodings than DINOv2, which means we're not loading DINOv2 backbone weights. This is not a problem if finetuning a pretrained RF-DETR model.
[2026-03-18 16:09:03] [WARNING] rf-detr - Using patch size 16 instead of 14, which means we're not loading DINOv2 backbone weights. This is not a problem if finetuning a pretrained RF-DETR model.
[2026-03-18 16:09:03] [WARNING] rf-detr - Reinitializing detection head with 0 classes based on pretrained weights, configured for 90.
2026-03-18 16:09:03.718 | ERROR    | ulm3d.ulm_rfdetr:get_rfdetr_intensity_matrix:575 - Could not load RFDETR from RFDETR/Entrainement_RFDETR/checkpoint.pth : name 'model' is not defined
concurrent.futures.process._RemoteTraceback: 
"""
Traceback (most recent call last):
  File "/usr/lib/python3.12/concurrent/futures/process.py", line 263, in _process_worker
    r = call_item.fn(*call_item.args, **call_item.kwargs)
        ^^^^^^^^^^^^^^^^^^^^^^^^^^^^^^^^^^^^^^^^^^^^^^^^^
  File "/usr/lib/python3.12/concurrent/futures/process.py", line 212, in _process_chunk
    return [fn(*args) for args in chunk]
            ^^^^^^^^^
  File "/projects/ecptr/Espace_GIT/Espace_Thomas/test/Open-3DULM-main/scripts/open_3D_ulm_main.py", line 207, in compute_block
    localizations = ulm_pipeline.super_localization(iq_before_loc)
                    ^^^^^^^^^^^^^^^^^^^^^^^^^^^^^^^^^^^^^^^^^^^^^^
  File "/projects/ecptr/Espace_GIT/Espace_Thomas/test/Open-3DULM-main/src/ulm3d/ulm_rfdetr.py", line 241, in super_localization
    ) = get_local_contrast(
        ^^^^^^^^^^^^^^^^^^^
  File "/projects/ecptr/Espace_GIT/Espace_Thomas/test/Open-3DULM-main/src/ulm3d/ulm_rfdetr.py", line 709, in get_local_contrast
    clutter = iq - intensity_matrix
              ~~~^~~~~~~~~~~~~~~~~~
TypeError: unsupported operand type(s) for -: 'float' and 'NoneType'
"""

The above exception was the direct cause of the following exception:

Traceback (most recent call last):
  File "/projects/ecptr/Espace_GIT/Espace_Thomas/test/Open-3DULM-main/scripts/open_3D_ulm_main.py", line 398, in <module>
    run(
  File "/projects/ecptr/Espace_GIT/Espace_Thomas/test/Open-3DULM-main/scripts/open_3D_ulm_main.py", line 331, in run
    for _ in executor.map(
  File "/usr/lib/python3.12/concurrent/futures/process.py", line 642, in _chain_from_iterable_of_lists
    for element in iterable:
  File "/usr/lib/python3.12/concurrent/futures/_base.py", line 619, in result_iterator
    yield _result_or_cancel(fs.pop())
          ^^^^^^^^^^^^^^^^^^^^^^^^^^^
  File "/usr/lib/python3.12/concurrent/futures/_base.py", line 317, in _result_or_cancel
    return fut.result(timeout)
           ^^^^^^^^^^^^^^^^^^^
  File "/usr/lib/python3.12/concurrent/futures/_base.py", line 456, in result
    return self.__get_result()
           ^^^^^^^^^^^^^^^^^^^
  File "/usr/lib/python3.12/concurrent/futures/_base.py", line 401, in __get_result
    raise self._exception
TypeError: unsupported operand type(s) for -: 'float' and 'NoneType'
srun: error: r9ng-6000-1: task 0: Exited with exit code 1
