[1mConfig file: /projects/ecptr/Espace_GIT/Espace_Enzo/Chef-D-oeuvre-ECPTR-/Open-3DULM-main/config/basic_config.yaml[0m
[1m400 IQ files generated: /projects/ecptr/3D_ULM_Data (/projects/ecptr/3D_ULM_Data/IQ001.npy...)[0m
[1mOutput dir: /projects/ecptr/results/rfdetr/config_12[0m
LOG FROM YAML = []
Final workers count: 4
[34m[1mInput params from /projects/ecptr/Espace_GIT/Espace_Enzo/Chef-D-oeuvre-ECPTR-/Open-3DULM-main/config/basic_config.yaml:
 bandpass_filter:
- 10
- 64
export_extension_tracks_localizations:
- npz
- csv
- hdf5
export_extension_volume:
- npz
- hdf5
- npy
export_volume:
- density
- velocity
- directivity
- saturation_curve
- power_doppler
filt_mode: SVD
filter_order: 2
fwhm:
- 5
- 5
- 5
input_var_name: IQ
log: []
max_gap_closing: 5
max_velocity: 30
max_workers: 0
min_length: 5
min_snr: 0
nb_local_max: 10
number_of_particles: 900
origin:
- 37.453
- -4.8
- -5.175
patch_size:
- 7
- 7
- 7
res: 10
rfdetr_model_path: RFDETR/Entrainement_RFDETR/checkpoint.pth
svd_values:
- 12
- 200
volumerate: 260
voxel_size:
- 0.09856
- 0.15
- 0.15
z_dim: 0
[0m
NOTE! Installing ujson may make loading annotations faster.
ULM RECEIVED LOG = []
[32m[1mOutput folders created at /projects/ecptr/results/rfdetr/config_12[0m
[1mCompute Power Doppler on 2 blocs.[0m
[34m[1mSaving dict_keys(['power_doppler', 'pitch', 'origin']) in /projects/ecptr/results/rfdetr/config_12/volume/power_doppler[0m
[1mStart parallel pool (4 workers)[0m
NOTE! Installing ujson may make loading annotations faster.
ULM RECEIVED LOG = []
[2026-03-18 16:16:30] [INFO] rf-detr - Loading pretrain weights
NOTE! Installing ujson may make loading annotations faster.
ULM RECEIVED LOG = []
[2026-03-18 16:16:31] [INFO] rf-detr - Loading pretrain weights
NOTE! Installing ujson may make loading annotations faster.
ULM RECEIVED LOG = []
[2026-03-18 16:16:31] [INFO] rf-detr - Loading pretrain weights
NOTE! Installing ujson may make loading annotations faster.
ULM RECEIVED LOG = []
[2026-03-18 16:16:31] [INFO] rf-detr - Loading pretrain weights
ULM RECEIVED LOG = []
[2026-03-18 16:17:07] [INFO] rf-detr - Loading pretrain weights
ULM RECEIVED LOG = []
[2026-03-18 16:17:07] [INFO] rf-detr - Loading pretrain weights
ULM RECEIVED LOG = []
[2026-03-18 16:17:07] [INFO] rf-detr - Loading pretrain weights
ULM RECEIVED LOG = []
[2026-03-18 16:17:07] [INFO] rf-detr - Loading pretrain weights
ULM RECEIVED LOG = []
[2026-03-18 16:17:40] [INFO] rf-detr - Loading pretrain weights
ULM RECEIVED LOG = []
[2026-03-18 16:17:41] [INFO] rf-detr - Loading pretrain weights
ULM RECEIVED LOG = []
[2026-03-18 16:17:42] [INFO] rf-detr - Loading pretrain weights
ULM RECEIVED LOG = []
[2026-03-18 16:17:42] [INFO] rf-detr - Loading pretrain weights
ULM RECEIVED LOG = []
[2026-03-18 16:18:11] [INFO] rf-detr - Loading pretrain weights
ULM RECEIVED LOG = []
[2026-03-18 16:18:13] [INFO] rf-detr - Loading pretrain weights
ULM RECEIVED LOG = []
[2026-03-18 16:18:16] [INFO] rf-detr - Loading pretrain weights
ULM RECEIVED LOG = []
[2026-03-18 16:18:16] [INFO] rf-detr - Loading pretrain weights
ULM RECEIVED LOG = []
[2026-03-18 16:18:39] [INFO] rf-detr - Loading pretrain weights
ULM RECEIVED LOG = []
[2026-03-18 16:18:47] [INFO] rf-detr - Loading pretrain weights
ULM RECEIVED LOG = []
[2026-03-18 16:18:50] [INFO] rf-detr - Loading pretrain weights
ULM RECEIVED LOG = []
[2026-03-18 16:18:50] [INFO] rf-detr - Loading pretrain weights
ULM RECEIVED LOG = []
[2026-03-18 16:19:05] [INFO] rf-detr - Loading pretrain weights
ULM RECEIVED LOG = []
[2026-03-18 16:19:19] [INFO] rf-detr - Loading pretrain weights
ULM RECEIVED LOG = []
[2026-03-18 16:19:22] [INFO] rf-detr - Loading pretrain weights
ULM RECEIVED LOG = []
[2026-03-18 16:19:23] [INFO] rf-detr - Loading pretrain weights
ULM RECEIVED LOG = []
[2026-03-18 16:19:33] [INFO] rf-detr - Loading pretrain weights
ULM RECEIVED LOG = []
[2026-03-18 16:19:51] [INFO] rf-detr - Loading pretrain weights
ULM RECEIVED LOG = []
[2026-03-18 16:19:55] [INFO] rf-detr - Loading pretrain weights
ULM RECEIVED LOG = []
[2026-03-18 16:19:57] [INFO] rf-detr - Loading pretrain weights
ULM RECEIVED LOG = []
[2026-03-18 16:20:04] [INFO] rf-detr - Loading pretrain weights
ULM RECEIVED LOG = []
[2026-03-18 16:20:18] [INFO] rf-detr - Loading pretrain weights
ULM RECEIVED LOG = []
[2026-03-18 16:20:28] [INFO] rf-detr - Loading pretrain weights
ULM RECEIVED LOG = []
[2026-03-18 16:20:29] [INFO] rf-detr - Loading pretrain weights
ULM RECEIVED LOG = []
[2026-03-18 16:20:33] [INFO] rf-detr - Loading pretrain weights
ULM RECEIVED LOG = []
[2026-03-18 16:20:47] [INFO] rf-detr - Loading pretrain weights
ULM RECEIVED LOG = []
[2026-03-18 16:21:00] [INFO] rf-detr - Loading pretrain weights
ULM RECEIVED LOG = []
[2026-03-18 16:21:03] [INFO] rf-detr - Loading pretrain weights
ULM RECEIVED LOG = []
[2026-03-18 16:21:05] [INFO] rf-detr - Loading pretrain weights
ULM RECEIVED LOG = []
[2026-03-18 16:21:16] [INFO] rf-detr - Loading pretrain weights
ULM RECEIVED LOG = []
[2026-03-18 16:21:31] [INFO] rf-detr - Loading pretrain weights
ULM RECEIVED LOG = []
[2026-03-18 16:21:34] [INFO] rf-detr - Loading pretrain weights
ULM RECEIVED LOG = []
[2026-03-18 16:21:37] [INFO] rf-detr - Loading pretrain weights
ULM RECEIVED LOG = []
[2026-03-18 16:21:45] [INFO] rf-detr - Loading pretrain weights
ULM RECEIVED LOG = []
[2026-03-18 16:22:00] [INFO] rf-detr - Loading pretrain weights
ULM RECEIVED LOG = []
[2026-03-18 16:22:08] [INFO] rf-detr - Loading pretrain weights
ULM RECEIVED LOG = []
[2026-03-18 16:22:10] [INFO] rf-detr - Loading pretrain weights
ULM RECEIVED LOG = []
[2026-03-18 16:22:15] [INFO] rf-detr - Loading pretrain weights
ULM RECEIVED LOG = []
[2026-03-18 16:22:29] [INFO] rf-detr - Loading pretrain weights
ULM RECEIVED LOG = []
[2026-03-18 16:22:41] [INFO] rf-detr - Loading pretrain weights
ULM RECEIVED LOG = []
[2026-03-18 16:22:43] [INFO] rf-detr - Loading pretrain weights
ULM RECEIVED LOG = []
[2026-03-18 16:22:49] [INFO] rf-detr - Loading pretrain weights
ULM RECEIVED LOG = []
[2026-03-18 16:22:57] [INFO] rf-detr - Loading pretrain weights
ULM RECEIVED LOG = []
[2026-03-18 16:23:12] [INFO] rf-detr - Loading pretrain weights
ULM RECEIVED LOG = []
[2026-03-18 16:23:15] [INFO] rf-detr - Loading pretrain weights
ULM RECEIVED LOG = []
[2026-03-18 16:23:21] [INFO] rf-detr - Loading pretrain weights
ULM RECEIVED LOG = []
[2026-03-18 16:23:25] [INFO] rf-detr - Loading pretrain weights
ULM RECEIVED LOG = []
[2026-03-18 16:23:46] [INFO] rf-detr - Loading pretrain weights
ULM RECEIVED LOG = []
[2026-03-18 16:23:48] [INFO] rf-detr - Loading pretrain weights
ULM RECEIVED LOG = []
[2026-03-18 16:23:54] [INFO] rf-detr - Loading pretrain weights
ULM RECEIVED LOG = []
[2026-03-18 16:23:57] [INFO] rf-detr - Loading pretrain weights
ULM RECEIVED LOG = []
[2026-03-18 16:24:20] [INFO] rf-detr - Loading pretrain weights
ULM RECEIVED LOG = []
[2026-03-18 16:24:21] [INFO] rf-detr - Loading pretrain weights
ULM RECEIVED LOG = []
[2026-03-18 16:24:29] [INFO] rf-detr - Loading pretrain weights
ULM RECEIVED LOG = []
[2026-03-18 16:24:30] [INFO] rf-detr - Loading pretrain weights
ULM RECEIVED LOG = []
[2026-03-18 16:24:51] [INFO] rf-detr - Loading pretrain weights
ULM RECEIVED LOG = []
[2026-03-18 16:24:53] [INFO] rf-detr - Loading pretrain weights
ULM RECEIVED LOG = []
[2026-03-18 16:25:03] [INFO] rf-detr - Loading pretrain weights
ULM RECEIVED LOG = []
[2026-03-18 16:25:04] [INFO] rf-detr - Loading pretrain weights
ULM RECEIVED LOG = []
[2026-03-18 16:25:21] [INFO] rf-detr - Loading pretrain weights
ULM RECEIVED LOG = []
[2026-03-18 16:25:25] [INFO] rf-detr - Loading pretrain weights
ULM RECEIVED LOG = []
[2026-03-18 16:25:36] [INFO] rf-detr - Loading pretrain weights
ULM RECEIVED LOG = []
[2026-03-18 16:25:36] [INFO] rf-detr - Loading pretrain weights
ULM RECEIVED LOG = []
[2026-03-18 16:25:51] [INFO] rf-detr - Loading pretrain weights
ULM RECEIVED LOG = []
[2026-03-18 16:25:57] [INFO] rf-detr - Loading pretrain weights
ULM RECEIVED LOG = []
[2026-03-18 16:26:10] [INFO] rf-detr - Loading pretrain weights
ULM RECEIVED LOG = []
[2026-03-18 16:26:10] [INFO] rf-detr - Loading pretrain weights
ULM RECEIVED LOG = []
[2026-03-18 16:26:19] [INFO] rf-detr - Loading pretrain weights
ULM RECEIVED LOG = []
[2026-03-18 16:26:24] [INFO] rf-detr - Loading pretrain weights
ULM RECEIVED LOG = []
[2026-03-18 16:26:44] [INFO] rf-detr - Loading pretrain weights
ULM RECEIVED LOG = []
[2026-03-18 16:26:44] [INFO] rf-detr - Loading pretrain weights
ULM RECEIVED LOG = []
[2026-03-18 16:26:49] [INFO] rf-detr - Loading pretrain weights
ULM RECEIVED LOG = []
[2026-03-18 16:26:54] [INFO] rf-detr - Loading pretrain weights
ULM RECEIVED LOG = []
[2026-03-18 16:27:15] [INFO] rf-detr - Loading pretrain weights
ULM RECEIVED LOG = []
[2026-03-18 16:27:16] [INFO] rf-detr - Loading pretrain weights
ULM RECEIVED LOG = []
[2026-03-18 16:27:26] [INFO] rf-detr - Loading pretrain weights
ULM RECEIVED LOG = []
[2026-03-18 16:27:26] [INFO] rf-detr - Loading pretrain weights
ULM RECEIVED LOG = []
[2026-03-18 16:27:47] [INFO] rf-detr - Loading pretrain weights
ULM RECEIVED LOG = []
[2026-03-18 16:27:48] [INFO] rf-detr - Loading pretrain weights
ULM RECEIVED LOG = []
[2026-03-18 16:28:00] [INFO] rf-detr - Loading pretrain weights
ULM RECEIVED LOG = []
[2026-03-18 16:28:00] [INFO] rf-detr - Loading pretrain weights
ULM RECEIVED LOG = []
[2026-03-18 16:28:18] [INFO] rf-detr - Loading pretrain weights
ULM RECEIVED LOG = []
[2026-03-18 16:28:21] [INFO] rf-detr - Loading pretrain weights
ULM RECEIVED LOG = []
[2026-03-18 16:28:31] [INFO] rf-detr - Loading pretrain weights
ULM RECEIVED LOG = []
[2026-03-18 16:28:32] [INFO] rf-detr - Loading pretrain weights
ULM RECEIVED LOG = []
[2026-03-18 16:28:46] [INFO] rf-detr - Loading pretrain weights
ULM RECEIVED LOG = []
[2026-03-18 16:28:53] [INFO] rf-detr - Loading pretrain weights
ULM RECEIVED LOG = []
[2026-03-18 16:29:03] [INFO] rf-detr - Loading pretrain weights
ULM RECEIVED LOG = []
[2026-03-18 16:29:04] [INFO] rf-detr - Loading pretrain weights
ULM RECEIVED LOG = []
[2026-03-18 16:29:14] [INFO] rf-detr - Loading pretrain weights
ULM RECEIVED LOG = []
[2026-03-18 16:29:22] [INFO] rf-detr - Loading pretrain weights
ULM RECEIVED LOG = []
[2026-03-18 16:29:37] [INFO] rf-detr - Loading pretrain weights
ULM RECEIVED LOG = []
[2026-03-18 16:29:37] [INFO] rf-detr - Loading pretrain weights
ULM RECEIVED LOG = []
[2026-03-18 16:29:46] [INFO] rf-detr - Loading pretrain weights
ULM RECEIVED LOG = []
[2026-03-18 16:29:50] [INFO] rf-detr - Loading pretrain weights
ULM RECEIVED LOG = []
[2026-03-18 16:30:09] [INFO] rf-detr - Loading pretrain weights
ULM RECEIVED LOG = []
[2026-03-18 16:30:10] [INFO] rf-detr - Loading pretrain weights
ULM RECEIVED LOG = []
[2026-03-18 16:30:18] [INFO] rf-detr - Loading pretrain weights
ULM RECEIVED LOG = []
[2026-03-18 16:30:20] [INFO] rf-detr - Loading pretrain weights
ULM RECEIVED LOG = []
[2026-03-18 16:30:38] [INFO] rf-detr - Loading pretrain weights
ULM RECEIVED LOG = []
[2026-03-18 16:30:40] [INFO] rf-detr - Loading pretrain weights
ULM RECEIVED LOG = []
[2026-03-18 16:30:50] [INFO] rf-detr - Loading pretrain weights
ULM RECEIVED LOG = []
[2026-03-18 16:30:52] [INFO] rf-detr - Loading pretrain weights
ULM RECEIVED LOG = []
[2026-03-18 16:31:06] [INFO] rf-detr - Loading pretrain weights
ULM RECEIVED LOG = []
[2026-03-18 16:31:11] [INFO] rf-detr - Loading pretrain weights
ULM RECEIVED LOG = []
[2026-03-18 16:31:21] [INFO] rf-detr - Loading pretrain weights
ULM RECEIVED LOG = []
[2026-03-18 16:31:23] [INFO] rf-detr - Loading pretrain weights
ULM RECEIVED LOG = []
[2026-03-18 16:31:35] [INFO] rf-detr - Loading pretrain weights
ULM RECEIVED LOG = []
[2026-03-18 16:31:43] [INFO] rf-detr - Loading pretrain weights
ULM RECEIVED LOG = []
[2026-03-18 16:31:52] [INFO] rf-detr - Loading pretrain weights
ULM RECEIVED LOG = []
[2026-03-18 16:31:53] [INFO] rf-detr - Loading pretrain weights
ULM RECEIVED LOG = []
[2026-03-18 16:32:04] [INFO] rf-detr - Loading pretrain weights
ULM RECEIVED LOG = []
[2026-03-18 16:32:15] [INFO] rf-detr - Loading pretrain weights
ULM RECEIVED LOG = []
[2026-03-18 16:32:21] [INFO] rf-detr - Loading pretrain weights
ULM RECEIVED LOG = []
[2026-03-18 16:32:23] [INFO] rf-detr - Loading pretrain weights
ULM RECEIVED LOG = []
[2026-03-18 16:32:34] [INFO] rf-detr - Loading pretrain weights
ULM RECEIVED LOG = []
[2026-03-18 16:32:45] [INFO] rf-detr - Loading pretrain weights
ULM RECEIVED LOG = []
[2026-03-18 16:32:52] [INFO] rf-detr - Loading pretrain weights
ULM RECEIVED LOG = []
[2026-03-18 16:32:54] [INFO] rf-detr - Loading pretrain weights
ULM RECEIVED LOG = []
[2026-03-18 16:33:04] [INFO] rf-detr - Loading pretrain weights
ULM RECEIVED LOG = []
[2026-03-18 16:33:17] [INFO] rf-detr - Loading pretrain weights
ULM RECEIVED LOG = []
[2026-03-18 16:33:23] [INFO] rf-detr - Loading pretrain weights
ULM RECEIVED LOG = []
[2026-03-18 16:33:25] [INFO] rf-detr - Loading pretrain weights
ULM RECEIVED LOG = []
[2026-03-18 16:33:35] [INFO] rf-detr - Loading pretrain weights
ULM RECEIVED LOG = []
[2026-03-18 16:33:47] [INFO] rf-detr - Loading pretrain weights
ULM RECEIVED LOG = []
[2026-03-18 16:33:55] [INFO] rf-detr - Loading pretrain weights
ULM RECEIVED LOG = []
[2026-03-18 16:33:56] [INFO] rf-detr - Loading pretrain weights
ULM RECEIVED LOG = []
[2026-03-18 16:34:06] [INFO] rf-detr - Loading pretrain weights
ULM RECEIVED LOG = []
[2026-03-18 16:34:18] [INFO] rf-detr - Loading pretrain weights
ULM RECEIVED LOG = []
[2026-03-18 16:34:27] [INFO] rf-detr - Loading pretrain weights
ULM RECEIVED LOG = []
[2026-03-18 16:34:28] [INFO] rf-detr - Loading pretrain weights
ULM RECEIVED LOG = []
[2026-03-18 16:34:37] [INFO] rf-detr - Loading pretrain weights
ULM RECEIVED LOG = []
[2026-03-18 16:34:48] [INFO] rf-detr - Loading pretrain weights
ULM RECEIVED LOG = []
[2026-03-18 16:34:58] [INFO] rf-detr - Loading pretrain weights
ULM RECEIVED LOG = []
[2026-03-18 16:34:59] [INFO] rf-detr - Loading pretrain weights
ULM RECEIVED LOG = []
[2026-03-18 16:35:09] [INFO] rf-detr - Loading pretrain weights
ULM RECEIVED LOG = []
[2026-03-18 16:35:19] [INFO] rf-detr - Loading pretrain weights
ULM RECEIVED LOG = []
[2026-03-18 16:35:27] [INFO] rf-detr - Loading pretrain weights
ULM RECEIVED LOG = []
[2026-03-18 16:35:29] [INFO] rf-detr - Loading pretrain weights
ULM RECEIVED LOG = []
[2026-03-18 16:35:39] [INFO] rf-detr - Loading pretrain weights
ULM RECEIVED LOG = []
[2026-03-18 16:35:51] [INFO] rf-detr - Loading pretrain weights
ULM RECEIVED LOG = []
[2026-03-18 16:35:59] [INFO] rf-detr - Loading pretrain weights
ULM RECEIVED LOG = []
[2026-03-18 16:36:00] [INFO] rf-detr - Loading pretrain weights
ULM RECEIVED LOG = []
[2026-03-18 16:36:09] [INFO] rf-detr - Loading pretrain weights
ULM RECEIVED LOG = []
[2026-03-18 16:36:23] [INFO] rf-detr - Loading pretrain weights
ULM RECEIVED LOG = []
[2026-03-18 16:36:31] [INFO] rf-detr - Loading pretrain weights
ULM RECEIVED LOG = []
[2026-03-18 16:36:32] [INFO] rf-detr - Loading pretrain weights
ULM RECEIVED LOG = []
[2026-03-18 16:36:40] [INFO] rf-detr - Loading pretrain weights
ULM RECEIVED LOG = []
[2026-03-18 16:36:54] [INFO] rf-detr - Loading pretrain weights
ULM RECEIVED LOG = []
[2026-03-18 16:37:03] [INFO] rf-detr - Loading pretrain weights
ULM RECEIVED LOG = []
[2026-03-18 16:37:04] [INFO] rf-detr - Loading pretrain weights
ULM RECEIVED LOG = []
[2026-03-18 16:37:09] [INFO] rf-detr - Loading pretrain weights
ULM RECEIVED LOG = []
[2026-03-18 16:37:23] [INFO] rf-detr - Loading pretrain weights
ULM RECEIVED LOG = []
[2026-03-18 16:37:35] [INFO] rf-detr - Loading pretrain weights
ULM RECEIVED LOG = []
[2026-03-18 16:37:35] [INFO] rf-detr - Loading pretrain weights
ULM RECEIVED LOG = []
[2026-03-18 16:37:38] [INFO] rf-detr - Loading pretrain weights
ULM RECEIVED LOG = []
[2026-03-18 16:37:52] [INFO] rf-detr - Loading pretrain weights
ULM RECEIVED LOG = []
[2026-03-18 16:38:09] [INFO] rf-detr - Loading pretrain weights
ULM RECEIVED LOG = []
[2026-03-18 16:38:10] [INFO] rf-detr - Loading pretrain weights
ULM RECEIVED LOG = []
[2026-03-18 16:38:10] [INFO] rf-detr - Loading pretrain weights
ULM RECEIVED LOG = []
[2026-03-18 16:38:21] [INFO] rf-detr - Loading pretrain weights
ULM RECEIVED LOG = []
[2026-03-18 16:38:44] [INFO] rf-detr - Loading pretrain weights
ULM RECEIVED LOG = []
[2026-03-18 16:38:44] [INFO] rf-detr - Loading pretrain weights
ULM RECEIVED LOG = []
[2026-03-18 16:38:44] [INFO] rf-detr - Loading pretrain weights
ULM RECEIVED LOG = []
[2026-03-18 16:38:52] [INFO] rf-detr - Loading pretrain weights
ULM RECEIVED LOG = []
[2026-03-18 16:39:19] [INFO] rf-detr - Loading pretrain weights
ULM RECEIVED LOG = []
[2026-03-18 16:39:20] [INFO] rf-detr - Loading pretrain weights
ULM RECEIVED LOG = []
[2026-03-18 16:39:20] [INFO] rf-detr - Loading pretrain weights
ULM RECEIVED LOG = []
[2026-03-18 16:39:21] [INFO] rf-detr - Loading pretrain weights
ULM RECEIVED LOG = []
[2026-03-18 16:39:57] [INFO] rf-detr - Loading pretrain weights
ULM RECEIVED LOG = []
[2026-03-18 16:39:57] [INFO] rf-detr - Loading pretrain weights
ULM RECEIVED LOG = []
[2026-03-18 16:39:57] [INFO] rf-detr - Loading pretrain weights
ULM RECEIVED LOG = []
[2026-03-18 16:39:57] [INFO] rf-detr - Loading pretrain weights
ULM RECEIVED LOG = []
[2026-03-18 16:40:35] [INFO] rf-detr - Loading pretrain weights
ULM RECEIVED LOG = []
[2026-03-18 16:40:36] [INFO] rf-detr - Loading pretrain weights
ULM RECEIVED LOG = []
[2026-03-18 16:40:36] [INFO] rf-detr - Loading pretrain weights
ULM RECEIVED LOG = []
[2026-03-18 16:40:36] [INFO] rf-detr - Loading pretrain weights
ULM RECEIVED LOG = []
[2026-03-18 16:41:08] [INFO] rf-detr - Loading pretrain weights
ULM RECEIVED LOG = []
[2026-03-18 16:41:12] [INFO] rf-detr - Loading pretrain weights
ULM RECEIVED LOG = []
[2026-03-18 16:41:12] [INFO] rf-detr - Loading pretrain weights
ULM RECEIVED LOG = []
[2026-03-18 16:41:12] [INFO] rf-detr - Loading pretrain weights
ULM RECEIVED LOG = []
[2026-03-18 16:41:41] [INFO] rf-detr - Loading pretrain weights
ULM RECEIVED LOG = []
[2026-03-18 16:41:44] [INFO] rf-detr - Loading pretrain weights
ULM RECEIVED LOG = []
[2026-03-18 16:41:47] [INFO] rf-detr - Loading pretrain weights
ULM RECEIVED LOG = []
[2026-03-18 16:41:47] [INFO] rf-detr - Loading pretrain weights
ULM RECEIVED LOG = []
[2026-03-18 16:42:08] [INFO] rf-detr - Loading pretrain weights
ULM RECEIVED LOG = []
[2026-03-18 16:42:17] [INFO] rf-detr - Loading pretrain weights
ULM RECEIVED LOG = []
[2026-03-18 16:42:20] [INFO] rf-detr - Loading pretrain weights
ULM RECEIVED LOG = []
[2026-03-18 16:42:20] [INFO] rf-detr - Loading pretrain weights
ULM RECEIVED LOG = []
[2026-03-18 16:42:38] [INFO] rf-detr - Loading pretrain weights
ULM RECEIVED LOG = []
[2026-03-18 16:42:49] [INFO] rf-detr - Loading pretrain weights
ULM RECEIVED LOG = []
[2026-03-18 16:42:52] [INFO] rf-detr - Loading pretrain weights
ULM RECEIVED LOG = []
[2026-03-18 16:42:53] [INFO] rf-detr - Loading pretrain weights
ULM RECEIVED LOG = []
[2026-03-18 16:43:05] [INFO] rf-detr - Loading pretrain weights
ULM RECEIVED LOG = []
[2026-03-18 16:43:21] [INFO] rf-detr - Loading pretrain weights
ULM RECEIVED LOG = []
[2026-03-18 16:43:24] [INFO] rf-detr - Loading pretrain weights
ULM RECEIVED LOG = []
[2026-03-18 16:43:25] [INFO] rf-detr - Loading pretrain weights
ULM RECEIVED LOG = []
[2026-03-18 16:43:35] [INFO] rf-detr - Loading pretrain weights
ULM RECEIVED LOG = []
[2026-03-18 16:43:53] [INFO] rf-detr - Loading pretrain weights
ULM RECEIVED LOG = []
[2026-03-18 16:43:54] [INFO] rf-detr - Loading pretrain weights
ULM RECEIVED LOG = []
[2026-03-18 16:43:57] [INFO] rf-detr - Loading pretrain weights
ULM RECEIVED LOG = []
[2026-03-18 16:44:06] [INFO] rf-detr - Loading pretrain weights
ULM RECEIVED LOG = []
[2026-03-18 16:44:21] [INFO] rf-detr - Loading pretrain weights
ULM RECEIVED LOG = []
[2026-03-18 16:44:25] [INFO] rf-detr - Loading pretrain weights
ULM RECEIVED LOG = []
[2026-03-18 16:44:29] [INFO] rf-detr - Loading pretrain weights
ULM RECEIVED LOG = []
[2026-03-18 16:44:38] [INFO] rf-detr - Loading pretrain weights
ULM RECEIVED LOG = []
[2026-03-18 16:44:49] [INFO] rf-detr - Loading pretrain weights
ULM RECEIVED LOG = []
[2026-03-18 16:44:57] [INFO] rf-detr - Loading pretrain weights
ULM RECEIVED LOG = []
[2026-03-18 16:45:02] [INFO] rf-detr - Loading pretrain weights
ULM RECEIVED LOG = []
[2026-03-18 16:45:09] [INFO] rf-detr - Loading pretrain weights
ULM RECEIVED LOG = []
[2026-03-18 16:45:19] [INFO] rf-detr - Loading pretrain weights
ULM RECEIVED LOG = []
[2026-03-18 16:45:28] [INFO] rf-detr - Loading pretrain weights
ULM RECEIVED LOG = []
[2026-03-18 16:45:32] [INFO] rf-detr - Loading pretrain weights
ULM RECEIVED LOG = []
[2026-03-18 16:45:40] [INFO] rf-detr - Loading pretrain weights
ULM RECEIVED LOG = []
[2026-03-18 16:45:49] [INFO] rf-detr - Loading pretrain weights
ULM RECEIVED LOG = []
[2026-03-18 16:46:00] [INFO] rf-detr - Loading pretrain weights
ULM RECEIVED LOG = []
[2026-03-18 16:46:02] [INFO] rf-detr - Loading pretrain weights
ULM RECEIVED LOG = []
[2026-03-18 16:46:12] [INFO] rf-detr - Loading pretrain weights
ULM RECEIVED LOG = []
[2026-03-18 16:46:19] [INFO] rf-detr - Loading pretrain weights
ULM RECEIVED LOG = []
[2026-03-18 16:46:31] [INFO] rf-detr - Loading pretrain weights
ULM RECEIVED LOG = []
[2026-03-18 16:46:33] [INFO] rf-detr - Loading pretrain weights
ULM RECEIVED LOG = []
[2026-03-18 16:46:44] [INFO] rf-detr - Loading pretrain weights
ULM RECEIVED LOG = []
[2026-03-18 16:46:50] [INFO] rf-detr - Loading pretrain weights
ULM RECEIVED LOG = []
[2026-03-18 16:47:01] [INFO] rf-detr - Loading pretrain weights
ULM RECEIVED LOG = []
[2026-03-18 16:47:03] [INFO] rf-detr - Loading pretrain weights
ULM RECEIVED LOG = []
[2026-03-18 16:47:15] [INFO] rf-detr - Loading pretrain weights
ULM RECEIVED LOG = []
[2026-03-18 16:47:23] [INFO] rf-detr - Loading pretrain weights
ULM RECEIVED LOG = []
[2026-03-18 16:47:31] [INFO] rf-detr - Loading pretrain weights
ULM RECEIVED LOG = []
[2026-03-18 16:47:32] [INFO] rf-detr - Loading pretrain weights
ULM RECEIVED LOG = []
[2026-03-18 16:47:45] [INFO] rf-detr - Loading pretrain weights
ULM RECEIVED LOG = []
[2026-03-18 16:47:55] [INFO] rf-detr - Loading pretrain weights
ULM RECEIVED LOG = []
[2026-03-18 16:48:02] [INFO] rf-detr - Loading pretrain weights
ULM RECEIVED LOG = []
[2026-03-18 16:48:03] [INFO] rf-detr - Loading pretrain weights
ULM RECEIVED LOG = []
[2026-03-18 16:48:14] [INFO] rf-detr - Loading pretrain weights
ULM RECEIVED LOG = []
[2026-03-18 16:48:25] [INFO] rf-detr - Loading pretrain weights
ULM RECEIVED LOG = []
[2026-03-18 16:48:32] [INFO] rf-detr - Loading pretrain weights
ULM RECEIVED LOG = []
[2026-03-18 16:48:33] [INFO] rf-detr - Loading pretrain weights
ULM RECEIVED LOG = []
[2026-03-18 16:48:44] [INFO] rf-detr - Loading pretrain weights
ULM RECEIVED LOG = []
[2026-03-18 16:48:56] [INFO] rf-detr - Loading pretrain weights
ULM RECEIVED LOG = []
[2026-03-18 16:49:03] [INFO] rf-detr - Loading pretrain weights
ULM RECEIVED LOG = []
[2026-03-18 16:49:04] [INFO] rf-detr - Loading pretrain weights
ULM RECEIVED LOG = []
[2026-03-18 16:49:14] [INFO] rf-detr - Loading pretrain weights
ULM RECEIVED LOG = []
[2026-03-18 16:49:27] [INFO] rf-detr - Loading pretrain weights
ULM RECEIVED LOG = []
[2026-03-18 16:49:33] [INFO] rf-detr - Loading pretrain weights
ULM RECEIVED LOG = []
[2026-03-18 16:49:35] [INFO] rf-detr - Loading pretrain weights
ULM RECEIVED LOG = []
[2026-03-18 16:49:45] [INFO] rf-detr - Loading pretrain weights
ULM RECEIVED LOG = []
[2026-03-18 16:49:57] [INFO] rf-detr - Loading pretrain weights
ULM RECEIVED LOG = []
[2026-03-18 16:50:06] [INFO] rf-detr - Loading pretrain weights
ULM RECEIVED LOG = []
[2026-03-18 16:50:06] [INFO] rf-detr - Loading pretrain weights
ULM RECEIVED LOG = []
[2026-03-18 16:50:14] [INFO] rf-detr - Loading pretrain weights
ULM RECEIVED LOG = []
[2026-03-18 16:50:27] [INFO] rf-detr - Loading pretrain weights
ULM RECEIVED LOG = []
[2026-03-18 16:50:38] [INFO] rf-detr - Loading pretrain weights
ULM RECEIVED LOG = []
[2026-03-18 16:50:39] [INFO] rf-detr - Loading pretrain weights
ULM RECEIVED LOG = []
[2026-03-18 16:50:40] [INFO] rf-detr - Loading pretrain weights
ULM RECEIVED LOG = []
[2026-03-18 16:50:57] [INFO] rf-detr - Loading pretrain weights
ULM RECEIVED LOG = []
[2026-03-18 16:51:12] [INFO] rf-detr - Loading pretrain weights
ULM RECEIVED LOG = []
[2026-03-18 16:51:13] [INFO] rf-detr - Loading pretrain weights
ULM RECEIVED LOG = []
[2026-03-18 16:51:13] [INFO] rf-detr - Loading pretrain weights
ULM RECEIVED LOG = []
[2026-03-18 16:51:25] [INFO] rf-detr - Loading pretrain weights
ULM RECEIVED LOG = []
[2026-03-18 16:51:45] [INFO] rf-detr - Loading pretrain weights
ULM RECEIVED LOG = []
[2026-03-18 16:51:46] [INFO] rf-detr - Loading pretrain weights
ULM RECEIVED LOG = []
[2026-03-18 16:51:47] [INFO] rf-detr - Loading pretrain weights
ULM RECEIVED LOG = []
[2026-03-18 16:51:56] [INFO] rf-detr - Loading pretrain weights
ULM RECEIVED LOG = []
[2026-03-18 16:52:16] [INFO] rf-detr - Loading pretrain weights
ULM RECEIVED LOG = []
[2026-03-18 16:52:17] [INFO] rf-detr - Loading pretrain weights
ULM RECEIVED LOG = []
[2026-03-18 16:52:19] [INFO] rf-detr - Loading pretrain weights
ULM RECEIVED LOG = []
[2026-03-18 16:52:29] [INFO] rf-detr - Loading pretrain weights
ULM RECEIVED LOG = []
[2026-03-18 16:52:48] [INFO] rf-detr - Loading pretrain weights
ULM RECEIVED LOG = []
[2026-03-18 16:52:50] [INFO] rf-detr - Loading pretrain weights
ULM RECEIVED LOG = []
[2026-03-18 16:52:52] [INFO] rf-detr - Loading pretrain weights
ULM RECEIVED LOG = []
[2026-03-18 16:53:01] [INFO] rf-detr - Loading pretrain weights
ULM RECEIVED LOG = []
[2026-03-18 16:53:20] [INFO] rf-detr - Loading pretrain weights
ULM RECEIVED LOG = []
[2026-03-18 16:53:21] [INFO] rf-detr - Loading pretrain weights
ULM RECEIVED LOG = []
[2026-03-18 16:53:23] [INFO] rf-detr - Loading pretrain weights
ULM RECEIVED LOG = []
[2026-03-18 16:53:32] [INFO] rf-detr - Loading pretrain weights
ULM RECEIVED LOG = []
[2026-03-18 16:53:50] [INFO] rf-detr - Loading pretrain weights
ULM RECEIVED LOG = []
[2026-03-18 16:53:53] [INFO] rf-detr - Loading pretrain weights
ULM RECEIVED LOG = []
[2026-03-18 16:53:58] [INFO] rf-detr - Loading pretrain weights
ULM RECEIVED LOG = []
[2026-03-18 16:54:03] [INFO] rf-detr - Loading pretrain weights
ULM RECEIVED LOG = []
[2026-03-18 16:54:18] [INFO] rf-detr - Loading pretrain weights
ULM RECEIVED LOG = []
[2026-03-18 16:54:22] [INFO] rf-detr - Loading pretrain weights
ULM RECEIVED LOG = []
[2026-03-18 16:54:29] [INFO] rf-detr - Loading pretrain weights
ULM RECEIVED LOG = []
[2026-03-18 16:54:35] [INFO] rf-detr - Loading pretrain weights
ULM RECEIVED LOG = []
[2026-03-18 16:54:49] [INFO] rf-detr - Loading pretrain weights
ULM RECEIVED LOG = []
[2026-03-18 16:54:52] [INFO] rf-detr - Loading pretrain weights
ULM RECEIVED LOG = []
[2026-03-18 16:55:00] [INFO] rf-detr - Loading pretrain weights
ULM RECEIVED LOG = []
[2026-03-18 16:55:03] [INFO] rf-detr - Loading pretrain weights
ULM RECEIVED LOG = []
[2026-03-18 16:55:19] [INFO] rf-detr - Loading pretrain weights
ULM RECEIVED LOG = []
[2026-03-18 16:55:23] [INFO] rf-detr - Loading pretrain weights
ULM RECEIVED LOG = []
[2026-03-18 16:55:31] [INFO] rf-detr - Loading pretrain weights
ULM RECEIVED LOG = []
[2026-03-18 16:55:33] [INFO] rf-detr - Loading pretrain weights
ULM RECEIVED LOG = []
[2026-03-18 16:55:45] [INFO] rf-detr - Loading pretrain weights
ULM RECEIVED LOG = []
[2026-03-18 16:55:54] [INFO] rf-detr - Loading pretrain weights
ULM RECEIVED LOG = []
[2026-03-18 16:56:03] [INFO] rf-detr - Loading pretrain weights
ULM RECEIVED LOG = []
[2026-03-18 16:56:05] [INFO] rf-detr - Loading pretrain weights
ULM RECEIVED LOG = []
[2026-03-18 16:56:15] [INFO] rf-detr - Loading pretrain weights
ULM RECEIVED LOG = []
[2026-03-18 16:56:25] [INFO] rf-detr - Loading pretrain weights
ULM RECEIVED LOG = []
[2026-03-18 16:56:33] [INFO] rf-detr - Loading pretrain weights
ULM RECEIVED LOG = []
[2026-03-18 16:56:35] [INFO] rf-detr - Loading pretrain weights
ULM RECEIVED LOG = []
[2026-03-18 16:56:46] [INFO] rf-detr - Loading pretrain weights
ULM RECEIVED LOG = []
[2026-03-18 16:56:56] [INFO] rf-detr - Loading pretrain weights
ULM RECEIVED LOG = []
[2026-03-18 16:57:04] [INFO] rf-detr - Loading pretrain weights
ULM RECEIVED LOG = []
[2026-03-18 16:57:05] [INFO] rf-detr - Loading pretrain weights
ULM RECEIVED LOG = []
[2026-03-18 16:57:16] [INFO] rf-detr - Loading pretrain weights
ULM RECEIVED LOG = []
[2026-03-18 16:57:26] [INFO] rf-detr - Loading pretrain weights
ULM RECEIVED LOG = []
[2026-03-18 16:57:36] [INFO] rf-detr - Loading pretrain weights
ULM RECEIVED LOG = []
[2026-03-18 16:57:37] [INFO] rf-detr - Loading pretrain weights
ULM RECEIVED LOG = []
[2026-03-18 16:57:47] [INFO] rf-detr - Loading pretrain weights
ULM RECEIVED LOG = []
[2026-03-18 16:57:56] [INFO] rf-detr - Loading pretrain weights
ULM RECEIVED LOG = []
[2026-03-18 16:58:06] [INFO] rf-detr - Loading pretrain weights
ULM RECEIVED LOG = []
[2026-03-18 16:58:08] [INFO] rf-detr - Loading pretrain weights
ULM RECEIVED LOG = []
[2026-03-18 16:58:19] [INFO] rf-detr - Loading pretrain weights
ULM RECEIVED LOG = []
[2026-03-18 16:58:25] [INFO] rf-detr - Loading pretrain weights
ULM RECEIVED LOG = []
[2026-03-18 16:58:37] [INFO] rf-detr - Loading pretrain weights
ULM RECEIVED LOG = []
[2026-03-18 16:58:39] [INFO] rf-detr - Loading pretrain weights
ULM RECEIVED LOG = []
[2026-03-18 16:58:50] [INFO] rf-detr - Loading pretrain weights
ULM RECEIVED LOG = []
[2026-03-18 16:58:55] [INFO] rf-detr - Loading pretrain weights
ULM RECEIVED LOG = []
[2026-03-18 16:59:07] [INFO] rf-detr - Loading pretrain weights
ULM RECEIVED LOG = []
[2026-03-18 16:59:08] [INFO] rf-detr - Loading pretrain weights
ULM RECEIVED LOG = []
[2026-03-18 16:59:21] [INFO] rf-detr - Loading pretrain weights
ULM RECEIVED LOG = []
[2026-03-18 16:59:27] [INFO] rf-detr - Loading pretrain weights
ULM RECEIVED LOG = []
[2026-03-18 16:59:39] [INFO] rf-detr - Loading pretrain weights
ULM RECEIVED LOG = []
[2026-03-18 16:59:40] [INFO] rf-detr - Loading pretrain weights
ULM RECEIVED LOG = []
[2026-03-18 16:59:50] [INFO] rf-detr - Loading pretrain weights
ULM RECEIVED LOG = []
[2026-03-18 16:59:57] [INFO] rf-detr - Loading pretrain weights
ULM RECEIVED LOG = []
[2026-03-18 17:00:10] [INFO] rf-detr - Loading pretrain weights
