UserWarning: A new version of Albumentations is available: 2.0.8 (you have 1.4.24). Upgrade using: pip install -U albumentations. To disable automatic update checks, set the environment variable NO_ALBUMENTATIONS_UPDATE to 1.
  0%|          | 0/400 [00:00<?, ?it/s]UserWarning: A new version of Albumentations is available: 2.0.8 (you have 1.4.24). Upgrade using: pip install -U albumentations. To disable automatic update checks, set the environment variable NO_ALBUMENTATIONS_UPDATE to 1.
UserWarning: A new version of Albumentations is available: 2.0.8 (you have 1.4.24). Upgrade using: pip install -U albumentations. To disable automatic update checks, set the environment variable NO_ALBUMENTATIONS_UPDATE to 1.
UserWarning: A new version of Albumentations is available: 2.0.8 (you have 1.4.24). Upgrade using: pip install -U albumentations. To disable automatic update checks, set the environment variable NO_ALBUMENTATIONS_UPDATE to 1.
UserWarning: A new version of Albumentations is available: 2.0.8 (you have 1.4.24). Upgrade using: pip install -U albumentations. To disable automatic update checks, set the environment variable NO_ALBUMENTATIONS_UPDATE to 1.
2026-03-18 15:38:04.430 | INFO     | ulm3d.ulm_rfdetr:get_rfdetr_intensity_matrix:535 - Starting RFDETR detection via MIP projection...
[2026-03-18 15:38:04] [WARNING] rf-detr - Using a different number of positional encodings than DINOv2, which means we're not loading DINOv2 backbone weights. This is not a problem if finetuning a pretrained RF-DETR model.
[2026-03-18 15:38:04] [WARNING] rf-detr - Using patch size 16 instead of 14, which means we're not loading DINOv2 backbone weights. This is not a problem if finetuning a pretrained RF-DETR model.
2026-03-18 15:38:04.490 | INFO     | ulm3d.ulm_rfdetr:get_rfdetr_intensity_matrix:535 - Starting RFDETR detection via MIP projection...
[2026-03-18 15:38:04] [WARNING] rf-detr - Using a different number of positional encodings than DINOv2, which means we're not loading DINOv2 backbone weights. This is not a problem if finetuning a pretrained RF-DETR model.
[2026-03-18 15:38:04] [WARNING] rf-detr - Using patch size 16 instead of 14, which means we're not loading DINOv2 backbone weights. This is not a problem if finetuning a pretrained RF-DETR model.
2026-03-18 15:38:04.580 | INFO     | ulm3d.ulm_rfdetr:get_rfdetr_intensity_matrix:535 - Starting RFDETR detection via MIP projection...
[2026-03-18 15:38:04] [WARNING] rf-detr - Using a different number of positional encodings than DINOv2, which means we're not loading DINOv2 backbone weights. This is not a problem if finetuning a pretrained RF-DETR model.
[2026-03-18 15:38:04] [WARNING] rf-detr - Using patch size 16 instead of 14, which means we're not loading DINOv2 backbone weights. This is not a problem if finetuning a pretrained RF-DETR model.
2026-03-18 15:38:04.599 | INFO     | ulm3d.ulm_rfdetr:get_rfdetr_intensity_matrix:535 - Starting RFDETR detection via MIP projection...
[2026-03-18 15:38:04] [WARNING] rf-detr - Using a different number of positional encodings than DINOv2, which means we're not loading DINOv2 backbone weights. This is not a problem if finetuning a pretrained RF-DETR model.
[2026-03-18 15:38:04] [WARNING] rf-detr - Using patch size 16 instead of 14, which means we're not loading DINOv2 backbone weights. This is not a problem if finetuning a pretrained RF-DETR model.
[2026-03-18 15:38:07] [WARNING] rf-detr - Reinitializing detection head with 0 classes based on pretrained weights, configured for 90.
[2026-03-18 15:38:07] [WARNING] rf-detr - Reinitializing detection head with 0 classes based on pretrained weights, configured for 90.
[2026-03-18 15:38:07] [WARNING] rf-detr - Reinitializing detection head with 0 classes based on pretrained weights, configured for 90.
[2026-03-18 15:38:07] [WARNING] rf-detr - Reinitializing detection head with 0 classes based on pretrained weights, configured for 90.
[2026-03-18 15:38:07] [WARNING] rf-detr - Model is not optimized for inference. Latency may be higher than expected. You can optimize the model for inference by calling model.optimize_for_inference().
[2026-03-18 15:38:07] [WARNING] rf-detr - Model is not optimized for inference. Latency may be higher than expected. You can optimize the model for inference by calling model.optimize_for_inference().
[2026-03-18 15:38:07] [WARNING] rf-detr - Model is not optimized for inference. Latency may be higher than expected. You can optimize the model for inference by calling model.optimize_for_inference().
[2026-03-18 15:38:07] [WARNING] rf-detr - Model is not optimized for inference. Latency may be higher than expected. You can optimize the model for inference by calling model.optimize_for_inference().
  0%|          | 0/400 [00:25<?, ?it/s]
2026-03-18 15:38:14.873 | INFO     | ulm3d.ulm_rfdetr:get_rfdetr_intensity_matrix:535 - Starting RFDETR detection via MIP projection...
[2026-03-18 15:38:14] [WARNING] rf-detr - Using a different number of positional encodings than DINOv2, which means we're not loading DINOv2 backbone weights. This is not a problem if finetuning a pretrained RF-DETR model.
[2026-03-18 15:38:14] [WARNING] rf-detr - Using patch size 16 instead of 14, which means we're not loading DINOv2 backbone weights. This is not a problem if finetuning a pretrained RF-DETR model.
2026-03-18 15:38:14.917 | INFO     | ulm3d.ulm_rfdetr:get_rfdetr_intensity_matrix:535 - Starting RFDETR detection via MIP projection...
2026-03-18 15:38:14.919 | INFO     | ulm3d.ulm_rfdetr:get_rfdetr_intensity_matrix:535 - Starting RFDETR detection via MIP projection...
[2026-03-18 15:38:14] [WARNING] rf-detr - Using a different number of positional encodings than DINOv2, which means we're not loading DINOv2 backbone weights. This is not a problem if finetuning a pretrained RF-DETR model.
[2026-03-18 15:38:14] [WARNING] rf-detr - Using patch size 16 instead of 14, which means we're not loading DINOv2 backbone weights. This is not a problem if finetuning a pretrained RF-DETR model.
[2026-03-18 15:38:14] [WARNING] rf-detr - Using a different number of positional encodings than DINOv2, which means we're not loading DINOv2 backbone weights. This is not a problem if finetuning a pretrained RF-DETR model.
[2026-03-18 15:38:14] [WARNING] rf-detr - Using patch size 16 instead of 14, which means we're not loading DINOv2 backbone weights. This is not a problem if finetuning a pretrained RF-DETR model.
2026-03-18 15:38:14.951 | INFO     | ulm3d.ulm_rfdetr:get_rfdetr_intensity_matrix:535 - Starting RFDETR detection via MIP projection...
[2026-03-18 15:38:14] [WARNING] rf-detr - Using a different number of positional encodings than DINOv2, which means we're not loading DINOv2 backbone weights. This is not a problem if finetuning a pretrained RF-DETR model.
[2026-03-18 15:38:14] [WARNING] rf-detr - Using patch size 16 instead of 14, which means we're not loading DINOv2 backbone weights. This is not a problem if finetuning a pretrained RF-DETR model.
[2026-03-18 15:38:15] [WARNING] rf-detr - Reinitializing detection head with 0 classes based on pretrained weights, configured for 90.
[2026-03-18 15:38:15] [WARNING] rf-detr - Reinitializing detection head with 0 classes based on pretrained weights, configured for 90.
[2026-03-18 15:38:15] [WARNING] rf-detr - Reinitializing detection head with 0 classes based on pretrained weights, configured for 90.
[2026-03-18 15:38:15] [WARNING] rf-detr - Reinitializing detection head with 0 classes based on pretrained weights, configured for 90.
[2026-03-18 15:38:15] [WARNING] rf-detr - Model is not optimized for inference. Latency may be higher than expected. You can optimize the model for inference by calling model.optimize_for_inference().
[2026-03-18 15:38:15] [WARNING] rf-detr - Model is not optimized for inference. Latency may be higher than expected. You can optimize the model for inference by calling model.optimize_for_inference().
[2026-03-18 15:38:15] [WARNING] rf-detr - Model is not optimized for inference. Latency may be higher than expected. You can optimize the model for inference by calling model.optimize_for_inference().
[2026-03-18 15:38:15] [WARNING] rf-detr - Model is not optimized for inference. Latency may be higher than expected. You can optimize the model for inference by calling model.optimize_for_inference().
2026-03-18 15:38:17.958 | INFO     | ulm3d.ulm_rfdetr:get_rfdetr_intensity_matrix:535 - Starting RFDETR detection via MIP projection...
[2026-03-18 15:38:17] [WARNING] rf-detr - Using a different number of positional encodings than DINOv2, which means we're not loading DINOv2 backbone weights. This is not a problem if finetuning a pretrained RF-DETR model.
[2026-03-18 15:38:17] [WARNING] rf-detr - Using patch size 16 instead of 14, which means we're not loading DINOv2 backbone weights. This is not a problem if finetuning a pretrained RF-DETR model.
[2026-03-18 15:38:18] [WARNING] rf-detr - Reinitializing detection head with 0 classes based on pretrained weights, configured for 90.
[2026-03-18 15:38:18] [WARNING] rf-detr - Model is not optimized for inference. Latency may be higher than expected. You can optimize the model for inference by calling model.optimize_for_inference().
concurrent.futures.process._RemoteTraceback: 
"""
Traceback (most recent call last):
  File "/usr/lib/python3.12/concurrent/futures/process.py", line 263, in _process_worker
    r = call_item.fn(*call_item.args, **call_item.kwargs)
        ^^^^^^^^^^^^^^^^^^^^^^^^^^^^^^^^^^^^^^^^^^^^^^^^^
  File "/usr/lib/python3.12/concurrent/futures/process.py", line 212, in _process_chunk
    return [fn(*args) for args in chunk]
            ^^^^^^^^^
  File "/projects/ecptr/Espace_GIT/Espace_Thomas/test/Open-3DULM-main/scripts/open_3D_ulm_main.py", line 207, in compute_block
    localizations = ulm_pipeline.super_localization(iq_before_loc)
                    ^^^^^^^^^^^^^^^^^^^^^^^^^^^^^^^^^^^^^^^^^^^^^^
  File "/projects/ecptr/Espace_GIT/Espace_Thomas/test/Open-3DULM-main/src/ulm3d/ulm_rfdetr.py", line 229, in super_localization
    mask, intensity = get_rfdetr_intensity_matrix(
                      ^^^^^^^^^^^^^^^^^^^^^^^^^^^^
  File "/projects/ecptr/Espace_GIT/Espace_Thomas/test/Open-3DULM-main/src/ulm3d/ulm_rfdetr.py", line 560, in get_rfdetr_intensity_matrix
    boxes_face = res_face.boxes.xywh.cpu().numpy()
                 ^^^^^^^^^^^^^^
AttributeError: 'Detections' object has no attribute 'boxes'
"""

The above exception was the direct cause of the following exception:

Traceback (most recent call last):
  File "/projects/ecptr/Espace_GIT/Espace_Thomas/test/Open-3DULM-main/scripts/open_3D_ulm_main.py", line 398, in <module>
    run(
  File "/projects/ecptr/Espace_GIT/Espace_Thomas/test/Open-3DULM-main/scripts/open_3D_ulm_main.py", line 331, in run
    for _ in executor.map(
  File "/usr/lib/python3.12/concurrent/futures/process.py", line 642, in _chain_from_iterable_of_lists
    for element in iterable:
  File "/usr/lib/python3.12/concurrent/futures/_base.py", line 619, in result_iterator
    yield _result_or_cancel(fs.pop())
          ^^^^^^^^^^^^^^^^^^^^^^^^^^^
  File "/usr/lib/python3.12/concurrent/futures/_base.py", line 317, in _result_or_cancel
    return fut.result(timeout)
           ^^^^^^^^^^^^^^^^^^^
  File "/usr/lib/python3.12/concurrent/futures/_base.py", line 456, in result
    return self.__get_result()
           ^^^^^^^^^^^^^^^^^^^
  File "/usr/lib/python3.12/concurrent/futures/_base.py", line 401, in __get_result
    raise self._exception
AttributeError: 'Detections' object has no attribute 'boxes'
srun: error: r9ng-6000-1: task 0: Exited with exit code 1
