UserWarning: A new version of Albumentations is available: 2.0.8 (you have 1.4.24). Upgrade using: pip install -U albumentations. To disable automatic update checks, set the environment variable NO_ALBUMENTATIONS_UPDATE to 1.
  0%|          | 0/400 [00:00<?, ?it/s]UserWarning: A new version of Albumentations is available: 2.0.8 (you have 1.4.24). Upgrade using: pip install -U albumentations. To disable automatic update checks, set the environment variable NO_ALBUMENTATIONS_UPDATE to 1.
UserWarning: A new version of Albumentations is available: 2.0.8 (you have 1.4.24). Upgrade using: pip install -U albumentations. To disable automatic update checks, set the environment variable NO_ALBUMENTATIONS_UPDATE to 1.
UserWarning: A new version of Albumentations is available: 2.0.8 (you have 1.4.24). Upgrade using: pip install -U albumentations. To disable automatic update checks, set the environment variable NO_ALBUMENTATIONS_UPDATE to 1.
UserWarning: A new version of Albumentations is available: 2.0.8 (you have 1.4.24). Upgrade using: pip install -U albumentations. To disable automatic update checks, set the environment variable NO_ALBUMENTATIONS_UPDATE to 1.
2026-03-18 15:19:07.721 | INFO     | ulm3d.ulm_rfdetr:get_rfdetr_intensity_matrix:535 - Starting RFDETR detection via MIP projection...
2026-03-18 15:19:07.722 | ERROR    | ulm3d.ulm_rfdetr:get_rfdetr_intensity_matrix:540 - Could not load RFDETR from YOLO/Entrainement_RFDETR/checkpoint.pth : name 'CHECKPOINT_PATH' is not defined
2026-03-18 15:19:07.882 | INFO     | ulm3d.ulm_rfdetr:get_rfdetr_intensity_matrix:535 - Starting RFDETR detection via MIP projection...
2026-03-18 15:19:07.883 | ERROR    | ulm3d.ulm_rfdetr:get_rfdetr_intensity_matrix:540 - Could not load RFDETR from YOLO/Entrainement_RFDETR/checkpoint.pth : name 'CHECKPOINT_PATH' is not defined
  0%|          | 0/400 [00:21<?, ?it/s]
2026-03-18 15:19:08.863 | INFO     | ulm3d.ulm_rfdetr:get_rfdetr_intensity_matrix:535 - Starting RFDETR detection via MIP projection...
2026-03-18 15:19:08.863 | ERROR    | ulm3d.ulm_rfdetr:get_rfdetr_intensity_matrix:540 - Could not load RFDETR from YOLO/Entrainement_RFDETR/checkpoint.pth : name 'CHECKPOINT_PATH' is not defined
2026-03-18 15:19:08.890 | INFO     | ulm3d.ulm_rfdetr:get_rfdetr_intensity_matrix:535 - Starting RFDETR detection via MIP projection...
2026-03-18 15:19:08.891 | ERROR    | ulm3d.ulm_rfdetr:get_rfdetr_intensity_matrix:540 - Could not load RFDETR from YOLO/Entrainement_RFDETR/checkpoint.pth : name 'CHECKPOINT_PATH' is not defined
2026-03-18 15:19:13.214 | INFO     | ulm3d.ulm_rfdetr:get_rfdetr_intensity_matrix:535 - Starting RFDETR detection via MIP projection...
2026-03-18 15:19:13.215 | ERROR    | ulm3d.ulm_rfdetr:get_rfdetr_intensity_matrix:540 - Could not load RFDETR from YOLO/Entrainement_RFDETR/checkpoint.pth : name 'CHECKPOINT_PATH' is not defined
2026-03-18 15:19:13.820 | INFO     | ulm3d.ulm_rfdetr:get_rfdetr_intensity_matrix:535 - Starting RFDETR detection via MIP projection...
2026-03-18 15:19:13.820 | ERROR    | ulm3d.ulm_rfdetr:get_rfdetr_intensity_matrix:540 - Could not load RFDETR from YOLO/Entrainement_RFDETR/checkpoint.pth : name 'CHECKPOINT_PATH' is not defined
2026-03-18 15:19:15.038 | INFO     | ulm3d.ulm_rfdetr:get_rfdetr_intensity_matrix:535 - Starting RFDETR detection via MIP projection...
2026-03-18 15:19:15.038 | ERROR    | ulm3d.ulm_rfdetr:get_rfdetr_intensity_matrix:540 - Could not load RFDETR from YOLO/Entrainement_RFDETR/checkpoint.pth : name 'CHECKPOINT_PATH' is not defined
2026-03-18 15:19:15.116 | INFO     | ulm3d.ulm_rfdetr:get_rfdetr_intensity_matrix:535 - Starting RFDETR detection via MIP projection...
2026-03-18 15:19:15.117 | ERROR    | ulm3d.ulm_rfdetr:get_rfdetr_intensity_matrix:540 - Could not load RFDETR from YOLO/Entrainement_RFDETR/checkpoint.pth : name 'CHECKPOINT_PATH' is not defined
2026-03-18 15:19:17.587 | INFO     | ulm3d.ulm_rfdetr:get_rfdetr_intensity_matrix:535 - Starting RFDETR detection via MIP projection...
2026-03-18 15:19:17.588 | ERROR    | ulm3d.ulm_rfdetr:get_rfdetr_intensity_matrix:540 - Could not load RFDETR from YOLO/Entrainement_RFDETR/checkpoint.pth : name 'CHECKPOINT_PATH' is not defined
2026-03-18 15:19:17.961 | INFO     | ulm3d.ulm_rfdetr:get_rfdetr_intensity_matrix:535 - Starting RFDETR detection via MIP projection...
2026-03-18 15:19:17.961 | ERROR    | ulm3d.ulm_rfdetr:get_rfdetr_intensity_matrix:540 - Could not load RFDETR from YOLO/Entrainement_RFDETR/checkpoint.pth : name 'CHECKPOINT_PATH' is not defined
2026-03-18 15:19:18.537 | INFO     | ulm3d.ulm_rfdetr:get_rfdetr_intensity_matrix:535 - Starting RFDETR detection via MIP projection...
2026-03-18 15:19:18.537 | ERROR    | ulm3d.ulm_rfdetr:get_rfdetr_intensity_matrix:540 - Could not load RFDETR from YOLO/Entrainement_RFDETR/checkpoint.pth : name 'CHECKPOINT_PATH' is not defined
concurrent.futures.process._RemoteTraceback: 
"""
Traceback (most recent call last):
  File "/usr/lib/python3.12/concurrent/futures/process.py", line 263, in _process_worker
    r = call_item.fn(*call_item.args, **call_item.kwargs)
        ^^^^^^^^^^^^^^^^^^^^^^^^^^^^^^^^^^^^^^^^^^^^^^^^^
  File "/usr/lib/python3.12/concurrent/futures/process.py", line 212, in _process_chunk
    return [fn(*args) for args in chunk]
            ^^^^^^^^^
  File "/projects/ecptr/Espace_GIT/Espace_Thomas/test/Open-3DULM-main/scripts/open_3D_ulm_main.py", line 207, in compute_block
    localizations = ulm_pipeline.super_localization(iq_before_loc)
                    ^^^^^^^^^^^^^^^^^^^^^^^^^^^^^^^^^^^^^^^^^^^^^^
  File "/projects/ecptr/Espace_GIT/Espace_Thomas/test/Open-3DULM-main/src/ulm3d/ulm_rfdetr.py", line 240, in super_localization
    ) = get_local_contrast(
        ^^^^^^^^^^^^^^^^^^^
  File "/projects/ecptr/Espace_GIT/Espace_Thomas/test/Open-3DULM-main/src/ulm3d/ulm_rfdetr.py", line 667, in get_local_contrast
    clutter = iq - intensity_matrix
              ~~~^~~~~~~~~~~~~~~~~~
TypeError: unsupported operand type(s) for -: 'float' and 'NoneType'
"""

The above exception was the direct cause of the following exception:

Traceback (most recent call last):
  File "/projects/ecptr/Espace_GIT/Espace_Thomas/test/Open-3DULM-main/scripts/open_3D_ulm_main.py", line 398, in <module>
    run(
  File "/projects/ecptr/Espace_GIT/Espace_Thomas/test/Open-3DULM-main/scripts/open_3D_ulm_main.py", line 331, in run
    for _ in executor.map(
  File "/usr/lib/python3.12/concurrent/futures/process.py", line 642, in _chain_from_iterable_of_lists
    for element in iterable:
  File "/usr/lib/python3.12/concurrent/futures/_base.py", line 619, in result_iterator
    yield _result_or_cancel(fs.pop())
          ^^^^^^^^^^^^^^^^^^^^^^^^^^^
  File "/usr/lib/python3.12/concurrent/futures/_base.py", line 317, in _result_or_cancel
    return fut.result(timeout)
           ^^^^^^^^^^^^^^^^^^^
  File "/usr/lib/python3.12/concurrent/futures/_base.py", line 456, in result
    return self.__get_result()
           ^^^^^^^^^^^^^^^^^^^
  File "/usr/lib/python3.12/concurrent/futures/_base.py", line 401, in __get_result
    raise self._exception
TypeError: unsupported operand type(s) for -: 'float' and 'NoneType'
srun: error: r9ng-6000-1: task 0: Exited with exit code 1
