UserWarning: A new version of Albumentations is available: 2.0.8 (you have 1.4.24). Upgrade using: pip install -U albumentations. To disable automatic update checks, set the environment variable NO_ALBUMENTATIONS_UPDATE to 1.
Traceback (most recent call last):
  File "/projects/ecptr/Espace_GIT/Espace_Thomas/test/Open-3DULM-main/scripts/open_3D_ulm_main.py", line 398, in <module>
    run(
  File "/projects/ecptr/Espace_GIT/Espace_Thomas/test/Open-3DULM-main/scripts/open_3D_ulm_main.py", line 285, in run
    backend_module = select_backend(backend)
                     ^^^^^^^^^^^^^^^^^^^^^^^
  File "/projects/ecptr/Espace_GIT/Espace_Thomas/test/Open-3DULM-main/scripts/open_3D_ulm_main.py", line 167, in select_backend
    module = importlib.import_module("ulm3d.ulm_rfdetr")
             ^^^^^^^^^^^^^^^^^^^^^^^^^^^^^^^^^^^^^^^^^^^
  File "/usr/lib/python3.12/importlib/__init__.py", line 90, in import_module
    return _bootstrap._gcd_import(name[level:], package, level)
           ^^^^^^^^^^^^^^^^^^^^^^^^^^^^^^^^^^^^^^^^^^^^^^^^^^^^
  File "<frozen importlib._bootstrap>", line 1387, in _gcd_import
  File "<frozen importlib._bootstrap>", line 1360, in _find_and_load
  File "<frozen importlib._bootstrap>", line 1331, in _find_and_load_unlocked
  File "<frozen importlib._bootstrap>", line 935, in _load_unlocked
  File "<frozen importlib._bootstrap_external>", line 995, in exec_module
  File "<frozen importlib._bootstrap>", line 488, in _call_with_frames_removed
  File "/projects/ecptr/Espace_GIT/Espace_Thomas/test/Open-3DULM-main/src/ulm3d/ulm_rfdetr.py", line 528, in <module>
    def _gray_to_pil_rgb(img_gray: np.ndarray) -> Image.Image:
                                                  ^^^^^
NameError: name 'Image' is not defined
srun: error: r9ng-6000-1: task 0: Exited with exit code 1
