[1mConfig file: /projects/ecptr/Espace_GIT/Espace_Enzo/Chef-D-oeuvre-ECPTR-/Open-3DULM-main/config/basic_config.yaml[0m
[1m400 IQ files generated: /projects/ecptr/3D_ULM_Data (/projects/ecptr/3D_ULM_Data/IQ001.npy...)[0m
[1mOutput dir: /projects/ecptr/results/rfdetr/config_13[0m
LOG FROM YAML = []
Final workers count: 4
[34m[1mInput params from /projects/ecptr/Espace_GIT/Espace_Enzo/Chef-D-oeuvre-ECPTR-/Open-3DULM-main/config/basic_config.yaml:
 bandpass_filter:
- 10
- 64
export_extension_tracks_localizations:
- npz
- csv
- hdf5
export_extension_volume:
- npz
- hdf5
- npy
export_volume:
- density
- velocity
- directivity
- saturation_curve
- power_doppler
filt_mode: SVD
filter_order: 2
fwhm:
- 5
- 5
- 5
input_var_name: IQ
log: []
max_gap_closing: 5
max_velocity: 30
max_workers: 0
min_length: 5
min_snr: 0
nb_local_max: 10
number_of_particles: 900
origin:
- 37.453
- -4.8
- -5.175
patch_size:
- 7
- 7
- 7
res: 10
rfdetr_model_path: RFDETR/Entrainement_RFDETR/checkpoint.pth
svd_values:
- 12
- 200
volumerate: 260
voxel_size:
- 0.09856
- 0.15
- 0.15
z_dim: 0
[0m
NOTE! Installing ujson may make loading annotations faster.
ULM RECEIVED LOG = []
[32m[1mOutput folders created at /projects/ecptr/results/rfdetr/config_13[0m
[1mCompute Power Doppler on 2 blocs.[0m
[34m[1mSaving dict_keys(['power_doppler', 'pitch', 'origin']) in /projects/ecptr/results/rfdetr/config_13/volume/power_doppler[0m
[1mStart parallel pool (4 workers)[0m
NOTE! Installing ujson may make loading annotations faster.
ULM RECEIVED LOG = []
[2026-03-18 17:36:42] [INFO] rf-detr - Loading pretrain weights
NOTE! Installing ujson may make loading annotations faster.
ULM RECEIVED LOG = []
[2026-03-18 17:36:44] [INFO] rf-detr - Loading pretrain weights
NOTE! Installing ujson may make loading annotations faster.
ULM RECEIVED LOG = []
[2026-03-18 17:36:45] [INFO] rf-detr - Loading pretrain weights
NOTE! Installing ujson may make loading annotations faster.
ULM RECEIVED LOG = []
[2026-03-18 17:36:45] [INFO] rf-detr - Loading pretrain weights
ULM RECEIVED LOG = []
[2026-03-18 17:37:18] [INFO] rf-detr - Loading pretrain weights
ULM RECEIVED LOG = []
[2026-03-18 17:37:20] [INFO] rf-detr - Loading pretrain weights
ULM RECEIVED LOG = []
[2026-03-18 17:37:22] [INFO] rf-detr - Loading pretrain weights
ULM RECEIVED LOG = []
[2026-03-18 17:37:22] [INFO] rf-detr - Loading pretrain weights
ULM RECEIVED LOG = []
[2026-03-18 17:37:51] [INFO] rf-detr - Loading pretrain weights
ULM RECEIVED LOG = []
[2026-03-18 17:37:52] [INFO] rf-detr - Loading pretrain weights
ULM RECEIVED LOG = []
[2026-03-18 17:37:56] [INFO] rf-detr - Loading pretrain weights
ULM RECEIVED LOG = []
[2026-03-18 17:37:56] [INFO] rf-detr - Loading pretrain weights
ULM RECEIVED LOG = []
[2026-03-18 17:38:18] [INFO] rf-detr - Loading pretrain weights
ULM RECEIVED LOG = []
[2026-03-18 17:38:26] [INFO] rf-detr - Loading pretrain weights
ULM RECEIVED LOG = []
[2026-03-18 17:38:30] [INFO] rf-detr - Loading pretrain weights
ULM RECEIVED LOG = []
[2026-03-18 17:38:30] [INFO] rf-detr - Loading pretrain weights
ULM RECEIVED LOG = []
[2026-03-18 17:38:46] [INFO] rf-detr - Loading pretrain weights
ULM RECEIVED LOG = []
[2026-03-18 17:38:59] [INFO] rf-detr - Loading pretrain weights
ULM RECEIVED LOG = []
[2026-03-18 17:39:02] [INFO] rf-detr - Loading pretrain weights
ULM RECEIVED LOG = []
[2026-03-18 17:39:03] [INFO] rf-detr - Loading pretrain weights
ULM RECEIVED LOG = []
[2026-03-18 17:39:14] [INFO] rf-detr - Loading pretrain weights
ULM RECEIVED LOG = []
[2026-03-18 17:39:30] [INFO] rf-detr - Loading pretrain weights
ULM RECEIVED LOG = []
[2026-03-18 17:39:37] [INFO] rf-detr - Loading pretrain weights
ULM RECEIVED LOG = []
[2026-03-18 17:39:37] [INFO] rf-detr - Loading pretrain weights
ULM RECEIVED LOG = []
[2026-03-18 17:39:41] [INFO] rf-detr - Loading pretrain weights
ULM RECEIVED LOG = []
[2026-03-18 17:39:58] [INFO] rf-detr - Loading pretrain weights
ULM RECEIVED LOG = []
[2026-03-18 17:40:11] [INFO] rf-detr - Loading pretrain weights
ULM RECEIVED LOG = []
[2026-03-18 17:40:12] [INFO] rf-detr - Loading pretrain weights
ULM RECEIVED LOG = []
[2026-03-18 17:40:12] [INFO] rf-detr - Loading pretrain weights
ULM RECEIVED LOG = []
[2026-03-18 17:40:23] [INFO] rf-detr - Loading pretrain weights
ULM RECEIVED LOG = []
[2026-03-18 17:40:42] [INFO] rf-detr - Loading pretrain weights
ULM RECEIVED LOG = []
[2026-03-18 17:40:45] [INFO] rf-detr - Loading pretrain weights
ULM RECEIVED LOG = []
[2026-03-18 17:40:45] [INFO] rf-detr - Loading pretrain weights
ULM RECEIVED LOG = []
[2026-03-18 17:40:53] [INFO] rf-detr - Loading pretrain weights
ULM RECEIVED LOG = []
[2026-03-18 17:41:16] [INFO] rf-detr - Loading pretrain weights
ULM RECEIVED LOG = []
[2026-03-18 17:41:19] [INFO] rf-detr - Loading pretrain weights
ULM RECEIVED LOG = []
[2026-03-18 17:41:19] [INFO] rf-detr - Loading pretrain weights
ULM RECEIVED LOG = []
[2026-03-18 17:41:22] [INFO] rf-detr - Loading pretrain weights
ULM RECEIVED LOG = []
[2026-03-18 17:41:48] [INFO] rf-detr - Loading pretrain weights
ULM RECEIVED LOG = []
[2026-03-18 17:41:52] [INFO] rf-detr - Loading pretrain weights
ULM RECEIVED LOG = []
[2026-03-18 17:41:54] [INFO] rf-detr - Loading pretrain weights
ULM RECEIVED LOG = []
[2026-03-18 17:41:55] [INFO] rf-detr - Loading pretrain weights
ULM RECEIVED LOG = []
[2026-03-18 17:42:15] [INFO] rf-detr - Loading pretrain weights
ULM RECEIVED LOG = []
[2026-03-18 17:42:27] [INFO] rf-detr - Loading pretrain weights
ULM RECEIVED LOG = []
[2026-03-18 17:42:28] [INFO] rf-detr - Loading pretrain weights
ULM RECEIVED LOG = []
[2026-03-18 17:42:29] [INFO] rf-detr - Loading pretrain weights
ULM RECEIVED LOG = []
[2026-03-18 17:42:43] [INFO] rf-detr - Loading pretrain weights
ULM RECEIVED LOG = []
[2026-03-18 17:42:58] [INFO] rf-detr - Loading pretrain weights
ULM RECEIVED LOG = []
[2026-03-18 17:43:00] [INFO] rf-detr - Loading pretrain weights
ULM RECEIVED LOG = []
[2026-03-18 17:43:01] [INFO] rf-detr - Loading pretrain weights
ULM RECEIVED LOG = []
[2026-03-18 17:43:12] [INFO] rf-detr - Loading pretrain weights
ULM RECEIVED LOG = []
[2026-03-18 17:43:29] [INFO] rf-detr - Loading pretrain weights
ULM RECEIVED LOG = []
[2026-03-18 17:43:32] [INFO] rf-detr - Loading pretrain weights
ULM RECEIVED LOG = []
[2026-03-18 17:43:33] [INFO] rf-detr - Loading pretrain weights
ULM RECEIVED LOG = []
[2026-03-18 17:43:42] [INFO] rf-detr - Loading pretrain weights
ULM RECEIVED LOG = []
[2026-03-18 17:44:00] [INFO] rf-detr - Loading pretrain weights
ULM RECEIVED LOG = []
[2026-03-18 17:44:03] [INFO] rf-detr - Loading pretrain weights
ULM RECEIVED LOG = []
[2026-03-18 17:44:05] [INFO] rf-detr - Loading pretrain weights
ULM RECEIVED LOG = []
[2026-03-18 17:44:13] [INFO] rf-detr - Loading pretrain weights
ULM RECEIVED LOG = []
[2026-03-18 17:44:31] [INFO] rf-detr - Loading pretrain weights
ULM RECEIVED LOG = []
[2026-03-18 17:44:35] [INFO] rf-detr - Loading pretrain weights
ULM RECEIVED LOG = []
[2026-03-18 17:44:38] [INFO] rf-detr - Loading pretrain weights
ULM RECEIVED LOG = []
[2026-03-18 17:44:44] [INFO] rf-detr - Loading pretrain weights
ULM RECEIVED LOG = []
[2026-03-18 17:44:57] [INFO] rf-detr - Loading pretrain weights
ULM RECEIVED LOG = []
[2026-03-18 17:45:08] [INFO] rf-detr - Loading pretrain weights
ULM RECEIVED LOG = []
[2026-03-18 17:45:09] [INFO] rf-detr - Loading pretrain weights
ULM RECEIVED LOG = []
[2026-03-18 17:45:14] [INFO] rf-detr - Loading pretrain weights
ULM RECEIVED LOG = []
[2026-03-18 17:45:26] [INFO] rf-detr - Loading pretrain weights
ULM RECEIVED LOG = []
[2026-03-18 17:45:39] [INFO] rf-detr - Loading pretrain weights
ULM RECEIVED LOG = []
[2026-03-18 17:45:41] [INFO] rf-detr - Loading pretrain weights
ULM RECEIVED LOG = []
[2026-03-18 17:45:47] [INFO] rf-detr - Loading pretrain weights
ULM RECEIVED LOG = []
[2026-03-18 17:45:53] [INFO] rf-detr - Loading pretrain weights
ULM RECEIVED LOG = []
[2026-03-18 17:46:09] [INFO] rf-detr - Loading pretrain weights
ULM RECEIVED LOG = []
[2026-03-18 17:46:11] [INFO] rf-detr - Loading pretrain weights
ULM RECEIVED LOG = []
[2026-03-18 17:46:19] [INFO] rf-detr - Loading pretrain weights
ULM RECEIVED LOG = []
[2026-03-18 17:46:22] [INFO] rf-detr - Loading pretrain weights
ULM RECEIVED LOG = []
[2026-03-18 17:46:40] [INFO] rf-detr - Loading pretrain weights
ULM RECEIVED LOG = []
[2026-03-18 17:46:42] [INFO] rf-detr - Loading pretrain weights
ULM RECEIVED LOG = []
[2026-03-18 17:46:51] [INFO] rf-detr - Loading pretrain weights
ULM RECEIVED LOG = []
[2026-03-18 17:46:53] [INFO] rf-detr - Loading pretrain weights
ULM RECEIVED LOG = []
[2026-03-18 17:47:10] [INFO] rf-detr - Loading pretrain weights
ULM RECEIVED LOG = []
[2026-03-18 17:47:13] [INFO] rf-detr - Loading pretrain weights
ULM RECEIVED LOG = []
[2026-03-18 17:47:23] [INFO] rf-detr - Loading pretrain weights
ULM RECEIVED LOG = []
[2026-03-18 17:47:24] [INFO] rf-detr - Loading pretrain weights
ULM RECEIVED LOG = []
[2026-03-18 17:48:13] [INFO] rf-detr - Loading pretrain weights
ULM RECEIVED LOG = []
[2026-03-18 17:48:16] [INFO] rf-detr - Loading pretrain weights
ULM RECEIVED LOG = []
[2026-03-18 17:48:20] [INFO] rf-detr - Loading pretrain weights
ULM RECEIVED LOG = []
[2026-03-18 17:48:21] [INFO] rf-detr - Loading pretrain weights
ULM RECEIVED LOG = []
[2026-03-18 18:10:19] [INFO] rf-detr - Loading pretrain weights
ULM RECEIVED LOG = []
[2026-03-18 18:10:24] [INFO] rf-detr - Loading pretrain weights
ULM RECEIVED LOG = []
[2026-03-18 18:10:31] [INFO] rf-detr - Loading pretrain weights
ULM RECEIVED LOG = []
[2026-03-18 18:10:31] [INFO] rf-detr - Loading pretrain weights
ULM RECEIVED LOG = []
[2026-03-18 18:10:52] [INFO] rf-detr - Loading pretrain weights
ULM RECEIVED LOG = []
[2026-03-18 18:10:54] [INFO] rf-detr - Loading pretrain weights
ULM RECEIVED LOG = []
[2026-03-18 18:11:05] [INFO] rf-detr - Loading pretrain weights
ULM RECEIVED LOG = []
[2026-03-18 18:11:05] [INFO] rf-detr - Loading pretrain weights
ULM RECEIVED LOG = []
[2026-03-18 18:11:18] [INFO] rf-detr - Loading pretrain weights
ULM RECEIVED LOG = []
[2026-03-18 18:11:25] [INFO] rf-detr - Loading pretrain weights
ULM RECEIVED LOG = []
[2026-03-18 18:11:37] [INFO] rf-detr - Loading pretrain weights
ULM RECEIVED LOG = []
[2026-03-18 18:11:37] [INFO] rf-detr - Loading pretrain weights
ULM RECEIVED LOG = []
[2026-03-18 18:11:47] [INFO] rf-detr - Loading pretrain weights
ULM RECEIVED LOG = []
[2026-03-18 18:11:50] [INFO] rf-detr - Loading pretrain weights
ULM RECEIVED LOG = []
[2026-03-18 18:12:10] [INFO] rf-detr - Loading pretrain weights
ULM RECEIVED LOG = []
[2026-03-18 18:12:10] [INFO] rf-detr - Loading pretrain weights
ULM RECEIVED LOG = []
[2026-03-18 18:12:19] [INFO] rf-detr - Loading pretrain weights
ULM RECEIVED LOG = []
[2026-03-18 18:12:20] [INFO] rf-detr - Loading pretrain weights
ULM RECEIVED LOG = []
[2026-03-18 18:12:42] [INFO] rf-detr - Loading pretrain weights
ULM RECEIVED LOG = []
[2026-03-18 18:12:43] [INFO] rf-detr - Loading pretrain weights
ULM RECEIVED LOG = []
[2026-03-18 18:12:50] [INFO] rf-detr - Loading pretrain weights
ULM RECEIVED LOG = []
[2026-03-18 18:12:51] [INFO] rf-detr - Loading pretrain weights
ULM RECEIVED LOG = []
[2026-03-18 18:13:12] [INFO] rf-detr - Loading pretrain weights
ULM RECEIVED LOG = []
[2026-03-18 18:13:14] [INFO] rf-detr - Loading pretrain weights
ULM RECEIVED LOG = []
[2026-03-18 18:13:22] [INFO] rf-detr - Loading pretrain weights
ULM RECEIVED LOG = []
[2026-03-18 18:13:22] [INFO] rf-detr - Loading pretrain weights
ULM RECEIVED LOG = []
[2026-03-18 18:13:42] [INFO] rf-detr - Loading pretrain weights
ULM RECEIVED LOG = []
[2026-03-18 18:13:45] [INFO] rf-detr - Loading pretrain weights
ULM RECEIVED LOG = []
[2026-03-18 18:13:55] [INFO] rf-detr - Loading pretrain weights
ULM RECEIVED LOG = []
[2026-03-18 18:13:55] [INFO] rf-detr - Loading pretrain weights
ULM RECEIVED LOG = []
[2026-03-18 18:14:10] [INFO] rf-detr - Loading pretrain weights
ULM RECEIVED LOG = []
[2026-03-18 18:14:15] [INFO] rf-detr - Loading pretrain weights
ULM RECEIVED LOG = []
[2026-03-18 18:14:26] [INFO] rf-detr - Loading pretrain weights
ULM RECEIVED LOG = []
[2026-03-18 18:14:27] [INFO] rf-detr - Loading pretrain weights
ULM RECEIVED LOG = []
[2026-03-18 18:14:39] [INFO] rf-detr - Loading pretrain weights
ULM RECEIVED LOG = []
[2026-03-18 18:14:44] [INFO] rf-detr - Loading pretrain weights
ULM RECEIVED LOG = []
[2026-03-18 18:14:58] [INFO] rf-detr - Loading pretrain weights
ULM RECEIVED LOG = []
[2026-03-18 18:14:59] [INFO] rf-detr - Loading pretrain weights
ULM RECEIVED LOG = []
[2026-03-18 18:15:09] [INFO] rf-detr - Loading pretrain weights
ULM RECEIVED LOG = []
[2026-03-18 18:15:12] [INFO] rf-detr - Loading pretrain weights
ULM RECEIVED LOG = []
[2026-03-18 18:15:30] [INFO] rf-detr - Loading pretrain weights
ULM RECEIVED LOG = []
[2026-03-18 18:15:30] [INFO] rf-detr - Loading pretrain weights
ULM RECEIVED LOG = []
[2026-03-18 18:15:38] [INFO] rf-detr - Loading pretrain weights
ULM RECEIVED LOG = []
[2026-03-18 18:15:40] [INFO] rf-detr - Loading pretrain weights
ULM RECEIVED LOG = []
[2026-03-18 18:16:01] [INFO] rf-detr - Loading pretrain weights
ULM RECEIVED LOG = []
[2026-03-18 18:16:02] [INFO] rf-detr - Loading pretrain weights
ULM RECEIVED LOG = []
[2026-03-18 18:16:10] [INFO] rf-detr - Loading pretrain weights
ULM RECEIVED LOG = []
[2026-03-18 18:16:11] [INFO] rf-detr - Loading pretrain weights
ULM RECEIVED LOG = []
[2026-03-18 18:16:30] [INFO] rf-detr - Loading pretrain weights
ULM RECEIVED LOG = []
[2026-03-18 18:16:32] [INFO] rf-detr - Loading pretrain weights
ULM RECEIVED LOG = []
[2026-03-18 18:16:43] [INFO] rf-detr - Loading pretrain weights
ULM RECEIVED LOG = []
[2026-03-18 18:16:43] [INFO] rf-detr - Loading pretrain weights
ULM RECEIVED LOG = []
[2026-03-18 18:16:59] [INFO] rf-detr - Loading pretrain weights
ULM RECEIVED LOG = []
[2026-03-18 18:17:01] [INFO] rf-detr - Loading pretrain weights
ULM RECEIVED LOG = []
[2026-03-18 18:17:13] [INFO] rf-detr - Loading pretrain weights
ULM RECEIVED LOG = []
[2026-03-18 18:17:13] [INFO] rf-detr - Loading pretrain weights
ULM RECEIVED LOG = []
[2026-03-18 18:17:29] [INFO] rf-detr - Loading pretrain weights
ULM RECEIVED LOG = []
[2026-03-18 18:17:31] [INFO] rf-detr - Loading pretrain weights
ULM RECEIVED LOG = []
[2026-03-18 18:17:44] [INFO] rf-detr - Loading pretrain weights
ULM RECEIVED LOG = []
[2026-03-18 18:17:44] [INFO] rf-detr - Loading pretrain weights
ULM RECEIVED LOG = []
[2026-03-18 18:17:58] [INFO] rf-detr - Loading pretrain weights
ULM RECEIVED LOG = []
[2026-03-18 18:18:00] [INFO] rf-detr - Loading pretrain weights
ULM RECEIVED LOG = []
[2026-03-18 18:18:16] [INFO] rf-detr - Loading pretrain weights
ULM RECEIVED LOG = []
[2026-03-18 18:18:16] [INFO] rf-detr - Loading pretrain weights
ULM RECEIVED LOG = []
[2026-03-18 18:18:27] [INFO] rf-detr - Loading pretrain weights
ULM RECEIVED LOG = []
[2026-03-18 18:18:28] [INFO] rf-detr - Loading pretrain weights
ULM RECEIVED LOG = []
[2026-03-18 18:18:45] [INFO] rf-detr - Loading pretrain weights
ULM RECEIVED LOG = []
[2026-03-18 18:18:46] [INFO] rf-detr - Loading pretrain weights
ULM RECEIVED LOG = []
[2026-03-18 18:18:58] [INFO] rf-detr - Loading pretrain weights
ULM RECEIVED LOG = []
[2026-03-18 18:18:58] [INFO] rf-detr - Loading pretrain weights
ULM RECEIVED LOG = []
[2026-03-18 18:19:15] [INFO] rf-detr - Loading pretrain weights
ULM RECEIVED LOG = []
[2026-03-18 18:19:16] [INFO] rf-detr - Loading pretrain weights
ULM RECEIVED LOG = []
[2026-03-18 18:19:28] [INFO] rf-detr - Loading pretrain weights
ULM RECEIVED LOG = []
[2026-03-18 18:19:28] [INFO] rf-detr - Loading pretrain weights
ULM RECEIVED LOG = []
[2026-03-18 18:19:46] [INFO] rf-detr - Loading pretrain weights
ULM RECEIVED LOG = []
[2026-03-18 18:19:47] [INFO] rf-detr - Loading pretrain weights
ULM RECEIVED LOG = []
[2026-03-18 18:19:58] [INFO] rf-detr - Loading pretrain weights
ULM RECEIVED LOG = []
[2026-03-18 18:19:58] [INFO] rf-detr - Loading pretrain weights
ULM RECEIVED LOG = []
[2026-03-18 18:20:16] [INFO] rf-detr - Loading pretrain weights
ULM RECEIVED LOG = []
[2026-03-18 18:20:16] [INFO] rf-detr - Loading pretrain weights
ULM RECEIVED LOG = []
[2026-03-18 18:20:29] [INFO] rf-detr - Loading pretrain weights
ULM RECEIVED LOG = []
[2026-03-18 18:20:30] [INFO] rf-detr - Loading pretrain weights
ULM RECEIVED LOG = []
[2026-03-18 18:20:45] [INFO] rf-detr - Loading pretrain weights
ULM RECEIVED LOG = []
[2026-03-18 18:20:46] [INFO] rf-detr - Loading pretrain weights
ULM RECEIVED LOG = []
[2026-03-18 18:21:01] [INFO] rf-detr - Loading pretrain weights
ULM RECEIVED LOG = []
[2026-03-18 18:21:01] [INFO] rf-detr - Loading pretrain weights
ULM RECEIVED LOG = []
[2026-03-18 18:21:14] [INFO] rf-detr - Loading pretrain weights
ULM RECEIVED LOG = []
[2026-03-18 18:21:16] [INFO] rf-detr - Loading pretrain weights
ULM RECEIVED LOG = []
[2026-03-18 18:21:31] [INFO] rf-detr - Loading pretrain weights
ULM RECEIVED LOG = []
[2026-03-18 18:21:32] [INFO] rf-detr - Loading pretrain weights
ULM RECEIVED LOG = []
[2026-03-18 18:21:43] [INFO] rf-detr - Loading pretrain weights
ULM RECEIVED LOG = []
[2026-03-18 18:21:44] [INFO] rf-detr - Loading pretrain weights
ULM RECEIVED LOG = []
[2026-03-18 18:22:01] [INFO] rf-detr - Loading pretrain weights
ULM RECEIVED LOG = []
[2026-03-18 18:22:02] [INFO] rf-detr - Loading pretrain weights
ULM RECEIVED LOG = []
[2026-03-18 18:22:13] [INFO] rf-detr - Loading pretrain weights
ULM RECEIVED LOG = []
[2026-03-18 18:22:14] [INFO] rf-detr - Loading pretrain weights
ULM RECEIVED LOG = []
[2026-03-18 18:22:31] [INFO] rf-detr - Loading pretrain weights
ULM RECEIVED LOG = []
[2026-03-18 18:22:32] [INFO] rf-detr - Loading pretrain weights
ULM RECEIVED LOG = []
[2026-03-18 18:22:43] [INFO] rf-detr - Loading pretrain weights
ULM RECEIVED LOG = []
[2026-03-18 18:22:44] [INFO] rf-detr - Loading pretrain weights
ULM RECEIVED LOG = []
[2026-03-18 18:23:01] [INFO] rf-detr - Loading pretrain weights
ULM RECEIVED LOG = []
[2026-03-18 18:23:02] [INFO] rf-detr - Loading pretrain weights
ULM RECEIVED LOG = []
[2026-03-18 18:23:14] [INFO] rf-detr - Loading pretrain weights
ULM RECEIVED LOG = []
[2026-03-18 18:23:14] [INFO] rf-detr - Loading pretrain weights
ULM RECEIVED LOG = []
[2026-03-18 18:23:30] [INFO] rf-detr - Loading pretrain weights
ULM RECEIVED LOG = []
[2026-03-18 18:23:31] [INFO] rf-detr - Loading pretrain weights
ULM RECEIVED LOG = []
[2026-03-18 18:23:44] [INFO] rf-detr - Loading pretrain weights
ULM RECEIVED LOG = []
[2026-03-18 18:23:44] [INFO] rf-detr - Loading pretrain weights
ULM RECEIVED LOG = []
[2026-03-18 18:23:59] [INFO] rf-detr - Loading pretrain weights
ULM RECEIVED LOG = []
[2026-03-18 18:24:01] [INFO] rf-detr - Loading pretrain weights
ULM RECEIVED LOG = []
[2026-03-18 18:24:16] [INFO] rf-detr - Loading pretrain weights
ULM RECEIVED LOG = []
[2026-03-18 18:24:16] [INFO] rf-detr - Loading pretrain weights
ULM RECEIVED LOG = []
[2026-03-18 18:24:28] [INFO] rf-detr - Loading pretrain weights
ULM RECEIVED LOG = []
[2026-03-18 18:24:30] [INFO] rf-detr - Loading pretrain weights
ULM RECEIVED LOG = []
[2026-03-18 18:24:47] [INFO] rf-detr - Loading pretrain weights
ULM RECEIVED LOG = []
[2026-03-18 18:24:48] [INFO] rf-detr - Loading pretrain weights
ULM RECEIVED LOG = []
[2026-03-18 18:24:58] [INFO] rf-detr - Loading pretrain weights
ULM RECEIVED LOG = []
[2026-03-18 18:24:59] [INFO] rf-detr - Loading pretrain weights
ULM RECEIVED LOG = []
[2026-03-18 18:25:19] [INFO] rf-detr - Loading pretrain weights
ULM RECEIVED LOG = []
[2026-03-18 18:25:19] [INFO] rf-detr - Loading pretrain weights
ULM RECEIVED LOG = []
[2026-03-18 18:25:28] [INFO] rf-detr - Loading pretrain weights
ULM RECEIVED LOG = []
[2026-03-18 18:25:29] [INFO] rf-detr - Loading pretrain weights
ULM RECEIVED LOG = []
[2026-03-18 18:25:50] [INFO] rf-detr - Loading pretrain weights
ULM RECEIVED LOG = []
[2026-03-18 18:25:50] [INFO] rf-detr - Loading pretrain weights
ULM RECEIVED LOG = []
[2026-03-18 18:25:59] [INFO] rf-detr - Loading pretrain weights
ULM RECEIVED LOG = []
[2026-03-18 18:26:01] [INFO] rf-detr - Loading pretrain weights
ULM RECEIVED LOG = []
[2026-03-18 18:26:22] [INFO] rf-detr - Loading pretrain weights
ULM RECEIVED LOG = []
[2026-03-18 18:26:23] [INFO] rf-detr - Loading pretrain weights
ULM RECEIVED LOG = []
[2026-03-18 18:26:31] [INFO] rf-detr - Loading pretrain weights
ULM RECEIVED LOG = []
[2026-03-18 18:26:33] [INFO] rf-detr - Loading pretrain weights
ULM RECEIVED LOG = []
[2026-03-18 18:26:52] [INFO] rf-detr - Loading pretrain weights
ULM RECEIVED LOG = []
[2026-03-18 18:26:54] [INFO] rf-detr - Loading pretrain weights
ULM RECEIVED LOG = []
[2026-03-18 18:27:04] [INFO] rf-detr - Loading pretrain weights
ULM RECEIVED LOG = []
[2026-03-18 18:27:06] [INFO] rf-detr - Loading pretrain weights
ULM RECEIVED LOG = []
[2026-03-18 18:27:20] [INFO] rf-detr - Loading pretrain weights
ULM RECEIVED LOG = []
[2026-03-18 18:27:24] [INFO] rf-detr - Loading pretrain weights
ULM RECEIVED LOG = []
[2026-03-18 18:27:35] [INFO] rf-detr - Loading pretrain weights
ULM RECEIVED LOG = []
[2026-03-18 18:27:37] [INFO] rf-detr - Loading pretrain weights
ULM RECEIVED LOG = []
[2026-03-18 18:27:49] [INFO] rf-detr - Loading pretrain weights
ULM RECEIVED LOG = []
[2026-03-18 18:27:55] [INFO] rf-detr - Loading pretrain weights
ULM RECEIVED LOG = []
[2026-03-18 18:28:07] [INFO] rf-detr - Loading pretrain weights
ULM RECEIVED LOG = []
[2026-03-18 18:28:09] [INFO] rf-detr - Loading pretrain weights
ULM RECEIVED LOG = []
[2026-03-18 18:28:20] [INFO] rf-detr - Loading pretrain weights
ULM RECEIVED LOG = []
[2026-03-18 18:28:26] [INFO] rf-detr - Loading pretrain weights
ULM RECEIVED LOG = []
[2026-03-18 18:28:38] [INFO] rf-detr - Loading pretrain weights
ULM RECEIVED LOG = []
[2026-03-18 18:28:42] [INFO] rf-detr - Loading pretrain weights
ULM RECEIVED LOG = []
[2026-03-18 18:28:52] [INFO] rf-detr - Loading pretrain weights
ULM RECEIVED LOG = []
[2026-03-18 18:28:55] [INFO] rf-detr - Loading pretrain weights
ULM RECEIVED LOG = []
[2026-03-18 18:29:10] [INFO] rf-detr - Loading pretrain weights
ULM RECEIVED LOG = []
[2026-03-18 18:29:14] [INFO] rf-detr - Loading pretrain weights
ULM RECEIVED LOG = []
[2026-03-18 18:29:24] [INFO] rf-detr - Loading pretrain weights
ULM RECEIVED LOG = []
[2026-03-18 18:29:26] [INFO] rf-detr - Loading pretrain weights
ULM RECEIVED LOG = []
[2026-03-18 18:29:40] [INFO] rf-detr - Loading pretrain weights
ULM RECEIVED LOG = []
[2026-03-18 18:29:48] [INFO] rf-detr - Loading pretrain weights
ULM RECEIVED LOG = []
[2026-03-18 18:29:57] [INFO] rf-detr - Loading pretrain weights
ULM RECEIVED LOG = []
[2026-03-18 18:29:59] [INFO] rf-detr - Loading pretrain weights
ULM RECEIVED LOG = []
[2026-03-18 18:30:09] [INFO] rf-detr - Loading pretrain weights
ULM RECEIVED LOG = []
[2026-03-18 18:30:20] [INFO] rf-detr - Loading pretrain weights
ULM RECEIVED LOG = []
[2026-03-18 18:30:29] [INFO] rf-detr - Loading pretrain weights
ULM RECEIVED LOG = []
[2026-03-18 18:30:31] [INFO] rf-detr - Loading pretrain weights
ULM RECEIVED LOG = []
[2026-03-18 18:30:41] [INFO] rf-detr - Loading pretrain weights
ULM RECEIVED LOG = []
[2026-03-18 18:30:50] [INFO] rf-detr - Loading pretrain weights
ULM RECEIVED LOG = []
[2026-03-18 18:31:01] [INFO] rf-detr - Loading pretrain weights
ULM RECEIVED LOG = []
[2026-03-18 18:31:04] [INFO] rf-detr - Loading pretrain weights
ULM RECEIVED LOG = []
[2026-03-18 18:31:13] [INFO] rf-detr - Loading pretrain weights
ULM RECEIVED LOG = []
[2026-03-18 18:31:18] [INFO] rf-detr - Loading pretrain weights
ULM RECEIVED LOG = []
[2026-03-18 18:31:32] [INFO] rf-detr - Loading pretrain weights
ULM RECEIVED LOG = []
[2026-03-18 18:31:36] [INFO] rf-detr - Loading pretrain weights
ULM RECEIVED LOG = []
[2026-03-18 18:31:45] [INFO] rf-detr - Loading pretrain weights
ULM RECEIVED LOG = []
[2026-03-18 18:31:49] [INFO] rf-detr - Loading pretrain weights
ULM RECEIVED LOG = []
[2026-03-18 18:32:01] [INFO] rf-detr - Loading pretrain weights
ULM RECEIVED LOG = []
[2026-03-18 18:32:04] [INFO] rf-detr - Loading pretrain weights
ULM RECEIVED LOG = []
[2026-03-18 18:32:16] [INFO] rf-detr - Loading pretrain weights
ULM RECEIVED LOG = []
[2026-03-18 18:32:20] [INFO] rf-detr - Loading pretrain weights
ULM RECEIVED LOG = []
[2026-03-18 18:32:30] [INFO] rf-detr - Loading pretrain weights
ULM RECEIVED LOG = []
[2026-03-18 18:32:32] [INFO] rf-detr - Loading pretrain weights
ULM RECEIVED LOG = []
[2026-03-18 18:32:45] [INFO] rf-detr - Loading pretrain weights
ULM RECEIVED LOG = []
[2026-03-18 18:32:51] [INFO] rf-detr - Loading pretrain weights
ULM RECEIVED LOG = []
[2026-03-18 18:33:01] [INFO] rf-detr - Loading pretrain weights
ULM RECEIVED LOG = []
[2026-03-18 18:33:02] [INFO] rf-detr - Loading pretrain weights
ULM RECEIVED LOG = []
[2026-03-18 18:33:13] [INFO] rf-detr - Loading pretrain weights
ULM RECEIVED LOG = []
[2026-03-18 18:33:19] [INFO] rf-detr - Loading pretrain weights
ULM RECEIVED LOG = []
[2026-03-18 18:33:31] [INFO] rf-detr - Loading pretrain weights
ULM RECEIVED LOG = []
[2026-03-18 18:33:33] [INFO] rf-detr - Loading pretrain weights
ULM RECEIVED LOG = []
[2026-03-18 18:33:43] [INFO] rf-detr - Loading pretrain weights
ULM RECEIVED LOG = []
[2026-03-18 18:33:49] [INFO] rf-detr - Loading pretrain weights
ULM RECEIVED LOG = []
[2026-03-18 18:34:01] [INFO] rf-detr - Loading pretrain weights
ULM RECEIVED LOG = []
[2026-03-18 18:34:03] [INFO] rf-detr - Loading pretrain weights
ULM RECEIVED LOG = []
[2026-03-18 18:34:12] [INFO] rf-detr - Loading pretrain weights
ULM RECEIVED LOG = []
[2026-03-18 18:34:20] [INFO] rf-detr - Loading pretrain weights
ULM RECEIVED LOG = []
[2026-03-18 18:34:31] [INFO] rf-detr - Loading pretrain weights
ULM RECEIVED LOG = []
[2026-03-18 18:34:33] [INFO] rf-detr - Loading pretrain weights
ULM RECEIVED LOG = []
[2026-03-18 18:34:43] [INFO] rf-detr - Loading pretrain weights
ULM RECEIVED LOG = []
[2026-03-18 18:34:51] [INFO] rf-detr - Loading pretrain weights
ULM RECEIVED LOG = []
[2026-03-18 18:35:03] [INFO] rf-detr - Loading pretrain weights
ULM RECEIVED LOG = []
[2026-03-18 18:35:04] [INFO] rf-detr - Loading pretrain weights
ULM RECEIVED LOG = []
[2026-03-18 18:35:14] [INFO] rf-detr - Loading pretrain weights
ULM RECEIVED LOG = []
[2026-03-18 18:35:18] [INFO] rf-detr - Loading pretrain weights
ULM RECEIVED LOG = []
[2026-03-18 18:35:33] [INFO] rf-detr - Loading pretrain weights
ULM RECEIVED LOG = []
[2026-03-18 18:35:36] [INFO] rf-detr - Loading pretrain weights
ULM RECEIVED LOG = []
[2026-03-18 18:35:45] [INFO] rf-detr - Loading pretrain weights
ULM RECEIVED LOG = []
[2026-03-18 18:35:48] [INFO] rf-detr - Loading pretrain weights
ULM RECEIVED LOG = []
[2026-03-18 18:36:03] [INFO] rf-detr - Loading pretrain weights
ULM RECEIVED LOG = []
[2026-03-18 18:36:07] [INFO] rf-detr - Loading pretrain weights
ULM RECEIVED LOG = []
[2026-03-18 18:36:18] [INFO] rf-detr - Loading pretrain weights
ULM RECEIVED LOG = []
[2026-03-18 18:36:20] [INFO] rf-detr - Loading pretrain weights
ULM RECEIVED LOG = []
[2026-03-18 18:36:32] [INFO] rf-detr - Loading pretrain weights
ULM RECEIVED LOG = []
[2026-03-18 18:36:37] [INFO] rf-detr - Loading pretrain weights
ULM RECEIVED LOG = []
[2026-03-18 18:36:51] [INFO] rf-detr - Loading pretrain weights
ULM RECEIVED LOG = []
[2026-03-18 18:36:52] [INFO] rf-detr - Loading pretrain weights
ULM RECEIVED LOG = []
[2026-03-18 18:37:04] [INFO] rf-detr - Loading pretrain weights
ULM RECEIVED LOG = []
[2026-03-18 18:37:08] [INFO] rf-detr - Loading pretrain weights
ULM RECEIVED LOG = []
[2026-03-18 18:37:22] [INFO] rf-detr - Loading pretrain weights
ULM RECEIVED LOG = []
[2026-03-18 18:37:24] [INFO] rf-detr - Loading pretrain weights
ULM RECEIVED LOG = []
[2026-03-18 18:37:35] [INFO] rf-detr - Loading pretrain weights
ULM RECEIVED LOG = []
[2026-03-18 18:37:38] [INFO] rf-detr - Loading pretrain weights
ULM RECEIVED LOG = []
[2026-03-18 18:37:53] [INFO] rf-detr - Loading pretrain weights
ULM RECEIVED LOG = []
[2026-03-18 18:37:56] [INFO] rf-detr - Loading pretrain weights
ULM RECEIVED LOG = []
[2026-03-18 18:38:08] [INFO] rf-detr - Loading pretrain weights
ULM RECEIVED LOG = []
[2026-03-18 18:38:09] [INFO] rf-detr - Loading pretrain weights
ULM RECEIVED LOG = []
[2026-03-18 18:38:25] [INFO] rf-detr - Loading pretrain weights
ULM RECEIVED LOG = []
[2026-03-18 18:38:28] [INFO] rf-detr - Loading pretrain weights
ULM RECEIVED LOG = []
[2026-03-18 18:38:40] [INFO] rf-detr - Loading pretrain weights
ULM RECEIVED LOG = []
[2026-03-18 18:38:41] [INFO] rf-detr - Loading pretrain weights
ULM RECEIVED LOG = []
[2026-03-18 18:38:56] [INFO] rf-detr - Loading pretrain weights
ULM RECEIVED LOG = []
[2026-03-18 18:38:59] [INFO] rf-detr - Loading pretrain weights
ULM RECEIVED LOG = []
[2026-03-18 18:39:12] [INFO] rf-detr - Loading pretrain weights
ULM RECEIVED LOG = []
[2026-03-18 18:39:12] [INFO] rf-detr - Loading pretrain weights
ULM RECEIVED LOG = []
[2026-03-18 18:39:25] [INFO] rf-detr - Loading pretrain weights
ULM RECEIVED LOG = []
[2026-03-18 18:39:28] [INFO] rf-detr - Loading pretrain weights
ULM RECEIVED LOG = []
[2026-03-18 18:39:41] [INFO] rf-detr - Loading pretrain weights
ULM RECEIVED LOG = []
[2026-03-18 18:39:43] [INFO] rf-detr - Loading pretrain weights
ULM RECEIVED LOG = []
[2026-03-18 18:39:55] [INFO] rf-detr - Loading pretrain weights
ULM RECEIVED LOG = []
[2026-03-18 18:39:58] [INFO] rf-detr - Loading pretrain weights
ULM RECEIVED LOG = []
[2026-03-18 18:40:12] [INFO] rf-detr - Loading pretrain weights
ULM RECEIVED LOG = []
[2026-03-18 18:40:15] [INFO] rf-detr - Loading pretrain weights
ULM RECEIVED LOG = []
[2026-03-18 18:40:28] [INFO] rf-detr - Loading pretrain weights
ULM RECEIVED LOG = []
[2026-03-18 18:40:29] [INFO] rf-detr - Loading pretrain weights
ULM RECEIVED LOG = []
[2026-03-18 18:40:43] [INFO] rf-detr - Loading pretrain weights
ULM RECEIVED LOG = []
[2026-03-18 18:40:46] [INFO] rf-detr - Loading pretrain weights
ULM RECEIVED LOG = []
[2026-03-18 18:40:59] [INFO] rf-detr - Loading pretrain weights
ULM RECEIVED LOG = []
[2026-03-18 18:41:00] [INFO] rf-detr - Loading pretrain weights
ULM RECEIVED LOG = []
[2026-03-18 18:41:16] [INFO] rf-detr - Loading pretrain weights
ULM RECEIVED LOG = []
[2026-03-18 18:41:18] [INFO] rf-detr - Loading pretrain weights
ULM RECEIVED LOG = []
[2026-03-18 18:41:30] [INFO] rf-detr - Loading pretrain weights
ULM RECEIVED LOG = []
[2026-03-18 18:41:32] [INFO] rf-detr - Loading pretrain weights
ULM RECEIVED LOG = []
[2026-03-18 18:41:46] [INFO] rf-detr - Loading pretrain weights
ULM RECEIVED LOG = []
[2026-03-18 18:41:50] [INFO] rf-detr - Loading pretrain weights
ULM RECEIVED LOG = []
[2026-03-18 18:42:03] [INFO] rf-detr - Loading pretrain weights
ULM RECEIVED LOG = []
[2026-03-18 18:42:04] [INFO] rf-detr - Loading pretrain weights
ULM RECEIVED LOG = []
[2026-03-18 18:42:15] [INFO] rf-detr - Loading pretrain weights
ULM RECEIVED LOG = []
[2026-03-18 18:42:19] [INFO] rf-detr - Loading pretrain weights
ULM RECEIVED LOG = []
[2026-03-18 18:42:35] [INFO] rf-detr - Loading pretrain weights
ULM RECEIVED LOG = []
[2026-03-18 18:42:37] [INFO] rf-detr - Loading pretrain weights
ULM RECEIVED LOG = []
[2026-03-18 18:42:47] [INFO] rf-detr - Loading pretrain weights
ULM RECEIVED LOG = []
[2026-03-18 18:42:49] [INFO] rf-detr - Loading pretrain weights
ULM RECEIVED LOG = []
[2026-03-18 18:43:03] [INFO] rf-detr - Loading pretrain weights
ULM RECEIVED LOG = []
[2026-03-18 18:43:07] [INFO] rf-detr - Loading pretrain weights
ULM RECEIVED LOG = []
[2026-03-18 18:43:19] [INFO] rf-detr - Loading pretrain weights
ULM RECEIVED LOG = []
[2026-03-18 18:43:21] [INFO] rf-detr - Loading pretrain weights
ULM RECEIVED LOG = []
[2026-03-18 18:43:35] [INFO] rf-detr - Loading pretrain weights
ULM RECEIVED LOG = []
[2026-03-18 18:43:38] [INFO] rf-detr - Loading pretrain weights
ULM RECEIVED LOG = []
[2026-03-18 18:43:50] [INFO] rf-detr - Loading pretrain weights
ULM RECEIVED LOG = []
[2026-03-18 18:43:53] [INFO] rf-detr - Loading pretrain weights
ULM RECEIVED LOG = []
[2026-03-18 18:44:06] [INFO] rf-detr - Loading pretrain weights
ULM RECEIVED LOG = []
[2026-03-18 18:44:09] [INFO] rf-detr - Loading pretrain weights
ULM RECEIVED LOG = []
[2026-03-18 18:44:21] [INFO] rf-detr - Loading pretrain weights
ULM RECEIVED LOG = []
[2026-03-18 18:44:24] [INFO] rf-detr - Loading pretrain weights
ULM RECEIVED LOG = []
[2026-03-18 18:44:39] [INFO] rf-detr - Loading pretrain weights
ULM RECEIVED LOG = []
[2026-03-18 18:44:41] [INFO] rf-detr - Loading pretrain weights
ULM RECEIVED LOG = []
[2026-03-18 18:44:53] [INFO] rf-detr - Loading pretrain weights
ULM RECEIVED LOG = []
[2026-03-18 18:44:55] [INFO] rf-detr - Loading pretrain weights
ULM RECEIVED LOG = []
[2026-03-18 18:45:07] [INFO] rf-detr - Loading pretrain weights
ULM RECEIVED LOG = []
[2026-03-18 18:45:09] [INFO] rf-detr - Loading pretrain weights
ULM RECEIVED LOG = []
[2026-03-18 18:45:25] [INFO] rf-detr - Loading pretrain weights
ULM RECEIVED LOG = []
[2026-03-18 18:45:27] [INFO] rf-detr - Loading pretrain weights
ULM RECEIVED LOG = []
[2026-03-18 18:45:39] [INFO] rf-detr - Loading pretrain weights
ULM RECEIVED LOG = []
[2026-03-18 18:45:41] [INFO] rf-detr - Loading pretrain weights
ULM RECEIVED LOG = []
[2026-03-18 18:45:55] [INFO] rf-detr - Loading pretrain weights
ULM RECEIVED LOG = []
[2026-03-18 18:46:00] [INFO] rf-detr - Loading pretrain weights
ULM RECEIVED LOG = []
[2026-03-18 18:46:12] [INFO] rf-detr - Loading pretrain weights
ULM RECEIVED LOG = []
[2026-03-18 18:46:14] [INFO] rf-detr - Loading pretrain weights
ULM RECEIVED LOG = []
[2026-03-18 18:46:26] [INFO] rf-detr - Loading pretrain weights
ULM RECEIVED LOG = []
[2026-03-18 18:46:32] [INFO] rf-detr - Loading pretrain weights
ULM RECEIVED LOG = []
[2026-03-18 18:46:44] [INFO] rf-detr - Loading pretrain weights
ULM RECEIVED LOG = []
[2026-03-18 18:46:46] [INFO] rf-detr - Loading pretrain weights
ULM RECEIVED LOG = []
[2026-03-18 18:46:55] [INFO] rf-detr - Loading pretrain weights
ULM RECEIVED LOG = []
[2026-03-18 18:47:00] [INFO] rf-detr - Loading pretrain weights
ULM RECEIVED LOG = []
[2026-03-18 18:47:16] [INFO] rf-detr - Loading pretrain weights
ULM RECEIVED LOG = []
[2026-03-18 18:47:18] [INFO] rf-detr - Loading pretrain weights
ULM RECEIVED LOG = []
[2026-03-18 18:47:27] [INFO] rf-detr - Loading pretrain weights
ULM RECEIVED LOG = []
[2026-03-18 18:47:29] [INFO] rf-detr - Loading pretrain weights
ULM RECEIVED LOG = []
[2026-03-18 18:47:47] [INFO] rf-detr - Loading pretrain weights
ULM RECEIVED LOG = []
[2026-03-18 18:47:50] [INFO] rf-detr - Loading pretrain weights
ULM RECEIVED LOG = []
[2026-03-18 18:47:59] [INFO] rf-detr - Loading pretrain weights
ULM RECEIVED LOG = []
[2026-03-18 18:48:01] [INFO] rf-detr - Loading pretrain weights
ULM RECEIVED LOG = []
[2026-03-18 18:48:17] [INFO] rf-detr - Loading pretrain weights
ULM RECEIVED LOG = []
[2026-03-18 18:48:25] [INFO] rf-detr - Loading pretrain weights
ULM RECEIVED LOG = []
[2026-03-18 18:48:33] [INFO] rf-detr - Loading pretrain weights
ULM RECEIVED LOG = []
[2026-03-18 18:48:34] [INFO] rf-detr - Loading pretrain weights
ULM RECEIVED LOG = []
[2026-03-18 18:48:46] [INFO] rf-detr - Loading pretrain weights
ULM RECEIVED LOG = []
[2026-03-18 18:48:57] [INFO] rf-detr - Loading pretrain weights
ULM RECEIVED LOG = []
[2026-03-18 18:49:04] [INFO] rf-detr - Loading pretrain weights
ULM RECEIVED LOG = []
[2026-03-18 18:49:06] [INFO] rf-detr - Loading pretrain weights
ULM RECEIVED LOG = []
[2026-03-18 18:49:17] [INFO] rf-detr - Loading pretrain weights
ULM RECEIVED LOG = []
[2026-03-18 18:49:28] [INFO] rf-detr - Loading pretrain weights
ULM RECEIVED LOG = []
[2026-03-18 18:49:38] [INFO] rf-detr - Loading pretrain weights
ULM RECEIVED LOG = []
[2026-03-18 18:49:40] [INFO] rf-detr - Loading pretrain weights
ULM RECEIVED LOG = []
[2026-03-18 18:49:49] [INFO] rf-detr - Loading pretrain weights
ULM RECEIVED LOG = []
[2026-03-18 18:49:58] [INFO] rf-detr - Loading pretrain weights
ULM RECEIVED LOG = []
[2026-03-18 18:50:10] [INFO] rf-detr - Loading pretrain weights
ULM RECEIVED LOG = []
[2026-03-18 18:50:12] [INFO] rf-detr - Loading pretrain weights
[1mULM rendering export[0m
[1m400 track files found.[0m
[1mSuper-resolution matrix size [407 590 640] pitch 0.015 (low res (68, 65, 70), pitch 0.004)[0m
[1mSaving outputs matrix[0m
[34m[1mSaving dict_keys(['density', 'pitch', 'res', 'origin']) in /projects/ecptr/results/rfdetr/config_13/volume/density[0m
[34m[1mSaving dict_keys(['directivity', 'pitch', 'res', 'origin', 'z_dim']) in /projects/ecptr/results/rfdetr/config_13/volume/directivity[0m
[34m[1mSaving dict_keys(['velocity', 'pitch', 'res', 'origin']) in /projects/ecptr/results/rfdetr/config_13/volume/velocity[0m
[34m[1mSaving dict_keys(['saturation_curve', 'res', 'pitch']) in /projects/ecptr/results/rfdetr/config_13/volume/saturation_curve[0m
[32m[1mRendering succefully ended.[0m
[32m[1mProcessing successfully ended, saved at /projects/ecptr/results/rfdetr/config_13[0m
